CRITICAL - 2023-09-05 17:56:09 --> Use of undefined constant RESOURCE_NOT_FOUND - assumed 'RESOURCE_NOT_FOUND' (this will throw an Error in a future version of PHP)
in APPPATH/Controllers/Api/V1/UserController.php on line 52.
 1 APPPATH/Controllers/Api/V1/UserController.php(52): CodeIgniter\Debug\Exceptions->errorHandler()
 2 SYSTEMPATH/CodeIgniter.php(934): App\Controllers\Api\V1\UserController->show()
 3 SYSTEMPATH/CodeIgniter.php(499): CodeIgniter\CodeIgniter->runController()
 4 SYSTEMPATH/CodeIgniter.php(368): CodeIgniter\CodeIgniter->handleRequest()
 5 FCPATH/index.php(81): CodeIgniter\CodeIgniter->run()
CRITICAL - 2023-09-05 17:56:11 --> Use of undefined constant RESOURCE_NOT_FOUND - assumed 'RESOURCE_NOT_FOUND' (this will throw an Error in a future version of PHP)
in APPPATH/Controllers/Api/V1/UserController.php on line 52.
 1 APPPATH/Controllers/Api/V1/UserController.php(52): CodeIgniter\Debug\Exceptions->errorHandler()
 2 SYSTEMPATH/CodeIgniter.php(934): App\Controllers\Api\V1\UserController->show()
 3 SYSTEMPATH/CodeIgniter.php(499): CodeIgniter\CodeIgniter->runController()
 4 SYSTEMPATH/CodeIgniter.php(368): CodeIgniter\CodeIgniter->handleRequest()
 5 FCPATH/index.php(81): CodeIgniter\CodeIgniter->run()
CRITICAL - 2023-09-05 23:50:27 --> Use of undefined constant RESOURCE_NOT_FOUND - assumed 'RESOURCE_NOT_FOUND' (this will throw an Error in a future version of PHP)
in APPPATH/Controllers/Api/V1/UserController.php on line 52.
 1 APPPATH/Controllers/Api/V1/UserController.php(52): CodeIgniter\Debug\Exceptions->errorHandler()
 2 SYSTEMPATH/CodeIgniter.php(934): App\Controllers\Api\V1\UserController->show()
 3 SYSTEMPATH/CodeIgniter.php(499): CodeIgniter\CodeIgniter->runController()
 4 SYSTEMPATH/CodeIgniter.php(368): CodeIgniter\CodeIgniter->handleRequest()
 5 FCPATH/index.php(81): CodeIgniter\CodeIgniter->run()
