CRITICAL - 2023-09-28 00:43:51 --> syntax error, unexpected ',', expecting ']'
in APPPATH/Controllers/Api/V1/DespachosController.php on line 177.
 1 SYSTEMPATH/Autoloader/Autoloader.php(289): CodeIgniter\Autoloader\Autoloader->includeFile()
 2 SYSTEMPATH/Autoloader/Autoloader.php(267): CodeIgniter\Autoloader\Autoloader->loadInNamespace()
 3 [internal function]: CodeIgniter\Autoloader\Autoloader->loadClass()
 4 [internal function]: spl_autoload_call()
 5 SYSTEMPATH/CodeIgniter.php(892): class_exists()
 6 SYSTEMPATH/CodeIgniter.php(486): CodeIgniter\CodeIgniter->startController()
 7 SYSTEMPATH/CodeIgniter.php(368): CodeIgniter\CodeIgniter->handleRequest()
 8 FCPATH/index.php(85): CodeIgniter\CodeIgniter->run()
CRITICAL - 2023-09-28 00:44:24 --> Cannot use object of type stdClass as array
in APPPATH/Controllers/Api/V1/DespachosController.php on line 176.
 1 SYSTEMPATH/CodeIgniter.php(934): App\Controllers\Api\V1\DespachosController->update()
 2 SYSTEMPATH/CodeIgniter.php(499): CodeIgniter\CodeIgniter->runController()
 3 SYSTEMPATH/CodeIgniter.php(368): CodeIgniter\CodeIgniter->handleRequest()
 4 FCPATH/index.php(85): CodeIgniter\CodeIgniter->run()
CRITICAL - 2023-09-28 00:45:02 --> Cannot use object of type stdClass as array
in APPPATH/Controllers/Api/V1/DespachosController.php on line 173.
 1 SYSTEMPATH/CodeIgniter.php(934): App\Controllers\Api\V1\DespachosController->update()
 2 SYSTEMPATH/CodeIgniter.php(499): CodeIgniter\CodeIgniter->runController()
 3 SYSTEMPATH/CodeIgniter.php(368): CodeIgniter\CodeIgniter->handleRequest()
 4 FCPATH/index.php(85): CodeIgniter\CodeIgniter->run()
CRITICAL - 2023-09-28 00:45:52 --> Cannot use object of type stdClass as array
in APPPATH/Controllers/Api/V1/DespachosController.php on line 178.
 1 SYSTEMPATH/CodeIgniter.php(934): App\Controllers\Api\V1\DespachosController->update()
 2 SYSTEMPATH/CodeIgniter.php(499): CodeIgniter\CodeIgniter->runController()
 3 SYSTEMPATH/CodeIgniter.php(368): CodeIgniter\CodeIgniter->handleRequest()
 4 FCPATH/index.php(85): CodeIgniter\CodeIgniter->run()
CRITICAL - 2023-09-28 01:24:51 --> Class 'App\Controllers\Api\V1\Clientes' not found
in APPPATH/Controllers/Api/V1/ClientesController.php on line 166.
 1 SYSTEMPATH/CodeIgniter.php(934): App\Controllers\Api\V1\ClientesController->delete()
 2 SYSTEMPATH/CodeIgniter.php(499): CodeIgniter\CodeIgniter->runController()
 3 SYSTEMPATH/CodeIgniter.php(368): CodeIgniter\CodeIgniter->handleRequest()
 4 FCPATH/index.php(85): CodeIgniter\CodeIgniter->run()
CRITICAL - 2023-09-28 01:25:00 --> Class 'App\Controllers\Api\V1\Clientes' not found
in APPPATH/Controllers/Api/V1/ClientesController.php on line 166.
 1 SYSTEMPATH/CodeIgniter.php(934): App\Controllers\Api\V1\ClientesController->delete()
 2 SYSTEMPATH/CodeIgniter.php(499): CodeIgniter\CodeIgniter->runController()
 3 SYSTEMPATH/CodeIgniter.php(368): CodeIgniter\CodeIgniter->handleRequest()
 4 FCPATH/index.php(85): CodeIgniter\CodeIgniter->run()
CRITICAL - 2023-09-28 01:25:16 --> Class 'App\Controllers\Api\V1\Clientes' not found
in APPPATH/Controllers/Api/V1/ClientesController.php on line 166.
 1 SYSTEMPATH/CodeIgniter.php(934): App\Controllers\Api\V1\ClientesController->delete()
 2 SYSTEMPATH/CodeIgniter.php(499): CodeIgniter\CodeIgniter->runController()
 3 SYSTEMPATH/CodeIgniter.php(368): CodeIgniter\CodeIgniter->handleRequest()
 4 FCPATH/index.php(85): CodeIgniter\CodeIgniter->run()
CRITICAL - 2023-09-28 01:27:02 --> Class 'App\Controllers\Api\V1\Clientes' not found
in APPPATH/Controllers/Api/V1/ClientesController.php on line 166.
 1 SYSTEMPATH/CodeIgniter.php(934): App\Controllers\Api\V1\ClientesController->delete()
 2 SYSTEMPATH/CodeIgniter.php(499): CodeIgniter\CodeIgniter->runController()
 3 SYSTEMPATH/CodeIgniter.php(368): CodeIgniter\CodeIgniter->handleRequest()
 4 FCPATH/index.php(85): CodeIgniter\CodeIgniter->run()
CRITICAL - 2023-09-28 01:27:06 --> Class 'App\Controllers\Api\V1\Clientes' not found
in APPPATH/Controllers/Api/V1/ClientesController.php on line 166.
 1 SYSTEMPATH/CodeIgniter.php(934): App\Controllers\Api\V1\ClientesController->delete()
 2 SYSTEMPATH/CodeIgniter.php(499): CodeIgniter\CodeIgniter->runController()
 3 SYSTEMPATH/CodeIgniter.php(368): CodeIgniter\CodeIgniter->handleRequest()
 4 FCPATH/index.php(85): CodeIgniter\CodeIgniter->run()
CRITICAL - 2023-09-28 01:27:12 --> Class 'App\Controllers\Api\V1\Clientes' not found
in APPPATH/Controllers/Api/V1/ClientesController.php on line 166.
 1 SYSTEMPATH/CodeIgniter.php(934): App\Controllers\Api\V1\ClientesController->delete()
 2 SYSTEMPATH/CodeIgniter.php(499): CodeIgniter\CodeIgniter->runController()
 3 SYSTEMPATH/CodeIgniter.php(368): CodeIgniter\CodeIgniter->handleRequest()
 4 FCPATH/index.php(85): CodeIgniter\CodeIgniter->run()
CRITICAL - 2023-09-28 01:27:16 --> Class 'App\Controllers\Api\V1\Clientes' not found
in APPPATH/Controllers/Api/V1/ClientesController.php on line 166.
 1 SYSTEMPATH/CodeIgniter.php(934): App\Controllers\Api\V1\ClientesController->delete()
 2 SYSTEMPATH/CodeIgniter.php(499): CodeIgniter\CodeIgniter->runController()
 3 SYSTEMPATH/CodeIgniter.php(368): CodeIgniter\CodeIgniter->handleRequest()
 4 FCPATH/index.php(85): CodeIgniter\CodeIgniter->run()
CRITICAL - 2023-09-28 01:27:17 --> Class 'App\Controllers\Api\V1\Clientes' not found
in APPPATH/Controllers/Api/V1/ClientesController.php on line 166.
 1 SYSTEMPATH/CodeIgniter.php(934): App\Controllers\Api\V1\ClientesController->delete()
 2 SYSTEMPATH/CodeIgniter.php(499): CodeIgniter\CodeIgniter->runController()
 3 SYSTEMPATH/CodeIgniter.php(368): CodeIgniter\CodeIgniter->handleRequest()
 4 FCPATH/index.php(85): CodeIgniter\CodeIgniter->run()
CRITICAL - 2023-09-28 01:27:18 --> Class 'App\Controllers\Api\V1\Clientes' not found
in APPPATH/Controllers/Api/V1/ClientesController.php on line 166.
 1 SYSTEMPATH/CodeIgniter.php(934): App\Controllers\Api\V1\ClientesController->delete()
 2 SYSTEMPATH/CodeIgniter.php(499): CodeIgniter\CodeIgniter->runController()
 3 SYSTEMPATH/CodeIgniter.php(368): CodeIgniter\CodeIgniter->handleRequest()
 4 FCPATH/index.php(85): CodeIgniter\CodeIgniter->run()
CRITICAL - 2023-09-28 01:27:18 --> Class 'App\Controllers\Api\V1\Clientes' not found
in APPPATH/Controllers/Api/V1/ClientesController.php on line 166.
 1 SYSTEMPATH/CodeIgniter.php(934): App\Controllers\Api\V1\ClientesController->delete()
 2 SYSTEMPATH/CodeIgniter.php(499): CodeIgniter\CodeIgniter->runController()
 3 SYSTEMPATH/CodeIgniter.php(368): CodeIgniter\CodeIgniter->handleRequest()
 4 FCPATH/index.php(85): CodeIgniter\CodeIgniter->run()
CRITICAL - 2023-09-28 01:27:19 --> Class 'App\Controllers\Api\V1\Clientes' not found
in APPPATH/Controllers/Api/V1/ClientesController.php on line 166.
 1 SYSTEMPATH/CodeIgniter.php(934): App\Controllers\Api\V1\ClientesController->delete()
 2 SYSTEMPATH/CodeIgniter.php(499): CodeIgniter\CodeIgniter->runController()
 3 SYSTEMPATH/CodeIgniter.php(368): CodeIgniter\CodeIgniter->handleRequest()
 4 FCPATH/index.php(85): CodeIgniter\CodeIgniter->run()
CRITICAL - 2023-09-28 01:27:20 --> Class 'App\Controllers\Api\V1\Clientes' not found
in APPPATH/Controllers/Api/V1/ClientesController.php on line 166.
 1 SYSTEMPATH/CodeIgniter.php(934): App\Controllers\Api\V1\ClientesController->delete()
 2 SYSTEMPATH/CodeIgniter.php(499): CodeIgniter\CodeIgniter->runController()
 3 SYSTEMPATH/CodeIgniter.php(368): CodeIgniter\CodeIgniter->handleRequest()
 4 FCPATH/index.php(85): CodeIgniter\CodeIgniter->run()
CRITICAL - 2023-09-28 01:27:21 --> Class 'App\Controllers\Api\V1\Clientes' not found
in APPPATH/Controllers/Api/V1/ClientesController.php on line 166.
 1 SYSTEMPATH/CodeIgniter.php(934): App\Controllers\Api\V1\ClientesController->delete()
 2 SYSTEMPATH/CodeIgniter.php(499): CodeIgniter\CodeIgniter->runController()
 3 SYSTEMPATH/CodeIgniter.php(368): CodeIgniter\CodeIgniter->handleRequest()
 4 FCPATH/index.php(85): CodeIgniter\CodeIgniter->run()
CRITICAL - 2023-09-28 01:27:22 --> Class 'App\Controllers\Api\V1\Clientes' not found
in APPPATH/Controllers/Api/V1/ClientesController.php on line 166.
 1 SYSTEMPATH/CodeIgniter.php(934): App\Controllers\Api\V1\ClientesController->delete()
 2 SYSTEMPATH/CodeIgniter.php(499): CodeIgniter\CodeIgniter->runController()
 3 SYSTEMPATH/CodeIgniter.php(368): CodeIgniter\CodeIgniter->handleRequest()
 4 FCPATH/index.php(85): CodeIgniter\CodeIgniter->run()
CRITICAL - 2023-09-28 01:27:23 --> Class 'App\Controllers\Api\V1\Clientes' not found
in APPPATH/Controllers/Api/V1/ClientesController.php on line 166.
 1 SYSTEMPATH/CodeIgniter.php(934): App\Controllers\Api\V1\ClientesController->delete()
 2 SYSTEMPATH/CodeIgniter.php(499): CodeIgniter\CodeIgniter->runController()
 3 SYSTEMPATH/CodeIgniter.php(368): CodeIgniter\CodeIgniter->handleRequest()
 4 FCPATH/index.php(85): CodeIgniter\CodeIgniter->run()
CRITICAL - 2023-09-28 01:27:24 --> Class 'App\Controllers\Api\V1\Clientes' not found
in APPPATH/Controllers/Api/V1/ClientesController.php on line 166.
 1 SYSTEMPATH/CodeIgniter.php(934): App\Controllers\Api\V1\ClientesController->delete()
 2 SYSTEMPATH/CodeIgniter.php(499): CodeIgniter\CodeIgniter->runController()
 3 SYSTEMPATH/CodeIgniter.php(368): CodeIgniter\CodeIgniter->handleRequest()
 4 FCPATH/index.php(85): CodeIgniter\CodeIgniter->run()
CRITICAL - 2023-09-28 01:28:14 --> Class 'App\Controllers\Api\V1\Clientes' not found
in APPPATH/Controllers/Api/V1/ClientesController.php on line 166.
 1 SYSTEMPATH/CodeIgniter.php(934): App\Controllers\Api\V1\ClientesController->delete()
 2 SYSTEMPATH/CodeIgniter.php(499): CodeIgniter\CodeIgniter->runController()
 3 SYSTEMPATH/CodeIgniter.php(368): CodeIgniter\CodeIgniter->handleRequest()
 4 FCPATH/index.php(85): CodeIgniter\CodeIgniter->run()
CRITICAL - 2023-09-28 01:28:41 --> Class 'App\Controllers\Api\V1\Clientes' not found
in APPPATH/Controllers/Api/V1/ClientesController.php on line 166.
 1 SYSTEMPATH/CodeIgniter.php(934): App\Controllers\Api\V1\ClientesController->delete()
 2 SYSTEMPATH/CodeIgniter.php(499): CodeIgniter\CodeIgniter->runController()
 3 SYSTEMPATH/CodeIgniter.php(368): CodeIgniter\CodeIgniter->handleRequest()
 4 FCPATH/index.php(85): CodeIgniter\CodeIgniter->run()
CRITICAL - 2023-09-28 01:31:42 --> Class 'App\Controllers\Api\V1\Clientes' not found
in APPPATH/Controllers/Api/V1/ClientesController.php on line 166.
 1 SYSTEMPATH/CodeIgniter.php(934): App\Controllers\Api\V1\ClientesController->delete()
 2 SYSTEMPATH/CodeIgniter.php(499): CodeIgniter\CodeIgniter->runController()
 3 SYSTEMPATH/CodeIgniter.php(368): CodeIgniter\CodeIgniter->handleRequest()
 4 FCPATH/index.php(85): CodeIgniter\CodeIgniter->run()
CRITICAL - 2023-09-28 01:31:45 --> Class 'App\Controllers\Api\V1\Clientes' not found
in APPPATH/Controllers/Api/V1/ClientesController.php on line 166.
 1 SYSTEMPATH/CodeIgniter.php(934): App\Controllers\Api\V1\ClientesController->delete()
 2 SYSTEMPATH/CodeIgniter.php(499): CodeIgniter\CodeIgniter->runController()
 3 SYSTEMPATH/CodeIgniter.php(368): CodeIgniter\CodeIgniter->handleRequest()
 4 FCPATH/index.php(85): CodeIgniter\CodeIgniter->run()
CRITICAL - 2023-09-28 01:31:46 --> Class 'App\Controllers\Api\V1\Clientes' not found
in APPPATH/Controllers/Api/V1/ClientesController.php on line 166.
 1 SYSTEMPATH/CodeIgniter.php(934): App\Controllers\Api\V1\ClientesController->delete()
 2 SYSTEMPATH/CodeIgniter.php(499): CodeIgniter\CodeIgniter->runController()
 3 SYSTEMPATH/CodeIgniter.php(368): CodeIgniter\CodeIgniter->handleRequest()
 4 FCPATH/index.php(85): CodeIgniter\CodeIgniter->run()
CRITICAL - 2023-09-28 01:31:47 --> Class 'App\Controllers\Api\V1\Clientes' not found
in APPPATH/Controllers/Api/V1/ClientesController.php on line 166.
 1 SYSTEMPATH/CodeIgniter.php(934): App\Controllers\Api\V1\ClientesController->delete()
 2 SYSTEMPATH/CodeIgniter.php(499): CodeIgniter\CodeIgniter->runController()
 3 SYSTEMPATH/CodeIgniter.php(368): CodeIgniter\CodeIgniter->handleRequest()
 4 FCPATH/index.php(85): CodeIgniter\CodeIgniter->run()
CRITICAL - 2023-09-28 01:31:47 --> Class 'App\Controllers\Api\V1\Clientes' not found
in APPPATH/Controllers/Api/V1/ClientesController.php on line 166.
 1 SYSTEMPATH/CodeIgniter.php(934): App\Controllers\Api\V1\ClientesController->delete()
 2 SYSTEMPATH/CodeIgniter.php(499): CodeIgniter\CodeIgniter->runController()
 3 SYSTEMPATH/CodeIgniter.php(368): CodeIgniter\CodeIgniter->handleRequest()
 4 FCPATH/index.php(85): CodeIgniter\CodeIgniter->run()
CRITICAL - 2023-09-28 01:31:47 --> Class 'App\Controllers\Api\V1\Clientes' not found
in APPPATH/Controllers/Api/V1/ClientesController.php on line 166.
 1 SYSTEMPATH/CodeIgniter.php(934): App\Controllers\Api\V1\ClientesController->delete()
 2 SYSTEMPATH/CodeIgniter.php(499): CodeIgniter\CodeIgniter->runController()
 3 SYSTEMPATH/CodeIgniter.php(368): CodeIgniter\CodeIgniter->handleRequest()
 4 FCPATH/index.php(85): CodeIgniter\CodeIgniter->run()
CRITICAL - 2023-09-28 01:41:17 --> Class 'App\Controllers\Api\V1\Clientes' not found
in APPPATH/Controllers/Api/V1/ClientesController.php on line 166.
 1 SYSTEMPATH/CodeIgniter.php(934): App\Controllers\Api\V1\ClientesController->delete()
 2 SYSTEMPATH/CodeIgniter.php(499): CodeIgniter\CodeIgniter->runController()
 3 SYSTEMPATH/CodeIgniter.php(368): CodeIgniter\CodeIgniter->handleRequest()
 4 FCPATH/index.php(85): CodeIgniter\CodeIgniter->run()
CRITICAL - 2023-09-28 01:41:20 --> Class 'App\Controllers\Api\V1\Clientes' not found
in APPPATH/Controllers/Api/V1/ClientesController.php on line 166.
 1 SYSTEMPATH/CodeIgniter.php(934): App\Controllers\Api\V1\ClientesController->delete()
 2 SYSTEMPATH/CodeIgniter.php(499): CodeIgniter\CodeIgniter->runController()
 3 SYSTEMPATH/CodeIgniter.php(368): CodeIgniter\CodeIgniter->handleRequest()
 4 FCPATH/index.php(85): CodeIgniter\CodeIgniter->run()
CRITICAL - 2023-09-28 01:41:53 --> Class 'App\Controllers\Api\V1\Clientes' not found
in APPPATH/Controllers/Api/V1/ClientesController.php on line 166.
 1 SYSTEMPATH/CodeIgniter.php(934): App\Controllers\Api\V1\ClientesController->delete()
 2 SYSTEMPATH/CodeIgniter.php(499): CodeIgniter\CodeIgniter->runController()
 3 SYSTEMPATH/CodeIgniter.php(368): CodeIgniter\CodeIgniter->handleRequest()
 4 FCPATH/index.php(85): CodeIgniter\CodeIgniter->run()
CRITICAL - 2023-09-28 01:41:57 --> Class 'App\Controllers\Api\V1\Clientes' not found
in APPPATH/Controllers/Api/V1/ClientesController.php on line 166.
 1 SYSTEMPATH/CodeIgniter.php(934): App\Controllers\Api\V1\ClientesController->delete()
 2 SYSTEMPATH/CodeIgniter.php(499): CodeIgniter\CodeIgniter->runController()
 3 SYSTEMPATH/CodeIgniter.php(368): CodeIgniter\CodeIgniter->handleRequest()
 4 FCPATH/index.php(85): CodeIgniter\CodeIgniter->run()
CRITICAL - 2023-09-28 01:42:08 --> Class 'App\Controllers\Api\V1\Clientes' not found
in APPPATH/Controllers/Api/V1/ClientesController.php on line 166.
 1 SYSTEMPATH/CodeIgniter.php(934): App\Controllers\Api\V1\ClientesController->delete()
 2 SYSTEMPATH/CodeIgniter.php(499): CodeIgniter\CodeIgniter->runController()
 3 SYSTEMPATH/CodeIgniter.php(368): CodeIgniter\CodeIgniter->handleRequest()
 4 FCPATH/index.php(85): CodeIgniter\CodeIgniter->run()
CRITICAL - 2023-09-28 01:42:10 --> Class 'App\Controllers\Api\V1\Clientes' not found
in APPPATH/Controllers/Api/V1/ClientesController.php on line 166.
 1 SYSTEMPATH/CodeIgniter.php(934): App\Controllers\Api\V1\ClientesController->delete()
 2 SYSTEMPATH/CodeIgniter.php(499): CodeIgniter\CodeIgniter->runController()
 3 SYSTEMPATH/CodeIgniter.php(368): CodeIgniter\CodeIgniter->handleRequest()
 4 FCPATH/index.php(85): CodeIgniter\CodeIgniter->run()
CRITICAL - 2023-09-28 01:42:10 --> Class 'App\Controllers\Api\V1\Clientes' not found
in APPPATH/Controllers/Api/V1/ClientesController.php on line 166.
 1 SYSTEMPATH/CodeIgniter.php(934): App\Controllers\Api\V1\ClientesController->delete()
 2 SYSTEMPATH/CodeIgniter.php(499): CodeIgniter\CodeIgniter->runController()
 3 SYSTEMPATH/CodeIgniter.php(368): CodeIgniter\CodeIgniter->handleRequest()
 4 FCPATH/index.php(85): CodeIgniter\CodeIgniter->run()
CRITICAL - 2023-09-28 01:42:10 --> Class 'App\Controllers\Api\V1\Clientes' not found
in APPPATH/Controllers/Api/V1/ClientesController.php on line 166.
 1 SYSTEMPATH/CodeIgniter.php(934): App\Controllers\Api\V1\ClientesController->delete()
 2 SYSTEMPATH/CodeIgniter.php(499): CodeIgniter\CodeIgniter->runController()
 3 SYSTEMPATH/CodeIgniter.php(368): CodeIgniter\CodeIgniter->handleRequest()
 4 FCPATH/index.php(85): CodeIgniter\CodeIgniter->run()
CRITICAL - 2023-09-28 01:42:11 --> Class 'App\Controllers\Api\V1\Clientes' not found
in APPPATH/Controllers/Api/V1/ClientesController.php on line 166.
 1 SYSTEMPATH/CodeIgniter.php(934): App\Controllers\Api\V1\ClientesController->delete()
 2 SYSTEMPATH/CodeIgniter.php(499): CodeIgniter\CodeIgniter->runController()
 3 SYSTEMPATH/CodeIgniter.php(368): CodeIgniter\CodeIgniter->handleRequest()
 4 FCPATH/index.php(85): CodeIgniter\CodeIgniter->run()
CRITICAL - 2023-09-28 02:11:55 --> Class 'App\Controllers\Api\V1\Clientes' not found
in APPPATH/Controllers/Api/V1/ClientesController.php on line 166.
 1 SYSTEMPATH/CodeIgniter.php(934): App\Controllers\Api\V1\ClientesController->delete()
 2 SYSTEMPATH/CodeIgniter.php(499): CodeIgniter\CodeIgniter->runController()
 3 SYSTEMPATH/CodeIgniter.php(368): CodeIgniter\CodeIgniter->handleRequest()
 4 FCPATH/index.php(85): CodeIgniter\CodeIgniter->run()
CRITICAL - 2023-09-28 02:11:57 --> Class 'App\Controllers\Api\V1\Clientes' not found
in APPPATH/Controllers/Api/V1/ClientesController.php on line 166.
 1 SYSTEMPATH/CodeIgniter.php(934): App\Controllers\Api\V1\ClientesController->delete()
 2 SYSTEMPATH/CodeIgniter.php(499): CodeIgniter\CodeIgniter->runController()
 3 SYSTEMPATH/CodeIgniter.php(368): CodeIgniter\CodeIgniter->handleRequest()
 4 FCPATH/index.php(85): CodeIgniter\CodeIgniter->run()
CRITICAL - 2023-09-28 02:12:03 --> Class 'App\Controllers\Api\V1\Clientes' not found
in APPPATH/Controllers/Api/V1/ClientesController.php on line 166.
 1 SYSTEMPATH/CodeIgniter.php(934): App\Controllers\Api\V1\ClientesController->delete()
 2 SYSTEMPATH/CodeIgniter.php(499): CodeIgniter\CodeIgniter->runController()
 3 SYSTEMPATH/CodeIgniter.php(368): CodeIgniter\CodeIgniter->handleRequest()
 4 FCPATH/index.php(85): CodeIgniter\CodeIgniter->run()
CRITICAL - 2023-09-28 02:12:29 --> Class 'App\Controllers\Api\V1\Clientes' not found
in APPPATH/Controllers/Api/V1/ClientesController.php on line 166.
 1 SYSTEMPATH/CodeIgniter.php(934): App\Controllers\Api\V1\ClientesController->delete()
 2 SYSTEMPATH/CodeIgniter.php(499): CodeIgniter\CodeIgniter->runController()
 3 SYSTEMPATH/CodeIgniter.php(368): CodeIgniter\CodeIgniter->handleRequest()
 4 FCPATH/index.php(85): CodeIgniter\CodeIgniter->run()
CRITICAL - 2023-09-28 02:12:50 --> Class 'App\Controllers\Api\V1\Clientes' not found
in APPPATH/Controllers/Api/V1/ClientesController.php on line 166.
 1 SYSTEMPATH/CodeIgniter.php(934): App\Controllers\Api\V1\ClientesController->delete()
 2 SYSTEMPATH/CodeIgniter.php(499): CodeIgniter\CodeIgniter->runController()
 3 SYSTEMPATH/CodeIgniter.php(368): CodeIgniter\CodeIgniter->handleRequest()
 4 FCPATH/index.php(85): CodeIgniter\CodeIgniter->run()
ERROR - 2023-09-28 02:29:14 --> mysqli_sql_exception: Unknown column 'despachos.id' in 'where clause' in /var/www/html/proys/despachos/front/build/back/system/Database/MySQLi/Connection.php:295
Stack trace:
#0 /var/www/html/proys/despachos/front/build/back/system/Database/MySQLi/Connection.php(295): mysqli->query()
#1 /var/www/html/proys/despachos/front/build/back/system/Database/BaseConnection.php(691): CodeIgniter\Database\MySQLi\Connection->execute()
#2 /var/www/html/proys/despachos/front/build/back/system/Database/BaseConnection.php(605): CodeIgniter\Database\BaseConnection->simpleQuery()
#3 /var/www/html/proys/despachos/front/build/back/app/Controllers/Api/V1/ConductoresController.php(122): CodeIgniter\Database\BaseConnection->query()
#4 /var/www/html/proys/despachos/front/build/back/system/CodeIgniter.php(934): App\Controllers\Api\V1\ConductoresController->update()
#5 /var/www/html/proys/despachos/front/build/back/system/CodeIgniter.php(499): CodeIgniter\CodeIgniter->runController()
#6 /var/www/html/proys/despachos/front/build/back/system/CodeIgniter.php(368): CodeIgniter\CodeIgniter->handleRequest()
#7 /var/www/html/proys/despachos/front/build/back/public/index.php(85): CodeIgniter\CodeIgniter->run()
#8 {main}
CRITICAL - 2023-09-28 02:29:14 --> Unknown column 'despachos.id' in 'where clause'
in SYSTEMPATH/Database/BaseConnection.php on line 645.
 1 APPPATH/Controllers/Api/V1/ConductoresController.php(122): CodeIgniter\Database\BaseConnection->query()
 2 SYSTEMPATH/CodeIgniter.php(934): App\Controllers\Api\V1\ConductoresController->update()
 3 SYSTEMPATH/CodeIgniter.php(499): CodeIgniter\CodeIgniter->runController()
 4 SYSTEMPATH/CodeIgniter.php(368): CodeIgniter\CodeIgniter->handleRequest()
 5 FCPATH/index.php(85): CodeIgniter\CodeIgniter->run()
