CRITICAL - 2023-09-22 18:18:45 --> Use of undefined constant RESOURCE_CREATED - assumed 'RESOURCE_CREATED' (this will throw an Error in a future version of PHP)
in APPPATH/Controllers/Api/V1/ClientesController.php on line 74.
 1 APPPATH/Controllers/Api/V1/ClientesController.php(74): CodeIgniter\Debug\Exceptions->errorHandler()
 2 SYSTEMPATH/CodeIgniter.php(934): App\Controllers\Api\V1\ClientesController->create()
 3 SYSTEMPATH/CodeIgniter.php(499): CodeIgniter\CodeIgniter->runController()
 4 SYSTEMPATH/CodeIgniter.php(368): CodeIgniter\CodeIgniter->handleRequest()
 5 FCPATH/index.php(85): CodeIgniter\CodeIgniter->run()
CRITICAL - 2023-09-22 18:19:02 --> Use of undefined constant RESOURCE_CREATED - assumed 'RESOURCE_CREATED' (this will throw an Error in a future version of PHP)
in APPPATH/Controllers/Api/V1/ClientesController.php on line 74.
 1 APPPATH/Controllers/Api/V1/ClientesController.php(74): CodeIgniter\Debug\Exceptions->errorHandler()
 2 SYSTEMPATH/CodeIgniter.php(934): App\Controllers\Api\V1\ClientesController->create()
 3 SYSTEMPATH/CodeIgniter.php(499): CodeIgniter\CodeIgniter->runController()
 4 SYSTEMPATH/CodeIgniter.php(368): CodeIgniter\CodeIgniter->handleRequest()
 5 FCPATH/index.php(85): CodeIgniter\CodeIgniter->run()
CRITICAL - 2023-09-22 18:19:17 --> Use of undefined constant RESOURCE_CREATED - assumed 'RESOURCE_CREATED' (this will throw an Error in a future version of PHP)
in APPPATH/Controllers/Api/V1/ClientesController.php on line 74.
 1 APPPATH/Controllers/Api/V1/ClientesController.php(74): CodeIgniter\Debug\Exceptions->errorHandler()
 2 SYSTEMPATH/CodeIgniter.php(934): App\Controllers\Api\V1\ClientesController->create()
 3 SYSTEMPATH/CodeIgniter.php(499): CodeIgniter\CodeIgniter->runController()
 4 SYSTEMPATH/CodeIgniter.php(368): CodeIgniter\CodeIgniter->handleRequest()
 5 FCPATH/index.php(85): CodeIgniter\CodeIgniter->run()
CRITICAL - 2023-09-22 18:36:36 --> Namespace declaration statement has to be the very first statement or after any declare call in the script
in APPPATH/Controllers/Api/V1/ClientesController.php on line 13.
 1 [internal function]: CodeIgniter\Debug\Exceptions->shutdownHandler()
CRITICAL - 2023-09-22 19:40:50 --> Class 'Config\CorsFilter' not found
in SYSTEMPATH/Filters/Filters.php on line 166.
 1 SYSTEMPATH/CodeIgniter.php(473): CodeIgniter\Filters\Filters->run()
 2 SYSTEMPATH/CodeIgniter.php(368): CodeIgniter\CodeIgniter->handleRequest()
 3 FCPATH/index.php(85): CodeIgniter\CodeIgniter->run()
CRITICAL - 2023-09-22 19:41:32 --> Class 'Config\CorsFilter' not found
in SYSTEMPATH/Filters/Filters.php on line 166.
 1 SYSTEMPATH/CodeIgniter.php(473): CodeIgniter\Filters\Filters->run()
 2 SYSTEMPATH/CodeIgniter.php(368): CodeIgniter\CodeIgniter->handleRequest()
 3 FCPATH/index.php(85): CodeIgniter\CodeIgniter->run()
CRITICAL - 2023-09-22 19:41:59 --> Class 'Config\CorsFilter' not found
in SYSTEMPATH/Filters/Filters.php on line 166.
 1 SYSTEMPATH/CodeIgniter.php(473): CodeIgniter\Filters\Filters->run()
 2 SYSTEMPATH/CodeIgniter.php(368): CodeIgniter\CodeIgniter->handleRequest()
 3 FCPATH/index.php(85): CodeIgniter\CodeIgniter->run()
CRITICAL - 2023-09-22 19:43:38 --> Class 'Filtrers\CorsFilter' not found
in SYSTEMPATH/Filters/Filters.php on line 166.
 1 SYSTEMPATH/CodeIgniter.php(473): CodeIgniter\Filters\Filters->run()
 2 SYSTEMPATH/CodeIgniter.php(368): CodeIgniter\CodeIgniter->handleRequest()
 3 FCPATH/index.php(85): CodeIgniter\CodeIgniter->run()
CRITICAL - 2023-09-22 19:47:46 --> Class 'Config\Filtrers\CorsFilter' not found
in SYSTEMPATH/Filters/Filters.php on line 166.
 1 SYSTEMPATH/CodeIgniter.php(473): CodeIgniter\Filters\Filters->run()
 2 SYSTEMPATH/CodeIgniter.php(368): CodeIgniter\CodeIgniter->handleRequest()
 3 FCPATH/index.php(85): CodeIgniter\CodeIgniter->run()
CRITICAL - 2023-09-22 19:48:34 --> Class 'Config\Cors' not found
in SYSTEMPATH/Filters/Filters.php on line 166.
 1 SYSTEMPATH/CodeIgniter.php(473): CodeIgniter\Filters\Filters->run()
 2 SYSTEMPATH/CodeIgniter.php(368): CodeIgniter\CodeIgniter->handleRequest()
 3 FCPATH/index.php(85): CodeIgniter\CodeIgniter->run()
CRITICAL - 2023-09-22 19:50:12 --> Class 'Config\Cors' not found
in SYSTEMPATH/Filters/Filters.php on line 166.
 1 SYSTEMPATH/CodeIgniter.php(473): CodeIgniter\Filters\Filters->run()
 2 SYSTEMPATH/CodeIgniter.php(368): CodeIgniter\CodeIgniter->handleRequest()
 3 FCPATH/index.php(85): CodeIgniter\CodeIgniter->run()
