2015-07-14 13:14:38 Error: [Cake\Database\Exception] SQLSTATE[42S02]: Base table or view not found: 1146 Table 'sisarticulos.detallle_cotizacion' doesn't exist
Stack Trace:
#0 C:\xampp\htdocs\sgrepuestos\vendor\cakephp\cakephp\src\Database\Schema\Collection.php(96): Cake\Database\Schema\Collection->_reflect('Column', 'detallle_cotiza...', Array, Object(Cake\Database\Schema\Table))
#1 C:\xampp\htdocs\sgrepuestos\vendor\cakephp\cakephp\src\Database\Schema\CachedCollection.php(65): Cake\Database\Schema\Collection->describe('detallle_cotiza...', Array)
#2 C:\xampp\htdocs\sgrepuestos\vendor\cakephp\cakephp\src\ORM\Table.php(426): Cake\Database\Schema\CachedCollection->describe('detallle_cotiza...')
#3 C:\xampp\htdocs\sgrepuestos\vendor\cakephp\cakephp\src\ORM\Table.php(502): Cake\ORM\Table->schema()
#4 C:\xampp\htdocs\sgrepuestos\vendor\cakephp\bake\src\Shell\Task\ModelTask.php(195): Cake\ORM\Table->primaryKey()
#5 C:\xampp\htdocs\sgrepuestos\vendor\cakephp\bake\src\Shell\Task\ModelTask.php(110): Bake\Shell\Task\ModelTask->getAssociations(Object(Cake\ORM\Table))
#6 C:\xampp\htdocs\sgrepuestos\vendor\cakephp\bake\src\Shell\Task\ModelTask.php(96): Bake\Shell\Task\ModelTask->bake('DetallleCotizac...')
#7 C:\xampp\htdocs\sgrepuestos\vendor\cakephp\bake\src\Shell\BakeShell.php(254): Bake\Shell\Task\ModelTask->main('DetallleCotizac...')
#8 C:\xampp\htdocs\sgrepuestos\vendor\cakephp\cakephp\src\Collection\CollectionTrait.php(51): Bake\Shell\BakeShell->Bake\Shell\{closure}('detallle_cotiza...', 0)
#9 C:\xampp\htdocs\sgrepuestos\vendor\cakephp\bake\src\Shell\BakeShell.php(257): Cake\Collection\Collection->each(Object(Closure))
#10 [internal function]: Bake\Shell\BakeShell->all('detallle_cotiza...')
#11 C:\xampp\htdocs\sgrepuestos\vendor\cakephp\cakephp\src\Console\Shell.php(380): call_user_func_array(Array, Array)
#12 C:\xampp\htdocs\sgrepuestos\vendor\cakephp\cakephp\src\Console\ShellDispatcher.php(204): Cake\Console\Shell->runCommand(Array, true)
#13 C:\xampp\htdocs\sgrepuestos\vendor\cakephp\cakephp\src\Console\ShellDispatcher.php(175): Cake\Console\ShellDispatcher->_dispatch()
#14 C:\xampp\htdocs\sgrepuestos\vendor\cakephp\cakephp\src\Console\ShellDispatcher.php(126): Cake\Console\ShellDispatcher->dispatch()
#15 C:\xampp\htdocs\sgrepuestos\bin\cake.php(33): Cake\Console\ShellDispatcher::run(Array)
#16 {main}


2015-07-20 20:42:24 Error: [Cake\Database\Exception] SQLSTATE[42S02]: Base table or view not found: 1146 Table 'sgrepuestos.menues' doesn't exist
Stack Trace:
#0 C:\xampp\htdocs\sgrepuestos\vendor\cakephp\cakephp\src\Database\Schema\Collection.php(96): Cake\Database\Schema\Collection->_reflect('Column', 'menues', Array, Object(Cake\Database\Schema\Table))
#1 C:\xampp\htdocs\sgrepuestos\vendor\cakephp\cakephp\src\Database\Schema\CachedCollection.php(65): Cake\Database\Schema\Collection->describe('menues', Array)
#2 C:\xampp\htdocs\sgrepuestos\vendor\cakephp\cakephp\src\ORM\Table.php(429): Cake\Database\Schema\CachedCollection->describe('menues')
#3 C:\xampp\htdocs\sgrepuestos\vendor\cakephp\cakephp\src\ORM\Table.php(505): Cake\ORM\Table->schema()
#4 C:\xampp\htdocs\sgrepuestos\vendor\cakephp\bake\src\Shell\Task\ModelTask.php(195): Cake\ORM\Table->primaryKey()
#5 C:\xampp\htdocs\sgrepuestos\vendor\cakephp\bake\src\Shell\Task\ModelTask.php(110): Bake\Shell\Task\ModelTask->getAssociations(Object(Cake\ORM\Table))
#6 C:\xampp\htdocs\sgrepuestos\vendor\cakephp\bake\src\Shell\Task\ModelTask.php(96): Bake\Shell\Task\ModelTask->bake('Menues')
#7 C:\xampp\htdocs\sgrepuestos\vendor\cakephp\bake\src\Shell\BakeShell.php(254): Bake\Shell\Task\ModelTask->main('Menues')
#8 C:\xampp\htdocs\sgrepuestos\vendor\cakephp\cakephp\src\Collection\CollectionTrait.php(51): Bake\Shell\BakeShell->Bake\Shell\{closure}('menues', 0)
#9 C:\xampp\htdocs\sgrepuestos\vendor\cakephp\bake\src\Shell\BakeShell.php(257): Cake\Collection\Collection->each(Object(Closure))
#10 [internal function]: Bake\Shell\BakeShell->all('menues')
#11 C:\xampp\htdocs\sgrepuestos\vendor\cakephp\cakephp\src\Console\Shell.php(380): call_user_func_array(Array, Array)
#12 C:\xampp\htdocs\sgrepuestos\vendor\cakephp\cakephp\src\Console\ShellDispatcher.php(204): Cake\Console\Shell->runCommand(Array, true)
#13 C:\xampp\htdocs\sgrepuestos\vendor\cakephp\cakephp\src\Console\ShellDispatcher.php(175): Cake\Console\ShellDispatcher->_dispatch()
#14 C:\xampp\htdocs\sgrepuestos\vendor\cakephp\cakephp\src\Console\ShellDispatcher.php(126): Cake\Console\ShellDispatcher->dispatch()
#15 C:\xampp\htdocs\sgrepuestos\bin\cake.php(33): Cake\Console\ShellDispatcher::run(Array)
#16 {main}


