[04-Feb-2021 14:31:44 America/Santiago] PHP Notice:  Undefined index: num_gd in /home/dominios/vigomaq.cl/web/80/intranet.vigomaq.cl/public_html/classes/nd/vista-previa-nd.php on line 50
[04-Feb-2021 14:31:44 America/Santiago] PHP Notice:  Use of undefined constant php - assumed 'php' in /home/dominios/vigomaq.cl/web/80/intranet.vigomaq.cl/public_html/classes/htmlparser.inc on line 365
[04-Feb-2021 14:31:44 America/Santiago] PHP Notice:  Undefined variable: res_nc in /home/dominios/vigomaq.cl/web/80/intranet.vigomaq.cl/public_html/classes/nd/vista-previa-nd.php on line 372
[04-Feb-2021 14:31:44 America/Santiago] PHP Warning:  mysql_fetch_array() expects parameter 1 to be resource, null given in /home/dominios/vigomaq.cl/web/80/intranet.vigomaq.cl/public_html/classes/nd/vista-previa-nd.php on line 372
[05-Feb-2021 09:18:31 America/Santiago] PHP Notice:  Undefined index: num_gd in /home/dominios/vigomaq.cl/web/80/intranet.vigomaq.cl/public_html/classes/nd/vista-previa-nd.php on line 50
[05-Feb-2021 09:18:31 America/Santiago] PHP Notice:  Use of undefined constant php - assumed 'php' in /home/dominios/vigomaq.cl/web/80/intranet.vigomaq.cl/public_html/classes/htmlparser.inc on line 365
[05-Feb-2021 09:18:31 America/Santiago] PHP Notice:  Undefined variable: res_nc in /home/dominios/vigomaq.cl/web/80/intranet.vigomaq.cl/public_html/classes/nd/vista-previa-nd.php on line 372
[05-Feb-2021 09:18:31 America/Santiago] PHP Warning:  mysql_fetch_array() expects parameter 1 to be resource, null given in /home/dominios/vigomaq.cl/web/80/intranet.vigomaq.cl/public_html/classes/nd/vista-previa-nd.php on line 372
[13-Aug-2021 08:51:39 America/Santiago] PHP Notice:  Undefined index: num_gd in /home/dominios/vigomaq.cl/web/80/intranet.vigomaq.cl/public_html/classes/nd/vista-previa-nd.php on line 50
[13-Aug-2021 08:51:39 America/Santiago] PHP Notice:  Use of undefined constant php - assumed 'php' in /home/dominios/vigomaq.cl/web/80/intranet.vigomaq.cl/public_html/classes/htmlparser.inc on line 365
[13-Aug-2021 08:51:39 America/Caracas] PHP Notice:  Undefined variable: res_nc in /home/dominios/vigomaq.cl/web/80/intranet.vigomaq.cl/public_html/classes/nd/vista-previa-nd.php on line 372
[13-Aug-2021 08:51:39 America/Caracas] PHP Warning:  mysql_fetch_array() expects parameter 1 to be resource, null given in /home/dominios/vigomaq.cl/web/80/intranet.vigomaq.cl/public_html/classes/nd/vista-previa-nd.php on line 372
[13-Aug-2021 16:30:28 America/Santiago] PHP Notice:  Undefined index: num_gd in /home/dominios/vigomaq.cl/web/80/intranet.vigomaq.cl/public_html/classes/nd/vista-previa-nd.php on line 50
[13-Aug-2021 16:30:28 America/Santiago] PHP Notice:  Use of undefined constant php - assumed 'php' in /home/dominios/vigomaq.cl/web/80/intranet.vigomaq.cl/public_html/classes/htmlparser.inc on line 365
[13-Aug-2021 16:30:28 America/Caracas] PHP Notice:  Undefined variable: res_nc in /home/dominios/vigomaq.cl/web/80/intranet.vigomaq.cl/public_html/classes/nd/vista-previa-nd.php on line 372
[13-Aug-2021 16:30:28 America/Caracas] PHP Warning:  mysql_fetch_array() expects parameter 1 to be resource, null given in /home/dominios/vigomaq.cl/web/80/intranet.vigomaq.cl/public_html/classes/nd/vista-previa-nd.php on line 372
[13-Aug-2021 16:32:57 America/Santiago] PHP Notice:  Undefined index: num_gd in /home/dominios/vigomaq.cl/web/80/intranet.vigomaq.cl/public_html/classes/nd/vista-previa-nd.php on line 50
[13-Aug-2021 16:32:57 America/Santiago] PHP Notice:  Use of undefined constant php - assumed 'php' in /home/dominios/vigomaq.cl/web/80/intranet.vigomaq.cl/public_html/classes/htmlparser.inc on line 365
[13-Aug-2021 16:32:57 America/Caracas] PHP Notice:  Undefined variable: res_nc in /home/dominios/vigomaq.cl/web/80/intranet.vigomaq.cl/public_html/classes/nd/vista-previa-nd.php on line 372
[13-Aug-2021 16:32:57 America/Caracas] PHP Warning:  mysql_fetch_array() expects parameter 1 to be resource, null given in /home/dominios/vigomaq.cl/web/80/intranet.vigomaq.cl/public_html/classes/nd/vista-previa-nd.php on line 372
