[02-Jan-2019 13:38:21 America/Santiago] PHP Notice:  Undefined index: dbi in /home/dominios/vigomaq.cl/web/80/intranet.vigomaq.cl/public_html/pma/libraries/check_user_privileges.inc.php on line 14
[02-Jan-2019 13:38:21 America/Santiago] PHP Catchable fatal error:  Argument 1 passed to PhpMyAdmin\CheckUserPrivileges::__construct() must be an instance of PhpMyAdmin\DatabaseInterface, null given, called in /home/dominios/vigomaq.cl/web/80/intranet.vigomaq.cl/public_html/pma/libraries/check_user_privileges.inc.php on line 14 and defined in /home/dominios/vigomaq.cl/web/80/intranet.vigomaq.cl/public_html/pma/libraries/classes/CheckUserPrivileges.php on line 30
[05-Jan-2019 09:52:44 America/Santiago] PHP Notice:  Undefined index: dbi in /home/dominios/vigomaq.cl/web/80/intranet.vigomaq.cl/public_html/pma/libraries/classes/Core.php on line 282
[05-Feb-2019 06:18:08 America/Santiago] PHP Notice:  Undefined index: dbi in /home/dominios/vigomaq.cl/web/80/intranet.vigomaq.cl/public_html/pma/libraries/classes/Core.php on line 282
[08-Feb-2019 17:14:38 America/Santiago] PHP Notice:  Undefined index: dbi in /home/dominios/vigomaq.cl/web/80/intranet.vigomaq.cl/public_html/pma/libraries/classes/Core.php on line 282
[03-Jul-2022 11:39:31 America/Santiago] PHP Notice:  Undefined index: dbi in /home/dominios/vigomaq.cl/web/80/intranet.vigomaq.cl/public_html/pma/libraries/classes/Core.php on line 282
[03-Jul-2022 11:39:32 America/Santiago] PHP Notice:  Undefined index: dbi in /home/dominios/vigomaq.cl/web/80/intranet.vigomaq.cl/public_html/pma/libraries/classes/Core.php on line 282
[03-Jul-2022 11:39:32 America/Santiago] PHP Notice:  Undefined index: dbi in /home/dominios/vigomaq.cl/web/80/intranet.vigomaq.cl/public_html/pma/libraries/classes/Core.php on line 282
[03-Jul-2022 11:39:33 America/Santiago] PHP Notice:  Undefined index: dbi in /home/dominios/vigomaq.cl/web/80/intranet.vigomaq.cl/public_html/pma/libraries/classes/Core.php on line 282
[03-Jul-2022 11:39:34 America/Santiago] PHP Notice:  Undefined index: dbi in /home/dominios/vigomaq.cl/web/80/intranet.vigomaq.cl/public_html/pma/libraries/classes/Core.php on line 282
[26-Sep-2022 23:18:55 America/Santiago] PHP Notice:  Undefined index: dbi in /home/dominios/vigomaq.cl/web/80/intranet.vigomaq.cl/public_html/pma/libraries/classes/Core.php on line 282
[26-Sep-2022 23:18:56 America/Santiago] PHP Notice:  Undefined index: dbi in /home/dominios/vigomaq.cl/web/80/intranet.vigomaq.cl/public_html/pma/libraries/classes/Core.php on line 282
[26-Sep-2022 23:18:56 America/Santiago] PHP Notice:  Undefined index: dbi in /home/dominios/vigomaq.cl/web/80/intranet.vigomaq.cl/public_html/pma/libraries/classes/Core.php on line 282
[26-Sep-2022 23:18:57 America/Santiago] PHP Notice:  Undefined index: dbi in /home/dominios/vigomaq.cl/web/80/intranet.vigomaq.cl/public_html/pma/libraries/classes/Core.php on line 282
[26-Sep-2022 23:18:58 America/Santiago] PHP Notice:  Undefined index: dbi in /home/dominios/vigomaq.cl/web/80/intranet.vigomaq.cl/public_html/pma/libraries/classes/Core.php on line 282
[23-Oct-2022 14:07:17 America/Santiago] PHP Notice:  Undefined index: dbi in /home/dominios/vigomaq.cl/web/80/intranet.vigomaq.cl/public_html/pma/libraries/classes/Core.php on line 282
[23-Oct-2022 14:07:18 America/Santiago] PHP Notice:  Undefined index: dbi in /home/dominios/vigomaq.cl/web/80/intranet.vigomaq.cl/public_html/pma/libraries/classes/Core.php on line 282
[23-Oct-2022 14:07:19 America/Santiago] PHP Notice:  Undefined index: dbi in /home/dominios/vigomaq.cl/web/80/intranet.vigomaq.cl/public_html/pma/libraries/classes/Core.php on line 282
[23-Oct-2022 14:07:20 America/Santiago] PHP Notice:  Undefined index: dbi in /home/dominios/vigomaq.cl/web/80/intranet.vigomaq.cl/public_html/pma/libraries/classes/Core.php on line 282
[23-Oct-2022 14:07:20 America/Santiago] PHP Notice:  Undefined index: dbi in /home/dominios/vigomaq.cl/web/80/intranet.vigomaq.cl/public_html/pma/libraries/classes/Core.php on line 282
[08-Nov-2022 22:15:09 America/Santiago] PHP Notice:  Undefined index: dbi in /home/dominios/vigomaq.cl/web/80/intranet.vigomaq.cl/public_html/pma/libraries/classes/Core.php on line 282
[08-Nov-2022 22:15:10 America/Santiago] PHP Notice:  Undefined index: dbi in /home/dominios/vigomaq.cl/web/80/intranet.vigomaq.cl/public_html/pma/libraries/classes/Core.php on line 282
[08-Nov-2022 22:15:10 America/Santiago] PHP Notice:  Undefined index: dbi in /home/dominios/vigomaq.cl/web/80/intranet.vigomaq.cl/public_html/pma/libraries/classes/Core.php on line 282
[08-Nov-2022 22:15:11 America/Santiago] PHP Notice:  Undefined index: dbi in /home/dominios/vigomaq.cl/web/80/intranet.vigomaq.cl/public_html/pma/libraries/classes/Core.php on line 282
[08-Nov-2022 22:15:12 America/Santiago] PHP Notice:  Undefined index: dbi in /home/dominios/vigomaq.cl/web/80/intranet.vigomaq.cl/public_html/pma/libraries/classes/Core.php on line 282
[04-Feb-2023 13:52:14 America/Santiago] PHP Notice:  Undefined index: dbi in /home/dominios/vigomaq.cl/web/80/intranet.vigomaq.cl/public_html/pma/libraries/classes/Core.php on line 282
[04-Feb-2023 13:52:17 America/Santiago] PHP Notice:  Undefined index: dbi in /home/dominios/vigomaq.cl/web/80/intranet.vigomaq.cl/public_html/pma/libraries/classes/Core.php on line 282
[04-Feb-2023 13:52:18 America/Santiago] PHP Notice:  Undefined index: dbi in /home/dominios/vigomaq.cl/web/80/intranet.vigomaq.cl/public_html/pma/libraries/classes/Core.php on line 282
[04-Feb-2023 13:52:19 America/Santiago] PHP Notice:  Undefined index: dbi in /home/dominios/vigomaq.cl/web/80/intranet.vigomaq.cl/public_html/pma/libraries/classes/Core.php on line 282
[04-Feb-2023 13:52:20 America/Santiago] PHP Notice:  Undefined index: dbi in /home/dominios/vigomaq.cl/web/80/intranet.vigomaq.cl/public_html/pma/libraries/classes/Core.php on line 282
[05-Feb-2023 08:42:15 America/Santiago] PHP Notice:  Undefined index: dbi in /home/dominios/vigomaq.cl/web/80/intranet.vigomaq.cl/public_html/pma/libraries/classes/Core.php on line 282
[05-Feb-2023 08:42:17 America/Santiago] PHP Notice:  Undefined index: dbi in /home/dominios/vigomaq.cl/web/80/intranet.vigomaq.cl/public_html/pma/libraries/classes/Core.php on line 282
