CRITICAL - 2024-07-05 04:16:19 --> This PDF document probably uses a compression technique which is not supported by the free parser shipped with FPDI. (See https://www.setasign.com/fpdi-pdf-parser for more details)
in VENDORPATH\setasign\fpdi\src\PdfParser\CrossReference\CrossReference.php on line 257.
 1 VENDORPATH\setasign\fpdi\src\PdfParser\CrossReference\CrossReference.php(209): setasign\Fpdi\PdfParser\CrossReference\CrossReference->initReaderInstance(Object(setasign\Fpdi\PdfParser\Type\PdfIndirectObject))
 2 VENDORPATH\setasign\fpdi\src\PdfParser\CrossReference\CrossReference.php(67): setasign\Fpdi\PdfParser\CrossReference\CrossReference->readXref(120213)
 3 VENDORPATH\setasign\fpdi\src\PdfParser\PdfParser.php(158): setasign\Fpdi\PdfParser\CrossReference\CrossReference->__construct(Object(setasign\Fpdi\PdfParser\PdfParser), 0)
 4 VENDORPATH\setasign\fpdi\src\PdfParser\PdfParser.php(206): setasign\Fpdi\PdfParser\PdfParser->getCrossReference()
 5 VENDORPATH\setasign\fpdi\src\PdfParser\PdfParser.php(182): setasign\Fpdi\PdfParser\PdfParser->getCatalog()
 6 VENDORPATH\setasign\fpdi\src\PdfReader\PdfReader.php(84): setasign\Fpdi\PdfParser\PdfParser->getPdfVersion()
 7 VENDORPATH\setasign\fpdi\src\FpdiTrait.php(237): setasign\Fpdi\PdfReader\PdfReader->getPdfVersion()
 8 VENDORPATH\setasign\fpdi\src\FpdiTrait.php(216): setasign\Fpdi\Fpdi->setSourceFileWithParserParams('ROOTPATH\\writable\\temp\\uploaded_file_1720152976.pdf')
 9 APPPATH\Controllers\Api\V1\DocumentoController.php(322): setasign\Fpdi\Fpdi->setSourceFile('ROOTPATH\\writable\\temp\\uploaded_file_1720152976.pdf')
10 SYSTEMPATH\CodeIgniter.php(934): App\Controllers\Api\V1\DocumentoController->uploadDocumento()
11 SYSTEMPATH\CodeIgniter.php(499): CodeIgniter\CodeIgniter->runController(Object(App\Controllers\Api\V1\DocumentoController))
12 SYSTEMPATH\CodeIgniter.php(368): CodeIgniter\CodeIgniter->handleRequest(null, Object(Config\Cache), false)
13 FCPATH\index.php(78): CodeIgniter\CodeIgniter->run()
CRITICAL - 2024-07-05 04:16:56 --> This PDF document probably uses a compression technique which is not supported by the free parser shipped with FPDI. (See https://www.setasign.com/fpdi-pdf-parser for more details)
in VENDORPATH\setasign\fpdi\src\PdfParser\CrossReference\CrossReference.php on line 257.
 1 VENDORPATH\setasign\fpdi\src\PdfParser\CrossReference\CrossReference.php(209): setasign\Fpdi\PdfParser\CrossReference\CrossReference->initReaderInstance(Object(setasign\Fpdi\PdfParser\Type\PdfIndirectObject))
 2 VENDORPATH\setasign\fpdi\src\PdfParser\CrossReference\CrossReference.php(67): setasign\Fpdi\PdfParser\CrossReference\CrossReference->readXref(120213)
 3 VENDORPATH\setasign\fpdi\src\PdfParser\PdfParser.php(158): setasign\Fpdi\PdfParser\CrossReference\CrossReference->__construct(Object(setasign\Fpdi\PdfParser\PdfParser), 0)
 4 VENDORPATH\setasign\fpdi\src\PdfParser\PdfParser.php(206): setasign\Fpdi\PdfParser\PdfParser->getCrossReference()
 5 VENDORPATH\setasign\fpdi\src\PdfParser\PdfParser.php(182): setasign\Fpdi\PdfParser\PdfParser->getCatalog()
 6 VENDORPATH\setasign\fpdi\src\PdfReader\PdfReader.php(84): setasign\Fpdi\PdfParser\PdfParser->getPdfVersion()
 7 VENDORPATH\setasign\fpdi\src\FpdiTrait.php(237): setasign\Fpdi\PdfReader\PdfReader->getPdfVersion()
 8 VENDORPATH\setasign\fpdi\src\FpdiTrait.php(216): setasign\Fpdi\Fpdi->setSourceFileWithParserParams('ROOTPATH\\writable\\temp\\uploaded_file_1720153014.pdf')
 9 APPPATH\Controllers\Api\V1\DocumentoController.php(322): setasign\Fpdi\Fpdi->setSourceFile('ROOTPATH\\writable\\temp\\uploaded_file_1720153014.pdf')
10 SYSTEMPATH\CodeIgniter.php(934): App\Controllers\Api\V1\DocumentoController->uploadDocumento()
11 SYSTEMPATH\CodeIgniter.php(499): CodeIgniter\CodeIgniter->runController(Object(App\Controllers\Api\V1\DocumentoController))
12 SYSTEMPATH\CodeIgniter.php(368): CodeIgniter\CodeIgniter->handleRequest(null, Object(Config\Cache), false)
13 FCPATH\index.php(78): CodeIgniter\CodeIgniter->run()
CRITICAL - 2024-07-05 13:40:08 --> Page number "-1" out of available page range (1 - 22)
in VENDORPATH\setasign\fpdi\src\PdfReader\PdfReader.php on line 128.
 1 VENDORPATH\setasign\fpdi\src\FpdiTrait.php(287): setasign\Fpdi\PdfReader\PdfReader->getPage(-1)
 2 APPPATH\Controllers\Api\V1\DocumentoController.php(326): setasign\Fpdi\Fpdi->importPage(-1)
 3 SYSTEMPATH\CodeIgniter.php(934): App\Controllers\Api\V1\DocumentoController->uploadDocumento()
 4 SYSTEMPATH\CodeIgniter.php(499): CodeIgniter\CodeIgniter->runController(Object(App\Controllers\Api\V1\DocumentoController))
 5 SYSTEMPATH\CodeIgniter.php(368): CodeIgniter\CodeIgniter->handleRequest(null, Object(Config\Cache), false)
 6 FCPATH\index.php(78): CodeIgniter\CodeIgniter->run()
