ERROR - 2024-06-03 16:55:17 --> Error connecting to the database: mysqli_sql_exception: Unknown database 'admgescol' in C:\laragon\www\eztaller\proys\admgescol\back\system\Database\MySQLi\Connection.php:174
Stack trace:
#0 C:\laragon\www\eztaller\proys\admgescol\back\system\Database\MySQLi\Connection.php(174): mysqli->real_connect('localhost', 'root', '', 'admgescol', 3306, '', 0)
#1 C:\laragon\www\eztaller\proys\admgescol\back\system\Database\BaseConnection.php(391): CodeIgniter\Database\MySQLi\Connection->connect(false)
#2 C:\laragon\www\eztaller\proys\admgescol\back\system\Database\BaseConnection.php(573): CodeIgniter\Database\BaseConnection->initialize()
#3 C:\laragon\www\eztaller\proys\admgescol\back\system\Database\BaseBuilder.php(1602): CodeIgniter\Database\BaseConnection->query('SELECT *\nFROM `...', Array, false)
#4 C:\laragon\www\eztaller\proys\admgescol\back\system\Model.php(267): CodeIgniter\Database\BaseBuilder->get()
#5 C:\laragon\www\eztaller\proys\admgescol\back\system\BaseModel.php(656): CodeIgniter\Model->doFirst()
#6 C:\laragon\www\eztaller\proys\admgescol\back\app\Controllers\Api\V1\UserController.php(224): CodeIgniter\BaseModel->first()
#7 C:\laragon\www\eztaller\proys\admgescol\back\system\CodeIgniter.php(934): App\Controllers\Api\V1\UserController->signIn()
#8 C:\laragon\www\eztaller\proys\admgescol\back\system\CodeIgniter.php(499): CodeIgniter\CodeIgniter->runController(Object(App\Controllers\Api\V1\UserController))
#9 C:\laragon\www\eztaller\proys\admgescol\back\system\CodeIgniter.php(368): CodeIgniter\CodeIgniter->handleRequest(NULL, Object(Config\Cache), false)
#10 C:\laragon\www\eztaller\proys\admgescol\back\public\index.php(76): CodeIgniter\CodeIgniter->run()
#11 {main}

Next CodeIgniter\Database\Exceptions\DatabaseException: Unknown database 'admgescol' in C:\laragon\www\eztaller\proys\admgescol\back\system\Database\MySQLi\Connection.php:218
Stack trace:
#0 C:\laragon\www\eztaller\proys\admgescol\back\system\Database\BaseConnection.php(391): CodeIgniter\Database\MySQLi\Connection->connect(false)
#1 C:\laragon\www\eztaller\proys\admgescol\back\system\Database\BaseConnection.php(573): CodeIgniter\Database\BaseConnection->initialize()
#2 C:\laragon\www\eztaller\proys\admgescol\back\system\Database\BaseBuilder.php(1602): CodeIgniter\Database\BaseConnection->query('SELECT *\nFROM `...', Array, false)
#3 C:\laragon\www\eztaller\proys\admgescol\back\system\Model.php(267): CodeIgniter\Database\BaseBuilder->get()
#4 C:\laragon\www\eztaller\proys\admgescol\back\system\BaseModel.php(656): CodeIgniter\Model->doFirst()
#5 C:\laragon\www\eztaller\proys\admgescol\back\app\Controllers\Api\V1\UserController.php(224): CodeIgniter\BaseModel->first()
#6 C:\laragon\www\eztaller\proys\admgescol\back\system\CodeIgniter.php(934): App\Controllers\Api\V1\UserController->signIn()
#7 C:\laragon\www\eztaller\proys\admgescol\back\system\CodeIgniter.php(499): CodeIgniter\CodeIgniter->runController(Object(App\Controllers\Api\V1\UserController))
#8 C:\laragon\www\eztaller\proys\admgescol\back\system\CodeIgniter.php(368): CodeIgniter\CodeIgniter->handleRequest(NULL, Object(Config\Cache), false)
#9 C:\laragon\www\eztaller\proys\admgescol\back\public\index.php(76): CodeIgniter\CodeIgniter->run()
#10 {main}
CRITICAL - 2024-06-03 16:55:17 --> Unable to connect to the database.
Main connection [MySQLi]: Unknown database 'admgescol'
in SYSTEMPATH\Database\BaseConnection.php on line 427.
 1 SYSTEMPATH\Database\BaseConnection.php(573): CodeIgniter\Database\BaseConnection->initialize()
 2 SYSTEMPATH\Database\BaseBuilder.php(1602): CodeIgniter\Database\BaseConnection->query('SELECT *
FROM `users`
WHERE `userEmail` = :userEmail:
AND `users`.`deleted_at` IS NULL
 LIMIT 1', [...], false)
 3 SYSTEMPATH\Model.php(267): CodeIgniter\Database\BaseBuilder->get()
 4 SYSTEMPATH\BaseModel.php(656): CodeIgniter\Model->doFirst()
 5 APPPATH\Controllers\Api\V1\UserController.php(224): CodeIgniter\BaseModel->first()
 6 SYSTEMPATH\CodeIgniter.php(934): App\Controllers\Api\V1\UserController->signIn()
 7 SYSTEMPATH\CodeIgniter.php(499): CodeIgniter\CodeIgniter->runController(Object(App\Controllers\Api\V1\UserController))
 8 SYSTEMPATH\CodeIgniter.php(368): CodeIgniter\CodeIgniter->handleRequest(null, Object(Config\Cache), false)
 9 FCPATH\index.php(76): CodeIgniter\CodeIgniter->run()
ERROR - 2024-06-03 16:55:19 --> Error connecting to the database: mysqli_sql_exception: Unknown database 'admgescol' in C:\laragon\www\eztaller\proys\admgescol\back\system\Database\MySQLi\Connection.php:174
Stack trace:
#0 C:\laragon\www\eztaller\proys\admgescol\back\system\Database\MySQLi\Connection.php(174): mysqli->real_connect('localhost', 'root', '', 'admgescol', 3306, '', 0)
#1 C:\laragon\www\eztaller\proys\admgescol\back\system\Database\BaseConnection.php(391): CodeIgniter\Database\MySQLi\Connection->connect(false)
#2 C:\laragon\www\eztaller\proys\admgescol\back\system\Database\BaseConnection.php(573): CodeIgniter\Database\BaseConnection->initialize()
#3 C:\laragon\www\eztaller\proys\admgescol\back\system\Database\BaseBuilder.php(1602): CodeIgniter\Database\BaseConnection->query('SELECT *\nFROM `...', Array, false)
#4 C:\laragon\www\eztaller\proys\admgescol\back\system\Model.php(267): CodeIgniter\Database\BaseBuilder->get()
#5 C:\laragon\www\eztaller\proys\admgescol\back\system\BaseModel.php(656): CodeIgniter\Model->doFirst()
#6 C:\laragon\www\eztaller\proys\admgescol\back\app\Controllers\Api\V1\UserController.php(224): CodeIgniter\BaseModel->first()
#7 C:\laragon\www\eztaller\proys\admgescol\back\system\CodeIgniter.php(934): App\Controllers\Api\V1\UserController->signIn()
#8 C:\laragon\www\eztaller\proys\admgescol\back\system\CodeIgniter.php(499): CodeIgniter\CodeIgniter->runController(Object(App\Controllers\Api\V1\UserController))
#9 C:\laragon\www\eztaller\proys\admgescol\back\system\CodeIgniter.php(368): CodeIgniter\CodeIgniter->handleRequest(NULL, Object(Config\Cache), false)
#10 C:\laragon\www\eztaller\proys\admgescol\back\public\index.php(76): CodeIgniter\CodeIgniter->run()
#11 {main}

Next CodeIgniter\Database\Exceptions\DatabaseException: Unknown database 'admgescol' in C:\laragon\www\eztaller\proys\admgescol\back\system\Database\MySQLi\Connection.php:218
Stack trace:
#0 C:\laragon\www\eztaller\proys\admgescol\back\system\Database\BaseConnection.php(391): CodeIgniter\Database\MySQLi\Connection->connect(false)
#1 C:\laragon\www\eztaller\proys\admgescol\back\system\Database\BaseConnection.php(573): CodeIgniter\Database\BaseConnection->initialize()
#2 C:\laragon\www\eztaller\proys\admgescol\back\system\Database\BaseBuilder.php(1602): CodeIgniter\Database\BaseConnection->query('SELECT *\nFROM `...', Array, false)
#3 C:\laragon\www\eztaller\proys\admgescol\back\system\Model.php(267): CodeIgniter\Database\BaseBuilder->get()
#4 C:\laragon\www\eztaller\proys\admgescol\back\system\BaseModel.php(656): CodeIgniter\Model->doFirst()
#5 C:\laragon\www\eztaller\proys\admgescol\back\app\Controllers\Api\V1\UserController.php(224): CodeIgniter\BaseModel->first()
#6 C:\laragon\www\eztaller\proys\admgescol\back\system\CodeIgniter.php(934): App\Controllers\Api\V1\UserController->signIn()
#7 C:\laragon\www\eztaller\proys\admgescol\back\system\CodeIgniter.php(499): CodeIgniter\CodeIgniter->runController(Object(App\Controllers\Api\V1\UserController))
#8 C:\laragon\www\eztaller\proys\admgescol\back\system\CodeIgniter.php(368): CodeIgniter\CodeIgniter->handleRequest(NULL, Object(Config\Cache), false)
#9 C:\laragon\www\eztaller\proys\admgescol\back\public\index.php(76): CodeIgniter\CodeIgniter->run()
#10 {main}
CRITICAL - 2024-06-03 16:55:19 --> Unable to connect to the database.
Main connection [MySQLi]: Unknown database 'admgescol'
in SYSTEMPATH\Database\BaseConnection.php on line 427.
 1 SYSTEMPATH\Database\BaseConnection.php(573): CodeIgniter\Database\BaseConnection->initialize()
 2 SYSTEMPATH\Database\BaseBuilder.php(1602): CodeIgniter\Database\BaseConnection->query('SELECT *
FROM `users`
WHERE `userEmail` = :userEmail:
AND `users`.`deleted_at` IS NULL
 LIMIT 1', [...], false)
 3 SYSTEMPATH\Model.php(267): CodeIgniter\Database\BaseBuilder->get()
 4 SYSTEMPATH\BaseModel.php(656): CodeIgniter\Model->doFirst()
 5 APPPATH\Controllers\Api\V1\UserController.php(224): CodeIgniter\BaseModel->first()
 6 SYSTEMPATH\CodeIgniter.php(934): App\Controllers\Api\V1\UserController->signIn()
 7 SYSTEMPATH\CodeIgniter.php(499): CodeIgniter\CodeIgniter->runController(Object(App\Controllers\Api\V1\UserController))
 8 SYSTEMPATH\CodeIgniter.php(368): CodeIgniter\CodeIgniter->handleRequest(null, Object(Config\Cache), false)
 9 FCPATH\index.php(76): CodeIgniter\CodeIgniter->run()
ERROR - 2024-06-03 16:55:21 --> Error connecting to the database: mysqli_sql_exception: Unknown database 'admgescol' in C:\laragon\www\eztaller\proys\admgescol\back\system\Database\MySQLi\Connection.php:174
Stack trace:
#0 C:\laragon\www\eztaller\proys\admgescol\back\system\Database\MySQLi\Connection.php(174): mysqli->real_connect('localhost', 'root', '', 'admgescol', 3306, '', 0)
#1 C:\laragon\www\eztaller\proys\admgescol\back\system\Database\BaseConnection.php(391): CodeIgniter\Database\MySQLi\Connection->connect(false)
#2 C:\laragon\www\eztaller\proys\admgescol\back\system\Database\BaseConnection.php(573): CodeIgniter\Database\BaseConnection->initialize()
#3 C:\laragon\www\eztaller\proys\admgescol\back\system\Database\BaseBuilder.php(1602): CodeIgniter\Database\BaseConnection->query('SELECT *\nFROM `...', Array, false)
#4 C:\laragon\www\eztaller\proys\admgescol\back\system\Model.php(267): CodeIgniter\Database\BaseBuilder->get()
#5 C:\laragon\www\eztaller\proys\admgescol\back\system\BaseModel.php(656): CodeIgniter\Model->doFirst()
#6 C:\laragon\www\eztaller\proys\admgescol\back\app\Controllers\Api\V1\UserController.php(224): CodeIgniter\BaseModel->first()
#7 C:\laragon\www\eztaller\proys\admgescol\back\system\CodeIgniter.php(934): App\Controllers\Api\V1\UserController->signIn()
#8 C:\laragon\www\eztaller\proys\admgescol\back\system\CodeIgniter.php(499): CodeIgniter\CodeIgniter->runController(Object(App\Controllers\Api\V1\UserController))
#9 C:\laragon\www\eztaller\proys\admgescol\back\system\CodeIgniter.php(368): CodeIgniter\CodeIgniter->handleRequest(NULL, Object(Config\Cache), false)
#10 C:\laragon\www\eztaller\proys\admgescol\back\public\index.php(76): CodeIgniter\CodeIgniter->run()
#11 {main}

Next CodeIgniter\Database\Exceptions\DatabaseException: Unknown database 'admgescol' in C:\laragon\www\eztaller\proys\admgescol\back\system\Database\MySQLi\Connection.php:218
Stack trace:
#0 C:\laragon\www\eztaller\proys\admgescol\back\system\Database\BaseConnection.php(391): CodeIgniter\Database\MySQLi\Connection->connect(false)
#1 C:\laragon\www\eztaller\proys\admgescol\back\system\Database\BaseConnection.php(573): CodeIgniter\Database\BaseConnection->initialize()
#2 C:\laragon\www\eztaller\proys\admgescol\back\system\Database\BaseBuilder.php(1602): CodeIgniter\Database\BaseConnection->query('SELECT *\nFROM `...', Array, false)
#3 C:\laragon\www\eztaller\proys\admgescol\back\system\Model.php(267): CodeIgniter\Database\BaseBuilder->get()
#4 C:\laragon\www\eztaller\proys\admgescol\back\system\BaseModel.php(656): CodeIgniter\Model->doFirst()
#5 C:\laragon\www\eztaller\proys\admgescol\back\app\Controllers\Api\V1\UserController.php(224): CodeIgniter\BaseModel->first()
#6 C:\laragon\www\eztaller\proys\admgescol\back\system\CodeIgniter.php(934): App\Controllers\Api\V1\UserController->signIn()
#7 C:\laragon\www\eztaller\proys\admgescol\back\system\CodeIgniter.php(499): CodeIgniter\CodeIgniter->runController(Object(App\Controllers\Api\V1\UserController))
#8 C:\laragon\www\eztaller\proys\admgescol\back\system\CodeIgniter.php(368): CodeIgniter\CodeIgniter->handleRequest(NULL, Object(Config\Cache), false)
#9 C:\laragon\www\eztaller\proys\admgescol\back\public\index.php(76): CodeIgniter\CodeIgniter->run()
#10 {main}
CRITICAL - 2024-06-03 16:55:21 --> Unable to connect to the database.
Main connection [MySQLi]: Unknown database 'admgescol'
in SYSTEMPATH\Database\BaseConnection.php on line 427.
 1 SYSTEMPATH\Database\BaseConnection.php(573): CodeIgniter\Database\BaseConnection->initialize()
 2 SYSTEMPATH\Database\BaseBuilder.php(1602): CodeIgniter\Database\BaseConnection->query('SELECT *
FROM `users`
WHERE `userEmail` = :userEmail:
AND `users`.`deleted_at` IS NULL
 LIMIT 1', [...], false)
 3 SYSTEMPATH\Model.php(267): CodeIgniter\Database\BaseBuilder->get()
 4 SYSTEMPATH\BaseModel.php(656): CodeIgniter\Model->doFirst()
 5 APPPATH\Controllers\Api\V1\UserController.php(224): CodeIgniter\BaseModel->first()
 6 SYSTEMPATH\CodeIgniter.php(934): App\Controllers\Api\V1\UserController->signIn()
 7 SYSTEMPATH\CodeIgniter.php(499): CodeIgniter\CodeIgniter->runController(Object(App\Controllers\Api\V1\UserController))
 8 SYSTEMPATH\CodeIgniter.php(368): CodeIgniter\CodeIgniter->handleRequest(null, Object(Config\Cache), false)
 9 FCPATH\index.php(76): CodeIgniter\CodeIgniter->run()
ERROR - 2024-06-03 16:55:30 --> Error connecting to the database: mysqli_sql_exception: Unknown database 'admgescol' in C:\laragon\www\eztaller\proys\admgescol\back\system\Database\MySQLi\Connection.php:174
Stack trace:
#0 C:\laragon\www\eztaller\proys\admgescol\back\system\Database\MySQLi\Connection.php(174): mysqli->real_connect('localhost', 'root', '', 'admgescol', 3306, '', 0)
#1 C:\laragon\www\eztaller\proys\admgescol\back\system\Database\BaseConnection.php(391): CodeIgniter\Database\MySQLi\Connection->connect(false)
#2 C:\laragon\www\eztaller\proys\admgescol\back\system\Database\BaseConnection.php(573): CodeIgniter\Database\BaseConnection->initialize()
#3 C:\laragon\www\eztaller\proys\admgescol\back\system\Database\BaseBuilder.php(1602): CodeIgniter\Database\BaseConnection->query('SELECT *\nFROM `...', Array, false)
#4 C:\laragon\www\eztaller\proys\admgescol\back\system\Model.php(267): CodeIgniter\Database\BaseBuilder->get()
#5 C:\laragon\www\eztaller\proys\admgescol\back\system\BaseModel.php(656): CodeIgniter\Model->doFirst()
#6 C:\laragon\www\eztaller\proys\admgescol\back\app\Controllers\Api\V1\UserController.php(224): CodeIgniter\BaseModel->first()
#7 C:\laragon\www\eztaller\proys\admgescol\back\system\CodeIgniter.php(934): App\Controllers\Api\V1\UserController->signIn()
#8 C:\laragon\www\eztaller\proys\admgescol\back\system\CodeIgniter.php(499): CodeIgniter\CodeIgniter->runController(Object(App\Controllers\Api\V1\UserController))
#9 C:\laragon\www\eztaller\proys\admgescol\back\system\CodeIgniter.php(368): CodeIgniter\CodeIgniter->handleRequest(NULL, Object(Config\Cache), false)
#10 C:\laragon\www\eztaller\proys\admgescol\back\public\index.php(76): CodeIgniter\CodeIgniter->run()
#11 {main}

Next CodeIgniter\Database\Exceptions\DatabaseException: Unknown database 'admgescol' in C:\laragon\www\eztaller\proys\admgescol\back\system\Database\MySQLi\Connection.php:218
Stack trace:
#0 C:\laragon\www\eztaller\proys\admgescol\back\system\Database\BaseConnection.php(391): CodeIgniter\Database\MySQLi\Connection->connect(false)
#1 C:\laragon\www\eztaller\proys\admgescol\back\system\Database\BaseConnection.php(573): CodeIgniter\Database\BaseConnection->initialize()
#2 C:\laragon\www\eztaller\proys\admgescol\back\system\Database\BaseBuilder.php(1602): CodeIgniter\Database\BaseConnection->query('SELECT *\nFROM `...', Array, false)
#3 C:\laragon\www\eztaller\proys\admgescol\back\system\Model.php(267): CodeIgniter\Database\BaseBuilder->get()
#4 C:\laragon\www\eztaller\proys\admgescol\back\system\BaseModel.php(656): CodeIgniter\Model->doFirst()
#5 C:\laragon\www\eztaller\proys\admgescol\back\app\Controllers\Api\V1\UserController.php(224): CodeIgniter\BaseModel->first()
#6 C:\laragon\www\eztaller\proys\admgescol\back\system\CodeIgniter.php(934): App\Controllers\Api\V1\UserController->signIn()
#7 C:\laragon\www\eztaller\proys\admgescol\back\system\CodeIgniter.php(499): CodeIgniter\CodeIgniter->runController(Object(App\Controllers\Api\V1\UserController))
#8 C:\laragon\www\eztaller\proys\admgescol\back\system\CodeIgniter.php(368): CodeIgniter\CodeIgniter->handleRequest(NULL, Object(Config\Cache), false)
#9 C:\laragon\www\eztaller\proys\admgescol\back\public\index.php(76): CodeIgniter\CodeIgniter->run()
#10 {main}
CRITICAL - 2024-06-03 16:55:30 --> Unable to connect to the database.
Main connection [MySQLi]: Unknown database 'admgescol'
in SYSTEMPATH\Database\BaseConnection.php on line 427.
 1 SYSTEMPATH\Database\BaseConnection.php(573): CodeIgniter\Database\BaseConnection->initialize()
 2 SYSTEMPATH\Database\BaseBuilder.php(1602): CodeIgniter\Database\BaseConnection->query('SELECT *
FROM `users`
WHERE `userEmail` = :userEmail:
AND `users`.`deleted_at` IS NULL
 LIMIT 1', [...], false)
 3 SYSTEMPATH\Model.php(267): CodeIgniter\Database\BaseBuilder->get()
 4 SYSTEMPATH\BaseModel.php(656): CodeIgniter\Model->doFirst()
 5 APPPATH\Controllers\Api\V1\UserController.php(224): CodeIgniter\BaseModel->first()
 6 SYSTEMPATH\CodeIgniter.php(934): App\Controllers\Api\V1\UserController->signIn()
 7 SYSTEMPATH\CodeIgniter.php(499): CodeIgniter\CodeIgniter->runController(Object(App\Controllers\Api\V1\UserController))
 8 SYSTEMPATH\CodeIgniter.php(368): CodeIgniter\CodeIgniter->handleRequest(null, Object(Config\Cache), false)
 9 FCPATH\index.php(76): CodeIgniter\CodeIgniter->run()
ERROR - 2024-06-03 16:56:04 --> Error connecting to the database: mysqli_sql_exception: Unknown database 'admgescol' in C:\laragon\www\eztaller\proys\admgescol\back\system\Database\MySQLi\Connection.php:174
Stack trace:
#0 C:\laragon\www\eztaller\proys\admgescol\back\system\Database\MySQLi\Connection.php(174): mysqli->real_connect('localhost', 'root', '', 'admgescol', 3306, '', 0)
#1 C:\laragon\www\eztaller\proys\admgescol\back\system\Database\BaseConnection.php(391): CodeIgniter\Database\MySQLi\Connection->connect(false)
#2 C:\laragon\www\eztaller\proys\admgescol\back\system\Database\BaseConnection.php(573): CodeIgniter\Database\BaseConnection->initialize()
#3 C:\laragon\www\eztaller\proys\admgescol\back\system\Database\BaseBuilder.php(1602): CodeIgniter\Database\BaseConnection->query('SELECT *\nFROM `...', Array, false)
#4 C:\laragon\www\eztaller\proys\admgescol\back\system\Model.php(240): CodeIgniter\Database\BaseBuilder->get()
#5 C:\laragon\www\eztaller\proys\admgescol\back\system\BaseModel.php(618): CodeIgniter\Model->doFindAll(0, 0)
#6 C:\laragon\www\eztaller\proys\admgescol\back\app\Controllers\Api\V1\UserController.php(34): CodeIgniter\BaseModel->findAll()
#7 C:\laragon\www\eztaller\proys\admgescol\back\system\CodeIgniter.php(934): App\Controllers\Api\V1\UserController->index()
#8 C:\laragon\www\eztaller\proys\admgescol\back\system\CodeIgniter.php(499): CodeIgniter\CodeIgniter->runController(Object(App\Controllers\Api\V1\UserController))
#9 C:\laragon\www\eztaller\proys\admgescol\back\system\CodeIgniter.php(368): CodeIgniter\CodeIgniter->handleRequest(NULL, Object(Config\Cache), false)
#10 C:\laragon\www\eztaller\proys\admgescol\back\public\index.php(76): CodeIgniter\CodeIgniter->run()
#11 {main}

Next CodeIgniter\Database\Exceptions\DatabaseException: Unknown database 'admgescol' in C:\laragon\www\eztaller\proys\admgescol\back\system\Database\MySQLi\Connection.php:218
Stack trace:
#0 C:\laragon\www\eztaller\proys\admgescol\back\system\Database\BaseConnection.php(391): CodeIgniter\Database\MySQLi\Connection->connect(false)
#1 C:\laragon\www\eztaller\proys\admgescol\back\system\Database\BaseConnection.php(573): CodeIgniter\Database\BaseConnection->initialize()
#2 C:\laragon\www\eztaller\proys\admgescol\back\system\Database\BaseBuilder.php(1602): CodeIgniter\Database\BaseConnection->query('SELECT *\nFROM `...', Array, false)
#3 C:\laragon\www\eztaller\proys\admgescol\back\system\Model.php(240): CodeIgniter\Database\BaseBuilder->get()
#4 C:\laragon\www\eztaller\proys\admgescol\back\system\BaseModel.php(618): CodeIgniter\Model->doFindAll(0, 0)
#5 C:\laragon\www\eztaller\proys\admgescol\back\app\Controllers\Api\V1\UserController.php(34): CodeIgniter\BaseModel->findAll()
#6 C:\laragon\www\eztaller\proys\admgescol\back\system\CodeIgniter.php(934): App\Controllers\Api\V1\UserController->index()
#7 C:\laragon\www\eztaller\proys\admgescol\back\system\CodeIgniter.php(499): CodeIgniter\CodeIgniter->runController(Object(App\Controllers\Api\V1\UserController))
#8 C:\laragon\www\eztaller\proys\admgescol\back\system\CodeIgniter.php(368): CodeIgniter\CodeIgniter->handleRequest(NULL, Object(Config\Cache), false)
#9 C:\laragon\www\eztaller\proys\admgescol\back\public\index.php(76): CodeIgniter\CodeIgniter->run()
#10 {main}
CRITICAL - 2024-06-03 16:56:04 --> Unable to connect to the database.
Main connection [MySQLi]: Unknown database 'admgescol'
in SYSTEMPATH\Database\BaseConnection.php on line 427.
 1 SYSTEMPATH\Database\BaseConnection.php(573): CodeIgniter\Database\BaseConnection->initialize()
 2 SYSTEMPATH\Database\BaseBuilder.php(1602): CodeIgniter\Database\BaseConnection->query('SELECT *
FROM `users`
WHERE `users`.`deleted_at` IS NULL', [], false)
 3 SYSTEMPATH\Model.php(240): CodeIgniter\Database\BaseBuilder->get()
 4 SYSTEMPATH\BaseModel.php(618): CodeIgniter\Model->doFindAll(0, 0)
 5 APPPATH\Controllers\Api\V1\UserController.php(34): CodeIgniter\BaseModel->findAll()
 6 SYSTEMPATH\CodeIgniter.php(934): App\Controllers\Api\V1\UserController->index()
 7 SYSTEMPATH\CodeIgniter.php(499): CodeIgniter\CodeIgniter->runController(Object(App\Controllers\Api\V1\UserController))
 8 SYSTEMPATH\CodeIgniter.php(368): CodeIgniter\CodeIgniter->handleRequest(null, Object(Config\Cache), false)
 9 FCPATH\index.php(76): CodeIgniter\CodeIgniter->run()
ERROR - 2024-06-03 16:56:49 --> Error connecting to the database: mysqli_sql_exception: Unknown database 'gescolcl_admgescol' in C:\laragon\www\eztaller\proys\admgescol\back\system\Database\MySQLi\Connection.php:174
Stack trace:
#0 C:\laragon\www\eztaller\proys\admgescol\back\system\Database\MySQLi\Connection.php(174): mysqli->real_connect('localhost', 'root', '', 'gescolcl_admges...', 3306, '', 0)
#1 C:\laragon\www\eztaller\proys\admgescol\back\system\Database\BaseConnection.php(391): CodeIgniter\Database\MySQLi\Connection->connect(false)
#2 C:\laragon\www\eztaller\proys\admgescol\back\system\Database\BaseConnection.php(573): CodeIgniter\Database\BaseConnection->initialize()
#3 C:\laragon\www\eztaller\proys\admgescol\back\system\Database\BaseBuilder.php(1602): CodeIgniter\Database\BaseConnection->query('SELECT *\nFROM `...', Array, false)
#4 C:\laragon\www\eztaller\proys\admgescol\back\system\Model.php(267): CodeIgniter\Database\BaseBuilder->get()
#5 C:\laragon\www\eztaller\proys\admgescol\back\system\BaseModel.php(656): CodeIgniter\Model->doFirst()
#6 C:\laragon\www\eztaller\proys\admgescol\back\app\Controllers\Api\V1\UserController.php(224): CodeIgniter\BaseModel->first()
#7 C:\laragon\www\eztaller\proys\admgescol\back\system\CodeIgniter.php(934): App\Controllers\Api\V1\UserController->signIn()
#8 C:\laragon\www\eztaller\proys\admgescol\back\system\CodeIgniter.php(499): CodeIgniter\CodeIgniter->runController(Object(App\Controllers\Api\V1\UserController))
#9 C:\laragon\www\eztaller\proys\admgescol\back\system\CodeIgniter.php(368): CodeIgniter\CodeIgniter->handleRequest(NULL, Object(Config\Cache), false)
#10 C:\laragon\www\eztaller\proys\admgescol\back\public\index.php(76): CodeIgniter\CodeIgniter->run()
#11 {main}

Next CodeIgniter\Database\Exceptions\DatabaseException: Unknown database 'gescolcl_admgescol' in C:\laragon\www\eztaller\proys\admgescol\back\system\Database\MySQLi\Connection.php:218
Stack trace:
#0 C:\laragon\www\eztaller\proys\admgescol\back\system\Database\BaseConnection.php(391): CodeIgniter\Database\MySQLi\Connection->connect(false)
#1 C:\laragon\www\eztaller\proys\admgescol\back\system\Database\BaseConnection.php(573): CodeIgniter\Database\BaseConnection->initialize()
#2 C:\laragon\www\eztaller\proys\admgescol\back\system\Database\BaseBuilder.php(1602): CodeIgniter\Database\BaseConnection->query('SELECT *\nFROM `...', Array, false)
#3 C:\laragon\www\eztaller\proys\admgescol\back\system\Model.php(267): CodeIgniter\Database\BaseBuilder->get()
#4 C:\laragon\www\eztaller\proys\admgescol\back\system\BaseModel.php(656): CodeIgniter\Model->doFirst()
#5 C:\laragon\www\eztaller\proys\admgescol\back\app\Controllers\Api\V1\UserController.php(224): CodeIgniter\BaseModel->first()
#6 C:\laragon\www\eztaller\proys\admgescol\back\system\CodeIgniter.php(934): App\Controllers\Api\V1\UserController->signIn()
#7 C:\laragon\www\eztaller\proys\admgescol\back\system\CodeIgniter.php(499): CodeIgniter\CodeIgniter->runController(Object(App\Controllers\Api\V1\UserController))
#8 C:\laragon\www\eztaller\proys\admgescol\back\system\CodeIgniter.php(368): CodeIgniter\CodeIgniter->handleRequest(NULL, Object(Config\Cache), false)
#9 C:\laragon\www\eztaller\proys\admgescol\back\public\index.php(76): CodeIgniter\CodeIgniter->run()
#10 {main}
CRITICAL - 2024-06-03 16:56:49 --> Unable to connect to the database.
Main connection [MySQLi]: Unknown database 'gescolcl_admgescol'
in SYSTEMPATH\Database\BaseConnection.php on line 427.
 1 SYSTEMPATH\Database\BaseConnection.php(573): CodeIgniter\Database\BaseConnection->initialize()
 2 SYSTEMPATH\Database\BaseBuilder.php(1602): CodeIgniter\Database\BaseConnection->query('SELECT *
FROM `users`
WHERE `userEmail` = :userEmail:
AND `users`.`deleted_at` IS NULL
 LIMIT 1', [...], false)
 3 SYSTEMPATH\Model.php(267): CodeIgniter\Database\BaseBuilder->get()
 4 SYSTEMPATH\BaseModel.php(656): CodeIgniter\Model->doFirst()
 5 APPPATH\Controllers\Api\V1\UserController.php(224): CodeIgniter\BaseModel->first()
 6 SYSTEMPATH\CodeIgniter.php(934): App\Controllers\Api\V1\UserController->signIn()
 7 SYSTEMPATH\CodeIgniter.php(499): CodeIgniter\CodeIgniter->runController(Object(App\Controllers\Api\V1\UserController))
 8 SYSTEMPATH\CodeIgniter.php(368): CodeIgniter\CodeIgniter->handleRequest(null, Object(Config\Cache), false)
 9 FCPATH\index.php(76): CodeIgniter\CodeIgniter->run()
ERROR - 2024-06-03 16:56:52 --> Error connecting to the database: mysqli_sql_exception: Unknown database 'gescolcl_admgescol' in C:\laragon\www\eztaller\proys\admgescol\back\system\Database\MySQLi\Connection.php:174
Stack trace:
#0 C:\laragon\www\eztaller\proys\admgescol\back\system\Database\MySQLi\Connection.php(174): mysqli->real_connect('localhost', 'root', '', 'gescolcl_admges...', 3306, '', 0)
#1 C:\laragon\www\eztaller\proys\admgescol\back\system\Database\BaseConnection.php(391): CodeIgniter\Database\MySQLi\Connection->connect(false)
#2 C:\laragon\www\eztaller\proys\admgescol\back\system\Database\BaseConnection.php(573): CodeIgniter\Database\BaseConnection->initialize()
#3 C:\laragon\www\eztaller\proys\admgescol\back\system\Database\BaseBuilder.php(1602): CodeIgniter\Database\BaseConnection->query('SELECT *\nFROM `...', Array, false)
#4 C:\laragon\www\eztaller\proys\admgescol\back\system\Model.php(240): CodeIgniter\Database\BaseBuilder->get()
#5 C:\laragon\www\eztaller\proys\admgescol\back\system\BaseModel.php(618): CodeIgniter\Model->doFindAll(0, 0)
#6 C:\laragon\www\eztaller\proys\admgescol\back\app\Controllers\Api\V1\UserController.php(34): CodeIgniter\BaseModel->findAll()
#7 C:\laragon\www\eztaller\proys\admgescol\back\system\CodeIgniter.php(934): App\Controllers\Api\V1\UserController->index()
#8 C:\laragon\www\eztaller\proys\admgescol\back\system\CodeIgniter.php(499): CodeIgniter\CodeIgniter->runController(Object(App\Controllers\Api\V1\UserController))
#9 C:\laragon\www\eztaller\proys\admgescol\back\system\CodeIgniter.php(368): CodeIgniter\CodeIgniter->handleRequest(NULL, Object(Config\Cache), false)
#10 C:\laragon\www\eztaller\proys\admgescol\back\public\index.php(76): CodeIgniter\CodeIgniter->run()
#11 {main}

Next CodeIgniter\Database\Exceptions\DatabaseException: Unknown database 'gescolcl_admgescol' in C:\laragon\www\eztaller\proys\admgescol\back\system\Database\MySQLi\Connection.php:218
Stack trace:
#0 C:\laragon\www\eztaller\proys\admgescol\back\system\Database\BaseConnection.php(391): CodeIgniter\Database\MySQLi\Connection->connect(false)
#1 C:\laragon\www\eztaller\proys\admgescol\back\system\Database\BaseConnection.php(573): CodeIgniter\Database\BaseConnection->initialize()
#2 C:\laragon\www\eztaller\proys\admgescol\back\system\Database\BaseBuilder.php(1602): CodeIgniter\Database\BaseConnection->query('SELECT *\nFROM `...', Array, false)
#3 C:\laragon\www\eztaller\proys\admgescol\back\system\Model.php(240): CodeIgniter\Database\BaseBuilder->get()
#4 C:\laragon\www\eztaller\proys\admgescol\back\system\BaseModel.php(618): CodeIgniter\Model->doFindAll(0, 0)
#5 C:\laragon\www\eztaller\proys\admgescol\back\app\Controllers\Api\V1\UserController.php(34): CodeIgniter\BaseModel->findAll()
#6 C:\laragon\www\eztaller\proys\admgescol\back\system\CodeIgniter.php(934): App\Controllers\Api\V1\UserController->index()
#7 C:\laragon\www\eztaller\proys\admgescol\back\system\CodeIgniter.php(499): CodeIgniter\CodeIgniter->runController(Object(App\Controllers\Api\V1\UserController))
#8 C:\laragon\www\eztaller\proys\admgescol\back\system\CodeIgniter.php(368): CodeIgniter\CodeIgniter->handleRequest(NULL, Object(Config\Cache), false)
#9 C:\laragon\www\eztaller\proys\admgescol\back\public\index.php(76): CodeIgniter\CodeIgniter->run()
#10 {main}
CRITICAL - 2024-06-03 16:56:52 --> Unable to connect to the database.
Main connection [MySQLi]: Unknown database 'gescolcl_admgescol'
in SYSTEMPATH\Database\BaseConnection.php on line 427.
 1 SYSTEMPATH\Database\BaseConnection.php(573): CodeIgniter\Database\BaseConnection->initialize()
 2 SYSTEMPATH\Database\BaseBuilder.php(1602): CodeIgniter\Database\BaseConnection->query('SELECT *
FROM `users`
WHERE `users`.`deleted_at` IS NULL', [], false)
 3 SYSTEMPATH\Model.php(240): CodeIgniter\Database\BaseBuilder->get()
 4 SYSTEMPATH\BaseModel.php(618): CodeIgniter\Model->doFindAll(0, 0)
 5 APPPATH\Controllers\Api\V1\UserController.php(34): CodeIgniter\BaseModel->findAll()
 6 SYSTEMPATH\CodeIgniter.php(934): App\Controllers\Api\V1\UserController->index()
 7 SYSTEMPATH\CodeIgniter.php(499): CodeIgniter\CodeIgniter->runController(Object(App\Controllers\Api\V1\UserController))
 8 SYSTEMPATH\CodeIgniter.php(368): CodeIgniter\CodeIgniter->handleRequest(null, Object(Config\Cache), false)
 9 FCPATH\index.php(76): CodeIgniter\CodeIgniter->run()
