CRITICAL - 2024-08-07 16:00:46 --> This PDF document probably uses a compression technique which is not supported by the free parser shipped with FPDI. (See https://www.setasign.com/fpdi-pdf-parser for more details)
in VENDORPATH\setasign\fpdi\src\PdfParser\CrossReference\CrossReference.php on line 257.
 1 VENDORPATH\setasign\fpdi\src\PdfParser\CrossReference\CrossReference.php(209): setasign\Fpdi\PdfParser\CrossReference\CrossReference->initReaderInstance(Object(setasign\Fpdi\PdfParser\Type\PdfIndirectObject))
 2 VENDORPATH\setasign\fpdi\src\PdfParser\CrossReference\CrossReference.php(67): setasign\Fpdi\PdfParser\CrossReference\CrossReference->readXref(120213)
 3 VENDORPATH\setasign\fpdi\src\PdfParser\PdfParser.php(158): setasign\Fpdi\PdfParser\CrossReference\CrossReference->__construct(Object(setasign\Fpdi\PdfParser\PdfParser), 0)
 4 VENDORPATH\setasign\fpdi\src\PdfParser\PdfParser.php(206): setasign\Fpdi\PdfParser\PdfParser->getCrossReference()
 5 VENDORPATH\setasign\fpdi\src\PdfParser\PdfParser.php(182): setasign\Fpdi\PdfParser\PdfParser->getCatalog()
 6 VENDORPATH\setasign\fpdi\src\PdfReader\PdfReader.php(84): setasign\Fpdi\PdfParser\PdfParser->getPdfVersion()
 7 VENDORPATH\setasign\fpdi\src\FpdiTrait.php(237): setasign\Fpdi\PdfReader\PdfReader->getPdfVersion()
 8 VENDORPATH\setasign\fpdi\src\FpdiTrait.php(216): setasign\Fpdi\Fpdi->setSourceFileWithParserParams('ROOTPATH\\writable\\temp\\uploaded_file_1723046445.pdf')
 9 APPPATH\Controllers\Api\V1\DocumentoController.php(835): setasign\Fpdi\Fpdi->setSourceFile('ROOTPATH\\writable\\temp\\uploaded_file_1723046445.pdf')
10 APPPATH\Controllers\Api\V1\DocumentoController.php(801): App\Controllers\Api\V1\DocumentoController->convertPdfToVersion12('ROOTPATH\\writable\\temp\\uploaded_file_1723046445.pdf', 'temp_converted.pdf')
11 APPPATH\Controllers\Api\V1\DocumentoController.php(722): App\Controllers\Api\V1\DocumentoController->findTextInPDF('ROOTPATH\\writable\\temp\\uploaded_file_1723046445.pdf', '15829807')
12 SYSTEMPATH\CodeIgniter.php(934): App\Controllers\Api\V1\DocumentoController->uploadDocumento()
13 SYSTEMPATH\CodeIgniter.php(499): CodeIgniter\CodeIgniter->runController(Object(App\Controllers\Api\V1\DocumentoController))
14 SYSTEMPATH\CodeIgniter.php(368): CodeIgniter\CodeIgniter->handleRequest(null, Object(Config\Cache), false)
15 FCPATH\index.php(78): CodeIgniter\CodeIgniter->run()
CRITICAL - 2024-08-07 16:10:21 --> Call to undefined method App\Controllers\Api\V1\DocumentoController::convertPdfToVersion12()
in APPPATH\Controllers\Api\V1\DocumentoController.php on line 802.
 1 APPPATH\Controllers\Api\V1\DocumentoController.php(723): App\Controllers\Api\V1\DocumentoController->findTextInPDF('ROOTPATH\\writable\\temp\\uploaded_file_1723047020.pdf', '15829807')
 2 SYSTEMPATH\CodeIgniter.php(934): App\Controllers\Api\V1\DocumentoController->uploadDocumento()
 3 SYSTEMPATH\CodeIgniter.php(499): CodeIgniter\CodeIgniter->runController(Object(App\Controllers\Api\V1\DocumentoController))
 4 SYSTEMPATH\CodeIgniter.php(368): CodeIgniter\CodeIgniter->handleRequest(null, Object(Config\Cache), false)
 5 FCPATH\index.php(78): CodeIgniter\CodeIgniter->run()
CRITICAL - 2024-08-07 16:10:47 --> Class "App\Controllers\Api\V1\mikehaertl\pdfable\Pdf" not found
in APPPATH\Controllers\Api\V1\DocumentoController.php on line 836.
 1 APPPATH\Controllers\Api\V1\DocumentoController.php(802): App\Controllers\Api\V1\DocumentoController->convertPdfToVersion12('ROOTPATH\\writable\\temp\\uploaded_file_1723047047.pdf', 'temp_converted.pdf')
 2 APPPATH\Controllers\Api\V1\DocumentoController.php(723): App\Controllers\Api\V1\DocumentoController->findTextInPDF('ROOTPATH\\writable\\temp\\uploaded_file_1723047047.pdf', '15829807')
 3 SYSTEMPATH\CodeIgniter.php(934): App\Controllers\Api\V1\DocumentoController->uploadDocumento()
 4 SYSTEMPATH\CodeIgniter.php(499): CodeIgniter\CodeIgniter->runController(Object(App\Controllers\Api\V1\DocumentoController))
 5 SYSTEMPATH\CodeIgniter.php(368): CodeIgniter\CodeIgniter->handleRequest(null, Object(Config\Cache), false)
 6 FCPATH\index.php(78): CodeIgniter\CodeIgniter->run()
CRITICAL - 2024-08-07 16:11:15 --> Class "App\Controllers\Api\V1\mikehaertl\pdf\Pdf" not found
in APPPATH\Controllers\Api\V1\DocumentoController.php on line 836.
 1 APPPATH\Controllers\Api\V1\DocumentoController.php(802): App\Controllers\Api\V1\DocumentoController->convertPdfToVersion12('ROOTPATH\\writable\\temp\\uploaded_file_1723047075.pdf', 'temp_converted.pdf')
 2 APPPATH\Controllers\Api\V1\DocumentoController.php(723): App\Controllers\Api\V1\DocumentoController->findTextInPDF('ROOTPATH\\writable\\temp\\uploaded_file_1723047075.pdf', '15829807')
 3 SYSTEMPATH\CodeIgniter.php(934): App\Controllers\Api\V1\DocumentoController->uploadDocumento()
 4 SYSTEMPATH\CodeIgniter.php(499): CodeIgniter\CodeIgniter->runController(Object(App\Controllers\Api\V1\DocumentoController))
 5 SYSTEMPATH\CodeIgniter.php(368): CodeIgniter\CodeIgniter->handleRequest(null, Object(Config\Cache), false)
 6 FCPATH\index.php(78): CodeIgniter\CodeIgniter->run()
CRITICAL - 2024-08-07 16:34:37 --> This PDF document probably uses a compression technique which is not supported by the free parser shipped with FPDI. (See https://www.setasign.com/fpdi-pdf-parser for more details)
in VENDORPATH\setasign\fpdi\src\PdfParser\CrossReference\CrossReference.php on line 257.
 1 VENDORPATH\setasign\fpdi\src\PdfParser\CrossReference\CrossReference.php(209): setasign\Fpdi\PdfParser\CrossReference\CrossReference->initReaderInstance(Object(setasign\Fpdi\PdfParser\Type\PdfIndirectObject))
 2 VENDORPATH\setasign\fpdi\src\PdfParser\CrossReference\CrossReference.php(67): setasign\Fpdi\PdfParser\CrossReference\CrossReference->readXref(120124)
 3 VENDORPATH\setasign\fpdi\src\PdfParser\PdfParser.php(158): setasign\Fpdi\PdfParser\CrossReference\CrossReference->__construct(Object(setasign\Fpdi\PdfParser\PdfParser), 0)
 4 VENDORPATH\setasign\fpdi\src\PdfParser\PdfParser.php(206): setasign\Fpdi\PdfParser\PdfParser->getCrossReference()
 5 VENDORPATH\setasign\fpdi\src\PdfParser\PdfParser.php(182): setasign\Fpdi\PdfParser\PdfParser->getCatalog()
 6 VENDORPATH\setasign\fpdi\src\PdfReader\PdfReader.php(84): setasign\Fpdi\PdfParser\PdfParser->getPdfVersion()
 7 VENDORPATH\setasign\fpdi\src\FpdiTrait.php(237): setasign\Fpdi\PdfReader\PdfReader->getPdfVersion()
 8 VENDORPATH\setasign\fpdi\src\FpdiTrait.php(216): setasign\Fpdi\Fpdi->setSourceFileWithParserParams('ROOTPATH\\writable\\temp\\uploaded_file_1723048445.pdf')
 9 APPPATH\Controllers\Api\V1\DocumentoController.php(764): setasign\Fpdi\Fpdi->setSourceFile('ROOTPATH\\writable\\temp\\uploaded_file_1723048445.pdf')
10 SYSTEMPATH\CodeIgniter.php(934): App\Controllers\Api\V1\DocumentoController->uploadDocumento()
11 SYSTEMPATH\CodeIgniter.php(499): CodeIgniter\CodeIgniter->runController(Object(App\Controllers\Api\V1\DocumentoController))
12 SYSTEMPATH\CodeIgniter.php(368): CodeIgniter\CodeIgniter->handleRequest(null, Object(Config\Cache), false)
13 FCPATH\index.php(78): CodeIgniter\CodeIgniter->run()
CRITICAL - 2024-08-07 16:40:42 --> This PDF document probably uses a compression technique which is not supported by the free parser shipped with FPDI. (See https://www.setasign.com/fpdi-pdf-parser for more details)
in VENDORPATH\setasign\fpdi\src\PdfParser\CrossReference\CrossReference.php on line 257.
 1 VENDORPATH\setasign\fpdi\src\PdfParser\CrossReference\CrossReference.php(209): setasign\Fpdi\PdfParser\CrossReference\CrossReference->initReaderInstance(Object(setasign\Fpdi\PdfParser\Type\PdfIndirectObject))
 2 VENDORPATH\setasign\fpdi\src\PdfParser\CrossReference\CrossReference.php(67): setasign\Fpdi\PdfParser\CrossReference\CrossReference->readXref(120117)
 3 VENDORPATH\setasign\fpdi\src\PdfParser\PdfParser.php(158): setasign\Fpdi\PdfParser\CrossReference\CrossReference->__construct(Object(setasign\Fpdi\PdfParser\PdfParser), 0)
 4 VENDORPATH\setasign\fpdi\src\PdfParser\PdfParser.php(206): setasign\Fpdi\PdfParser\PdfParser->getCrossReference()
 5 VENDORPATH\setasign\fpdi\src\PdfParser\PdfParser.php(182): setasign\Fpdi\PdfParser\PdfParser->getCatalog()
 6 VENDORPATH\setasign\fpdi\src\PdfReader\PdfReader.php(84): setasign\Fpdi\PdfParser\PdfParser->getPdfVersion()
 7 VENDORPATH\setasign\fpdi\src\FpdiTrait.php(237): setasign\Fpdi\PdfReader\PdfReader->getPdfVersion()
 8 VENDORPATH\setasign\fpdi\src\FpdiTrait.php(216): setasign\Fpdi\Fpdi->setSourceFileWithParserParams('ROOTPATH\\writable\\temp\\uploaded_file_1723048816.pdf')
 9 APPPATH\Controllers\Api\V1\DocumentoController.php(764): setasign\Fpdi\Fpdi->setSourceFile('ROOTPATH\\writable\\temp\\uploaded_file_1723048816.pdf')
10 SYSTEMPATH\CodeIgniter.php(934): App\Controllers\Api\V1\DocumentoController->uploadDocumento()
11 SYSTEMPATH\CodeIgniter.php(499): CodeIgniter\CodeIgniter->runController(Object(App\Controllers\Api\V1\DocumentoController))
12 SYSTEMPATH\CodeIgniter.php(368): CodeIgniter\CodeIgniter->handleRequest(null, Object(Config\Cache), false)
13 FCPATH\index.php(78): CodeIgniter\CodeIgniter->run()
