CRITICAL - 2024-04-22 04:28:24 --> Undefined property: stdClass::$userEmail
in APPPATH\Controllers\Api\V1\UserController.php on line 225.
 1 APPPATH\Controllers\Api\V1\UserController.php(225): CodeIgniter\Debug\Exceptions->errorHandler(2, 'Undefined property: stdClass::$userEmail', 'APPPATH\\Controllers\\Api\\V1\\UserController.php', 225)
 2 SYSTEMPATH\CodeIgniter.php(934): App\Controllers\Api\V1\UserController->signIn()
 3 SYSTEMPATH\CodeIgniter.php(499): CodeIgniter\CodeIgniter->runController(Object(App\Controllers\Api\V1\UserController))
 4 SYSTEMPATH\CodeIgniter.php(368): CodeIgniter\CodeIgniter->handleRequest(null, Object(Config\Cache), false)
 5 FCPATH\index.php(76): CodeIgniter\CodeIgniter->run()
CRITICAL - 2024-04-22 04:29:57 --> Undefined property: stdClass::$userEmail
in APPPATH\Controllers\Api\V1\UserController.php on line 225.
 1 APPPATH\Controllers\Api\V1\UserController.php(225): CodeIgniter\Debug\Exceptions->errorHandler(2, 'Undefined property: stdClass::$userEmail', 'APPPATH\\Controllers\\Api\\V1\\UserController.php', 225)
 2 SYSTEMPATH\CodeIgniter.php(934): App\Controllers\Api\V1\UserController->signIn()
 3 SYSTEMPATH\CodeIgniter.php(499): CodeIgniter\CodeIgniter->runController(Object(App\Controllers\Api\V1\UserController))
 4 SYSTEMPATH\CodeIgniter.php(368): CodeIgniter\CodeIgniter->handleRequest(null, Object(Config\Cache), false)
 5 FCPATH\index.php(76): CodeIgniter\CodeIgniter->run()
CRITICAL - 2024-04-22 04:29:58 --> Undefined property: stdClass::$userEmail
in APPPATH\Controllers\Api\V1\UserController.php on line 225.
 1 APPPATH\Controllers\Api\V1\UserController.php(225): CodeIgniter\Debug\Exceptions->errorHandler(2, 'Undefined property: stdClass::$userEmail', 'APPPATH\\Controllers\\Api\\V1\\UserController.php', 225)
 2 SYSTEMPATH\CodeIgniter.php(934): App\Controllers\Api\V1\UserController->signIn()
 3 SYSTEMPATH\CodeIgniter.php(499): CodeIgniter\CodeIgniter->runController(Object(App\Controllers\Api\V1\UserController))
 4 SYSTEMPATH\CodeIgniter.php(368): CodeIgniter\CodeIgniter->handleRequest(null, Object(Config\Cache), false)
 5 FCPATH\index.php(76): CodeIgniter\CodeIgniter->run()
CRITICAL - 2024-04-22 04:33:08 --> Undefined property: stdClass::$userPassword
in APPPATH\Controllers\Api\V1\UserController.php on line 228.
 1 APPPATH\Controllers\Api\V1\UserController.php(228): CodeIgniter\Debug\Exceptions->errorHandler(2, 'Undefined property: stdClass::$userPassword', 'APPPATH\\Controllers\\Api\\V1\\UserController.php', 228)
 2 SYSTEMPATH\CodeIgniter.php(934): App\Controllers\Api\V1\UserController->signIn()
 3 SYSTEMPATH\CodeIgniter.php(499): CodeIgniter\CodeIgniter->runController(Object(App\Controllers\Api\V1\UserController))
 4 SYSTEMPATH\CodeIgniter.php(368): CodeIgniter\CodeIgniter->handleRequest(null, Object(Config\Cache), false)
 5 FCPATH\index.php(76): CodeIgniter\CodeIgniter->run()
CRITICAL - 2024-04-22 04:34:20 --> Undefined property: stdClass::$userEmail
in APPPATH\Controllers\Api\V1\UserController.php on line 224.
 1 APPPATH\Controllers\Api\V1\UserController.php(224): CodeIgniter\Debug\Exceptions->errorHandler(2, 'Undefined property: stdClass::$userEmail', 'APPPATH\\Controllers\\Api\\V1\\UserController.php', 224)
 2 SYSTEMPATH\CodeIgniter.php(934): App\Controllers\Api\V1\UserController->signIn()
 3 SYSTEMPATH\CodeIgniter.php(499): CodeIgniter\CodeIgniter->runController(Object(App\Controllers\Api\V1\UserController))
 4 SYSTEMPATH\CodeIgniter.php(368): CodeIgniter\CodeIgniter->handleRequest(null, Object(Config\Cache), false)
 5 FCPATH\index.php(76): CodeIgniter\CodeIgniter->run()
