CRITICAL - 2024-06-08 01:27:00 --> fopen(C:\laragon\www\eztaller\proys\admgescol\back\public\pdfs/pago_tag_jun24.pdf): Failed to open stream: No such file or directory
in APPPATH\Controllers\Api\V1\DocumentoController.php on line 337.
 1 [internal function]: CodeIgniter\Debug\Exceptions->errorHandler(2, 'fopen(C:\\laragon\\www\\eztaller\\proys\\admgescol\\back\\public\\pdfs/pago_tag_jun24.pdf): Failed to open stream: No such file or directory', 'APPPATH\\Controllers\\Api\\V1\\DocumentoController.php', 337)
 2 APPPATH\Controllers\Api\V1\DocumentoController.php(337): fopen('FCPATH\\pdfs/pago_tag_jun24.pdf', 'rb')
 3 APPPATH\Controllers\Api\V1\DocumentoController.php(161): App\Controllers\Api\V1\DocumentoController->findTextInPDF('FCPATH\\pdfs/pago_tag_jun24.pdf', '15829807')
 4 SYSTEMPATH\CodeIgniter.php(934): App\Controllers\Api\V1\DocumentoController->create()
 5 SYSTEMPATH\CodeIgniter.php(499): CodeIgniter\CodeIgniter->runController(Object(App\Controllers\Api\V1\DocumentoController))
 6 SYSTEMPATH\CodeIgniter.php(368): CodeIgniter\CodeIgniter->handleRequest(null, Object(Config\Cache), false)
 7 FCPATH\index.php(76): CodeIgniter\CodeIgniter->run()
CRITICAL - 2024-06-08 01:27:18 --> fopen(C:\laragon\www\eztaller\proys\admgescol\back\public\pdfs/pago_tag_jun24.pdf): Failed to open stream: No such file or directory
in APPPATH\Controllers\Api\V1\DocumentoController.php on line 337.
 1 [internal function]: CodeIgniter\Debug\Exceptions->errorHandler(2, 'fopen(C:\\laragon\\www\\eztaller\\proys\\admgescol\\back\\public\\pdfs/pago_tag_jun24.pdf): Failed to open stream: No such file or directory', 'APPPATH\\Controllers\\Api\\V1\\DocumentoController.php', 337)
 2 APPPATH\Controllers\Api\V1\DocumentoController.php(337): fopen('FCPATH\\pdfs/pago_tag_jun24.pdf', 'rb')
 3 APPPATH\Controllers\Api\V1\DocumentoController.php(161): App\Controllers\Api\V1\DocumentoController->findTextInPDF('FCPATH\\pdfs/pago_tag_jun24.pdf', '15829807')
 4 SYSTEMPATH\CodeIgniter.php(934): App\Controllers\Api\V1\DocumentoController->create()
 5 SYSTEMPATH\CodeIgniter.php(499): CodeIgniter\CodeIgniter->runController(Object(App\Controllers\Api\V1\DocumentoController))
 6 SYSTEMPATH\CodeIgniter.php(368): CodeIgniter\CodeIgniter->handleRequest(null, Object(Config\Cache), false)
 7 FCPATH\index.php(76): CodeIgniter\CodeIgniter->run()
CRITICAL - 2024-06-08 02:07:41 --> Class "PDFParser\PDFParser" not found
in APPPATH\Controllers\Api\V1\DocumentoController.php on line 355.
 1 APPPATH\Controllers\Api\V1\DocumentoController.php(173): App\Controllers\Api\V1\DocumentoController->findTextInPDF('FCPATH\\pdfs\\15829807.pdf', '15829807')
 2 SYSTEMPATH\CodeIgniter.php(934): App\Controllers\Api\V1\DocumentoController->create()
 3 SYSTEMPATH\CodeIgniter.php(499): CodeIgniter\CodeIgniter->runController(Object(App\Controllers\Api\V1\DocumentoController))
 4 SYSTEMPATH\CodeIgniter.php(368): CodeIgniter\CodeIgniter->handleRequest(null, Object(Config\Cache), false)
 5 FCPATH\index.php(76): CodeIgniter\CodeIgniter->run()
CRITICAL - 2024-06-08 02:13:29 --> Class "PDFParser\PDFParser" not found
in APPPATH\Controllers\Api\V1\DocumentoController.php on line 355.
 1 APPPATH\Controllers\Api\V1\DocumentoController.php(173): App\Controllers\Api\V1\DocumentoController->findTextInPDF('FCPATH\\pdfs\\15829807.pdf', '15829807')
 2 SYSTEMPATH\CodeIgniter.php(934): App\Controllers\Api\V1\DocumentoController->create()
 3 SYSTEMPATH\CodeIgniter.php(499): CodeIgniter\CodeIgniter->runController(Object(App\Controllers\Api\V1\DocumentoController))
 4 SYSTEMPATH\CodeIgniter.php(368): CodeIgniter\CodeIgniter->handleRequest(null, Object(Config\Cache), false)
 5 FCPATH\index.php(76): CodeIgniter\CodeIgniter->run()
CRITICAL - 2024-06-08 02:14:34 --> Class "PDFParser\PDFParser" not found
in APPPATH\Controllers\Api\V1\DocumentoController.php on line 355.
 1 APPPATH\Controllers\Api\V1\DocumentoController.php(173): App\Controllers\Api\V1\DocumentoController->findTextInPDF('FCPATH\\pdfs\\15829807.pdf', '15829807')
 2 SYSTEMPATH\CodeIgniter.php(934): App\Controllers\Api\V1\DocumentoController->create()
 3 SYSTEMPATH\CodeIgniter.php(499): CodeIgniter\CodeIgniter->runController(Object(App\Controllers\Api\V1\DocumentoController))
 4 SYSTEMPATH\CodeIgniter.php(368): CodeIgniter\CodeIgniter->handleRequest(null, Object(Config\Cache), false)
 5 FCPATH\index.php(76): CodeIgniter\CodeIgniter->run()
CRITICAL - 2024-06-08 02:14:59 --> Class "PDFParser\PDFParser" not found
in APPPATH\Controllers\Api\V1\DocumentoController.php on line 355.
 1 APPPATH\Controllers\Api\V1\DocumentoController.php(173): App\Controllers\Api\V1\DocumentoController->findTextInPDF('FCPATH\\pdfs\\15829807.pdf', '15829807')
 2 SYSTEMPATH\CodeIgniter.php(934): App\Controllers\Api\V1\DocumentoController->create()
 3 SYSTEMPATH\CodeIgniter.php(499): CodeIgniter\CodeIgniter->runController(Object(App\Controllers\Api\V1\DocumentoController))
 4 SYSTEMPATH\CodeIgniter.php(368): CodeIgniter\CodeIgniter->handleRequest(null, Object(Config\Cache), false)
 5 FCPATH\index.php(76): CodeIgniter\CodeIgniter->run()
CRITICAL - 2024-06-08 02:20:16 --> Class "PDFParser\PDFParser" not found
in APPPATH\Controllers\Api\V1\DocumentoController.php on line 355.
 1 APPPATH\Controllers\Api\V1\DocumentoController.php(173): App\Controllers\Api\V1\DocumentoController->findTextInPDF('FCPATH\\pdfs\\15829807.pdf', '15829807')
 2 SYSTEMPATH\CodeIgniter.php(934): App\Controllers\Api\V1\DocumentoController->create()
 3 SYSTEMPATH\CodeIgniter.php(499): CodeIgniter\CodeIgniter->runController(Object(App\Controllers\Api\V1\DocumentoController))
 4 SYSTEMPATH\CodeIgniter.php(368): CodeIgniter\CodeIgniter->handleRequest(null, Object(Config\Cache), false)
 5 FCPATH\index.php(78): CodeIgniter\CodeIgniter->run()
CRITICAL - 2024-06-08 02:24:38 --> Call to undefined method App\Controllers\Api\V1\DocumentoController::findTextInPDF()
in APPPATH\Controllers\Api\V1\DocumentoController.php on line 173.
 1 SYSTEMPATH\CodeIgniter.php(934): App\Controllers\Api\V1\DocumentoController->create()
 2 SYSTEMPATH\CodeIgniter.php(499): CodeIgniter\CodeIgniter->runController(Object(App\Controllers\Api\V1\DocumentoController))
 3 SYSTEMPATH\CodeIgniter.php(368): CodeIgniter\CodeIgniter->handleRequest(null, Object(Config\Cache), false)
 4 FCPATH\index.php(78): CodeIgniter\CodeIgniter->run()
CRITICAL - 2024-06-08 02:36:52 --> Class "Smalot\PDFParser\Parser" not found
in APPPATH\Controllers\Api\V1\DocumentoController.php on line 359.
 1 APPPATH\Controllers\Api\V1\DocumentoController.php(174): App\Controllers\Api\V1\DocumentoController->findTextInPDF('FCPATH\\pdfs\\15829807.pdf', '15829807')
 2 SYSTEMPATH\CodeIgniter.php(934): App\Controllers\Api\V1\DocumentoController->create()
 3 SYSTEMPATH\CodeIgniter.php(499): CodeIgniter\CodeIgniter->runController(Object(App\Controllers\Api\V1\DocumentoController))
 4 SYSTEMPATH\CodeIgniter.php(368): CodeIgniter\CodeIgniter->handleRequest(null, Object(Config\Cache), false)
 5 FCPATH\index.php(78): CodeIgniter\CodeIgniter->run()
CRITICAL - 2024-06-08 02:38:13 --> Class "Smalot\PDFParser\Parser" not found
in APPPATH\Controllers\Api\V1\DocumentoController.php on line 359.
 1 APPPATH\Controllers\Api\V1\DocumentoController.php(174): App\Controllers\Api\V1\DocumentoController->findTextInPDF('FCPATH\\pdfs\\15829807.pdf', '15829807')
 2 SYSTEMPATH\CodeIgniter.php(934): App\Controllers\Api\V1\DocumentoController->create()
 3 SYSTEMPATH\CodeIgniter.php(499): CodeIgniter\CodeIgniter->runController(Object(App\Controllers\Api\V1\DocumentoController))
 4 SYSTEMPATH\CodeIgniter.php(368): CodeIgniter\CodeIgniter->handleRequest(null, Object(Config\Cache), false)
 5 FCPATH\index.php(78): CodeIgniter\CodeIgniter->run()
CRITICAL - 2024-06-08 02:39:32 --> Class "Smalot\PDFParser\Parser" not found
in APPPATH\Controllers\Api\V1\DocumentoController.php on line 359.
 1 APPPATH\Controllers\Api\V1\DocumentoController.php(174): App\Controllers\Api\V1\DocumentoController->findTextInPDF('FCPATH\\pdfs\\15829807.pdf', '15829807')
 2 SYSTEMPATH\CodeIgniter.php(934): App\Controllers\Api\V1\DocumentoController->create()
 3 SYSTEMPATH\CodeIgniter.php(499): CodeIgniter\CodeIgniter->runController(Object(App\Controllers\Api\V1\DocumentoController))
 4 SYSTEMPATH\CodeIgniter.php(368): CodeIgniter\CodeIgniter->handleRequest(null, Object(Config\Cache), false)
 5 FCPATH\index.php(78): CodeIgniter\CodeIgniter->run()
