ERROR - 2024-08-27 22:55:30 --> mysqli_sql_exception: Unknown column 'rut' in 'where clause' in C:\laragon\www\eztaller\proys\admgescol\back\system\Database\MySQLi\Connection.php:295
Stack trace:
#0 C:\laragon\www\eztaller\proys\admgescol\back\system\Database\MySQLi\Connection.php(295): mysqli->query('SELECT *\nFROM `...', 0)
#1 C:\laragon\www\eztaller\proys\admgescol\back\system\Database\BaseConnection.php(691): CodeIgniter\Database\MySQLi\Connection->execute('SELECT *\nFROM `...')
#2 C:\laragon\www\eztaller\proys\admgescol\back\system\Database\BaseConnection.php(605): CodeIgniter\Database\BaseConnection->simpleQuery('SELECT *\nFROM `...')
#3 C:\laragon\www\eztaller\proys\admgescol\back\system\Database\BaseBuilder.php(1602): CodeIgniter\Database\BaseConnection->query('SELECT *\nFROM `...', Array, false)
#4 C:\laragon\www\eztaller\proys\admgescol\back\system\Model.php(267): CodeIgniter\Database\BaseBuilder->get()
#5 C:\laragon\www\eztaller\proys\admgescol\back\system\BaseModel.php(656): CodeIgniter\Model->doFirst()
#6 C:\laragon\www\eztaller\proys\admgescol\back\app\Controllers\Api\V1\UserController.php(68): CodeIgniter\BaseModel->first()
#7 C:\laragon\www\eztaller\proys\admgescol\back\system\CodeIgniter.php(934): App\Controllers\Api\V1\UserController->showByRut('19214377')
#8 C:\laragon\www\eztaller\proys\admgescol\back\system\CodeIgniter.php(499): CodeIgniter\CodeIgniter->runController(Object(App\Controllers\Api\V1\UserController))
#9 C:\laragon\www\eztaller\proys\admgescol\back\system\CodeIgniter.php(368): CodeIgniter\CodeIgniter->handleRequest(NULL, Object(Config\Cache), false)
#10 C:\laragon\www\eztaller\proys\admgescol\back\public\index.php(78): CodeIgniter\CodeIgniter->run()
#11 {main}
CRITICAL - 2024-08-27 22:55:30 --> Unknown column 'rut' in 'where clause'
in SYSTEMPATH\Database\BaseConnection.php on line 645.
 1 SYSTEMPATH\Database\BaseBuilder.php(1602): CodeIgniter\Database\BaseConnection->query('SELECT *
FROM `users`
WHERE `rut` = :rut:
AND `users`.`deleted_at` IS NULL
 LIMIT 1', [...], false)
 2 SYSTEMPATH\Model.php(267): CodeIgniter\Database\BaseBuilder->get()
 3 SYSTEMPATH\BaseModel.php(656): CodeIgniter\Model->doFirst()
 4 APPPATH\Controllers\Api\V1\UserController.php(68): CodeIgniter\BaseModel->first()
 5 SYSTEMPATH\CodeIgniter.php(934): App\Controllers\Api\V1\UserController->showByRut('19214377')
 6 SYSTEMPATH\CodeIgniter.php(499): CodeIgniter\CodeIgniter->runController(Object(App\Controllers\Api\V1\UserController))
 7 SYSTEMPATH\CodeIgniter.php(368): CodeIgniter\CodeIgniter->handleRequest(null, Object(Config\Cache), false)
 8 FCPATH\index.php(78): CodeIgniter\CodeIgniter->run()
CRITICAL - 2024-08-27 23:03:23 --> Object of class App\Entities\User could not be converted to string
in APPPATH\Controllers\Api\V1\UserController.php on line 74.
 1 SYSTEMPATH\CodeIgniter.php(934): App\Controllers\Api\V1\UserController->showByRut('19214377')
 2 SYSTEMPATH\CodeIgniter.php(499): CodeIgniter\CodeIgniter->runController(Object(App\Controllers\Api\V1\UserController))
 3 SYSTEMPATH\CodeIgniter.php(368): CodeIgniter\CodeIgniter->handleRequest(null, Object(Config\Cache), false)
 4 FCPATH\index.php(78): CodeIgniter\CodeIgniter->run()
CRITICAL - 2024-08-27 23:04:27 --> Call to undefined method App\Models\TrabajadorModel::findByRut
in SYSTEMPATH\Model.php on line 841.
 1 APPPATH\Controllers\Api\V1\UserController.php(76): CodeIgniter\Model->__call('findByRut', [...])
 2 SYSTEMPATH\CodeIgniter.php(934): App\Controllers\Api\V1\UserController->showByRut('19214377')
 3 SYSTEMPATH\CodeIgniter.php(499): CodeIgniter\CodeIgniter->runController(Object(App\Controllers\Api\V1\UserController))
 4 SYSTEMPATH\CodeIgniter.php(368): CodeIgniter\CodeIgniter->handleRequest(null, Object(Config\Cache), false)
 5 FCPATH\index.php(78): CodeIgniter\CodeIgniter->run()
CRITICAL - 2024-08-27 23:05:21 --> Call to undefined method App\Models\TrabajadorModel::findByRut
in SYSTEMPATH\Model.php on line 841.
 1 APPPATH\Controllers\Api\V1\UserController.php(78): CodeIgniter\Model->__call('findByRut', [...])
 2 SYSTEMPATH\CodeIgniter.php(934): App\Controllers\Api\V1\UserController->showByRut('19214377')
 3 SYSTEMPATH\CodeIgniter.php(499): CodeIgniter\CodeIgniter->runController(Object(App\Controllers\Api\V1\UserController))
 4 SYSTEMPATH\CodeIgniter.php(368): CodeIgniter\CodeIgniter->handleRequest(null, Object(Config\Cache), false)
 5 FCPATH\index.php(78): CodeIgniter\CodeIgniter->run()
