CRITICAL - 2024-07-23 14:25:27 --> Page number "0" out of available page range (1 - 1)
in VENDORPATH\setasign\fpdi\src\PdfReader\PdfReader.php on line 128.
 1 VENDORPATH\setasign\fpdi\src\FpdiTrait.php(287): setasign\Fpdi\PdfReader\PdfReader->getPage(0)
 2 APPPATH\Controllers\Api\V1\DocumentoController.php(461): setasign\Fpdi\Fpdi->importPage(0)
 3 SYSTEMPATH\CodeIgniter.php(934): App\Controllers\Api\V1\DocumentoController->uploadContratosDocumento()
 4 SYSTEMPATH\CodeIgniter.php(499): CodeIgniter\CodeIgniter->runController(Object(App\Controllers\Api\V1\DocumentoController))
 5 SYSTEMPATH\CodeIgniter.php(368): CodeIgniter\CodeIgniter->handleRequest(null, Object(Config\Cache), false)
 6 FCPATH\index.php(78): CodeIgniter\CodeIgniter->run()
CRITICAL - 2024-07-23 14:25:39 --> Page number "0" out of available page range (1 - 1)
in VENDORPATH\setasign\fpdi\src\PdfReader\PdfReader.php on line 128.
 1 VENDORPATH\setasign\fpdi\src\FpdiTrait.php(287): setasign\Fpdi\PdfReader\PdfReader->getPage(0)
 2 APPPATH\Controllers\Api\V1\DocumentoController.php(461): setasign\Fpdi\Fpdi->importPage(0)
 3 SYSTEMPATH\CodeIgniter.php(934): App\Controllers\Api\V1\DocumentoController->uploadContratosDocumento()
 4 SYSTEMPATH\CodeIgniter.php(499): CodeIgniter\CodeIgniter->runController(Object(App\Controllers\Api\V1\DocumentoController))
 5 SYSTEMPATH\CodeIgniter.php(368): CodeIgniter\CodeIgniter->handleRequest(null, Object(Config\Cache), false)
 6 FCPATH\index.php(78): CodeIgniter\CodeIgniter->run()
CRITICAL - 2024-07-23 14:26:51 --> Page number "0" out of available page range (1 - 1)
in VENDORPATH\setasign\fpdi\src\PdfReader\PdfReader.php on line 128.
 1 VENDORPATH\setasign\fpdi\src\FpdiTrait.php(287): setasign\Fpdi\PdfReader\PdfReader->getPage(0)
 2 APPPATH\Controllers\Api\V1\DocumentoController.php(461): setasign\Fpdi\Fpdi->importPage(0)
 3 SYSTEMPATH\CodeIgniter.php(934): App\Controllers\Api\V1\DocumentoController->uploadContratosDocumento()
 4 SYSTEMPATH\CodeIgniter.php(499): CodeIgniter\CodeIgniter->runController(Object(App\Controllers\Api\V1\DocumentoController))
 5 SYSTEMPATH\CodeIgniter.php(368): CodeIgniter\CodeIgniter->handleRequest(null, Object(Config\Cache), false)
 6 FCPATH\index.php(78): CodeIgniter\CodeIgniter->run()
CRITICAL - 2024-07-23 14:27:12 --> Page number "0" out of available page range (1 - 1)
in VENDORPATH\setasign\fpdi\src\PdfReader\PdfReader.php on line 128.
 1 VENDORPATH\setasign\fpdi\src\FpdiTrait.php(287): setasign\Fpdi\PdfReader\PdfReader->getPage(0)
 2 APPPATH\Controllers\Api\V1\DocumentoController.php(461): setasign\Fpdi\Fpdi->importPage(0)
 3 SYSTEMPATH\CodeIgniter.php(934): App\Controllers\Api\V1\DocumentoController->uploadContratosDocumento()
 4 SYSTEMPATH\CodeIgniter.php(499): CodeIgniter\CodeIgniter->runController(Object(App\Controllers\Api\V1\DocumentoController))
 5 SYSTEMPATH\CodeIgniter.php(368): CodeIgniter\CodeIgniter->handleRequest(null, Object(Config\Cache), false)
 6 FCPATH\index.php(78): CodeIgniter\CodeIgniter->run()
CRITICAL - 2024-07-23 14:27:21 --> Page number "0" out of available page range (1 - 1)
in VENDORPATH\setasign\fpdi\src\PdfReader\PdfReader.php on line 128.
 1 VENDORPATH\setasign\fpdi\src\FpdiTrait.php(287): setasign\Fpdi\PdfReader\PdfReader->getPage(0)
 2 APPPATH\Controllers\Api\V1\DocumentoController.php(461): setasign\Fpdi\Fpdi->importPage(0)
 3 SYSTEMPATH\CodeIgniter.php(934): App\Controllers\Api\V1\DocumentoController->uploadContratosDocumento()
 4 SYSTEMPATH\CodeIgniter.php(499): CodeIgniter\CodeIgniter->runController(Object(App\Controllers\Api\V1\DocumentoController))
 5 SYSTEMPATH\CodeIgniter.php(368): CodeIgniter\CodeIgniter->handleRequest(null, Object(Config\Cache), false)
 6 FCPATH\index.php(78): CodeIgniter\CodeIgniter->run()
CRITICAL - 2024-07-23 14:31:30 --> Attempt to read property "nombre" on array
in APPPATH\Controllers\Api\V1\DocumentoController.php on line 311.
 1 APPPATH\Controllers\Api\V1\DocumentoController.php(311): CodeIgniter\Debug\Exceptions->errorHandler(2, 'Attempt to read property "nombre" on array', 'APPPATH\\Controllers\\Api\\V1\\DocumentoController.php', 311)
 2 SYSTEMPATH\CodeIgniter.php(934): App\Controllers\Api\V1\DocumentoController->uploadVariosDocumento()
 3 SYSTEMPATH\CodeIgniter.php(499): CodeIgniter\CodeIgniter->runController(Object(App\Controllers\Api\V1\DocumentoController))
 4 SYSTEMPATH\CodeIgniter.php(368): CodeIgniter\CodeIgniter->handleRequest(null, Object(Config\Cache), false)
 5 FCPATH\index.php(78): CodeIgniter\CodeIgniter->run()
CRITICAL - 2024-07-23 14:32:06 --> Array to string conversion
in APPPATH\Controllers\Api\V1\DocumentoController.php on line 368.
 1 APPPATH\Controllers\Api\V1\DocumentoController.php(368): CodeIgniter\Debug\Exceptions->errorHandler(2, 'Array to string conversion', 'APPPATH\\Controllers\\Api\\V1\\DocumentoController.php', 368)
 2 SYSTEMPATH\CodeIgniter.php(934): App\Controllers\Api\V1\DocumentoController->uploadVariosDocumento()
 3 SYSTEMPATH\CodeIgniter.php(499): CodeIgniter\CodeIgniter->runController(Object(App\Controllers\Api\V1\DocumentoController))
 4 SYSTEMPATH\CodeIgniter.php(368): CodeIgniter\CodeIgniter->handleRequest(null, Object(Config\Cache), false)
 5 FCPATH\index.php(78): CodeIgniter\CodeIgniter->run()
