CRITICAL - 2024-08-30 03:47:41 --> Undefined property: stdClass::$trabajador
in APPPATH\Controllers\Api\V1\ComunicacionController.php on line 77.
 1 APPPATH\Controllers\Api\V1\ComunicacionController.php(77): CodeIgniter\Debug\Exceptions->errorHandler(2, 'Undefined property: stdClass::$trabajador', 'APPPATH\\Controllers\\Api\\V1\\ComunicacionController.php', 77)
 2 SYSTEMPATH\CodeIgniter.php(934): App\Controllers\Api\V1\ComunicacionController->create()
 3 SYSTEMPATH\CodeIgniter.php(499): CodeIgniter\CodeIgniter->runController(Object(App\Controllers\Api\V1\ComunicacionController))
 4 SYSTEMPATH\CodeIgniter.php(368): CodeIgniter\CodeIgniter->handleRequest(null, Object(Config\Cache), false)
 5 FCPATH\index.php(78): CodeIgniter\CodeIgniter->run()
ERROR - 2024-08-30 03:57:20 --> Error connecting to the database: mysqli_sql_exception: No se puede establecer una conexión ya que el equipo de destino denegó expresamente dicha conexión in C:\laragon\www\eztaller\proys\admgescol\back\system\Database\MySQLi\Connection.php:174
Stack trace:
#0 C:\laragon\www\eztaller\proys\admgescol\back\system\Database\MySQLi\Connection.php(174): mysqli->real_connect('localhost', 'root', '', 'gescolcl_adminr...', 3306, '', 0)
#1 C:\laragon\www\eztaller\proys\admgescol\back\system\Database\BaseConnection.php(391): CodeIgniter\Database\MySQLi\Connection->connect(false)
#2 C:\laragon\www\eztaller\proys\admgescol\back\system\Database\BaseConnection.php(573): CodeIgniter\Database\BaseConnection->initialize()
#3 C:\laragon\www\eztaller\proys\admgescol\back\system\Database\BaseBuilder.php(1602): CodeIgniter\Database\BaseConnection->query('SELECT *\nFROM `...', Array, false)
#4 C:\laragon\www\eztaller\proys\admgescol\back\system\Model.php(267): CodeIgniter\Database\BaseBuilder->get()
#5 C:\laragon\www\eztaller\proys\admgescol\back\system\BaseModel.php(656): CodeIgniter\Model->doFirst()
#6 C:\laragon\www\eztaller\proys\admgescol\back\app\Controllers\Api\V1\UserController.php(68): CodeIgniter\BaseModel->first()
#7 C:\laragon\www\eztaller\proys\admgescol\back\system\CodeIgniter.php(934): App\Controllers\Api\V1\UserController->showByRut('6117483')
#8 C:\laragon\www\eztaller\proys\admgescol\back\system\CodeIgniter.php(499): CodeIgniter\CodeIgniter->runController(Object(App\Controllers\Api\V1\UserController))
#9 C:\laragon\www\eztaller\proys\admgescol\back\system\CodeIgniter.php(368): CodeIgniter\CodeIgniter->handleRequest(NULL, Object(Config\Cache), false)
#10 C:\laragon\www\eztaller\proys\admgescol\back\public\index.php(78): CodeIgniter\CodeIgniter->run()
#11 {main}

Next CodeIgniter\Database\Exceptions\DatabaseException: No se puede establecer una conexión ya que el equipo de destino denegó expresamente dicha conexión in C:\laragon\www\eztaller\proys\admgescol\back\system\Database\MySQLi\Connection.php:218
Stack trace:
#0 C:\laragon\www\eztaller\proys\admgescol\back\system\Database\BaseConnection.php(391): CodeIgniter\Database\MySQLi\Connection->connect(false)
#1 C:\laragon\www\eztaller\proys\admgescol\back\system\Database\BaseConnection.php(573): CodeIgniter\Database\BaseConnection->initialize()
#2 C:\laragon\www\eztaller\proys\admgescol\back\system\Database\BaseBuilder.php(1602): CodeIgniter\Database\BaseConnection->query('SELECT *\nFROM `...', Array, false)
#3 C:\laragon\www\eztaller\proys\admgescol\back\system\Model.php(267): CodeIgniter\Database\BaseBuilder->get()
#4 C:\laragon\www\eztaller\proys\admgescol\back\system\BaseModel.php(656): CodeIgniter\Model->doFirst()
#5 C:\laragon\www\eztaller\proys\admgescol\back\app\Controllers\Api\V1\UserController.php(68): CodeIgniter\BaseModel->first()
#6 C:\laragon\www\eztaller\proys\admgescol\back\system\CodeIgniter.php(934): App\Controllers\Api\V1\UserController->showByRut('6117483')
#7 C:\laragon\www\eztaller\proys\admgescol\back\system\CodeIgniter.php(499): CodeIgniter\CodeIgniter->runController(Object(App\Controllers\Api\V1\UserController))
#8 C:\laragon\www\eztaller\proys\admgescol\back\system\CodeIgniter.php(368): CodeIgniter\CodeIgniter->handleRequest(NULL, Object(Config\Cache), false)
#9 C:\laragon\www\eztaller\proys\admgescol\back\public\index.php(78): CodeIgniter\CodeIgniter->run()
#10 {main}
CRITICAL - 2024-08-30 03:57:20 --> Unable to connect to the database.
Main connection [MySQLi]: No se puede establecer una conexión ya que el equipo de destino denegó expresamente dicha conexión
in SYSTEMPATH\Database\BaseConnection.php on line 427.
 1 SYSTEMPATH\Database\BaseConnection.php(573): CodeIgniter\Database\BaseConnection->initialize()
 2 SYSTEMPATH\Database\BaseBuilder.php(1602): CodeIgniter\Database\BaseConnection->query('SELECT *
FROM `users`
WHERE `userDNI` = :userDNI:
AND `users`.`deleted_at` IS NULL
 LIMIT 1', [...], false)
 3 SYSTEMPATH\Model.php(267): CodeIgniter\Database\BaseBuilder->get()
 4 SYSTEMPATH\BaseModel.php(656): CodeIgniter\Model->doFirst()
 5 APPPATH\Controllers\Api\V1\UserController.php(68): CodeIgniter\BaseModel->first()
 6 SYSTEMPATH\CodeIgniter.php(934): App\Controllers\Api\V1\UserController->showByRut('6117483')
 7 SYSTEMPATH\CodeIgniter.php(499): CodeIgniter\CodeIgniter->runController(Object(App\Controllers\Api\V1\UserController))
 8 SYSTEMPATH\CodeIgniter.php(368): CodeIgniter\CodeIgniter->handleRequest(null, Object(Config\Cache), false)
 9 FCPATH\index.php(78): CodeIgniter\CodeIgniter->run()
ERROR - 2024-08-30 03:57:25 --> Error connecting to the database: mysqli_sql_exception: No se puede establecer una conexión ya que el equipo de destino denegó expresamente dicha conexión in C:\laragon\www\eztaller\proys\admgescol\back\system\Database\MySQLi\Connection.php:174
Stack trace:
#0 C:\laragon\www\eztaller\proys\admgescol\back\system\Database\MySQLi\Connection.php(174): mysqli->real_connect('localhost', 'root', '', 'gescolcl_adminr...', 3306, '', 0)
#1 C:\laragon\www\eztaller\proys\admgescol\back\system\Database\BaseConnection.php(391): CodeIgniter\Database\MySQLi\Connection->connect(false)
#2 C:\laragon\www\eztaller\proys\admgescol\back\system\Database\BaseConnection.php(573): CodeIgniter\Database\BaseConnection->initialize()
#3 C:\laragon\www\eztaller\proys\admgescol\back\system\Database\BaseBuilder.php(1602): CodeIgniter\Database\BaseConnection->query('SELECT *\nFROM `...', Array, false)
#4 C:\laragon\www\eztaller\proys\admgescol\back\system\Model.php(267): CodeIgniter\Database\BaseBuilder->get()
#5 C:\laragon\www\eztaller\proys\admgescol\back\system\BaseModel.php(656): CodeIgniter\Model->doFirst()
#6 C:\laragon\www\eztaller\proys\admgescol\back\app\Controllers\Api\V1\UserController.php(68): CodeIgniter\BaseModel->first()
#7 C:\laragon\www\eztaller\proys\admgescol\back\system\CodeIgniter.php(934): App\Controllers\Api\V1\UserController->showByRut('6117483')
#8 C:\laragon\www\eztaller\proys\admgescol\back\system\CodeIgniter.php(499): CodeIgniter\CodeIgniter->runController(Object(App\Controllers\Api\V1\UserController))
#9 C:\laragon\www\eztaller\proys\admgescol\back\system\CodeIgniter.php(368): CodeIgniter\CodeIgniter->handleRequest(NULL, Object(Config\Cache), false)
#10 C:\laragon\www\eztaller\proys\admgescol\back\public\index.php(78): CodeIgniter\CodeIgniter->run()
#11 {main}

Next CodeIgniter\Database\Exceptions\DatabaseException: No se puede establecer una conexión ya que el equipo de destino denegó expresamente dicha conexión in C:\laragon\www\eztaller\proys\admgescol\back\system\Database\MySQLi\Connection.php:218
Stack trace:
#0 C:\laragon\www\eztaller\proys\admgescol\back\system\Database\BaseConnection.php(391): CodeIgniter\Database\MySQLi\Connection->connect(false)
#1 C:\laragon\www\eztaller\proys\admgescol\back\system\Database\BaseConnection.php(573): CodeIgniter\Database\BaseConnection->initialize()
#2 C:\laragon\www\eztaller\proys\admgescol\back\system\Database\BaseBuilder.php(1602): CodeIgniter\Database\BaseConnection->query('SELECT *\nFROM `...', Array, false)
#3 C:\laragon\www\eztaller\proys\admgescol\back\system\Model.php(267): CodeIgniter\Database\BaseBuilder->get()
#4 C:\laragon\www\eztaller\proys\admgescol\back\system\BaseModel.php(656): CodeIgniter\Model->doFirst()
#5 C:\laragon\www\eztaller\proys\admgescol\back\app\Controllers\Api\V1\UserController.php(68): CodeIgniter\BaseModel->first()
#6 C:\laragon\www\eztaller\proys\admgescol\back\system\CodeIgniter.php(934): App\Controllers\Api\V1\UserController->showByRut('6117483')
#7 C:\laragon\www\eztaller\proys\admgescol\back\system\CodeIgniter.php(499): CodeIgniter\CodeIgniter->runController(Object(App\Controllers\Api\V1\UserController))
#8 C:\laragon\www\eztaller\proys\admgescol\back\system\CodeIgniter.php(368): CodeIgniter\CodeIgniter->handleRequest(NULL, Object(Config\Cache), false)
#9 C:\laragon\www\eztaller\proys\admgescol\back\public\index.php(78): CodeIgniter\CodeIgniter->run()
#10 {main}
CRITICAL - 2024-08-30 03:57:25 --> Unable to connect to the database.
Main connection [MySQLi]: No se puede establecer una conexión ya que el equipo de destino denegó expresamente dicha conexión
in SYSTEMPATH\Database\BaseConnection.php on line 427.
 1 SYSTEMPATH\Database\BaseConnection.php(573): CodeIgniter\Database\BaseConnection->initialize()
 2 SYSTEMPATH\Database\BaseBuilder.php(1602): CodeIgniter\Database\BaseConnection->query('SELECT *
FROM `users`
WHERE `userDNI` = :userDNI:
AND `users`.`deleted_at` IS NULL
 LIMIT 1', [...], false)
 3 SYSTEMPATH\Model.php(267): CodeIgniter\Database\BaseBuilder->get()
 4 SYSTEMPATH\BaseModel.php(656): CodeIgniter\Model->doFirst()
 5 APPPATH\Controllers\Api\V1\UserController.php(68): CodeIgniter\BaseModel->first()
 6 SYSTEMPATH\CodeIgniter.php(934): App\Controllers\Api\V1\UserController->showByRut('6117483')
 7 SYSTEMPATH\CodeIgniter.php(499): CodeIgniter\CodeIgniter->runController(Object(App\Controllers\Api\V1\UserController))
 8 SYSTEMPATH\CodeIgniter.php(368): CodeIgniter\CodeIgniter->handleRequest(null, Object(Config\Cache), false)
 9 FCPATH\index.php(78): CodeIgniter\CodeIgniter->run()
ERROR - 2024-08-30 04:01:18 --> Error connecting to the database: mysqli_sql_exception: No se puede establecer una conexión ya que el equipo de destino denegó expresamente dicha conexión in C:\laragon\www\eztaller\proys\admgescol\back\system\Database\MySQLi\Connection.php:174
Stack trace:
#0 C:\laragon\www\eztaller\proys\admgescol\back\system\Database\MySQLi\Connection.php(174): mysqli->real_connect('localhost', 'root', '', 'gescolcl_adminr...', 3306, '', 0)
#1 C:\laragon\www\eztaller\proys\admgescol\back\system\Database\BaseConnection.php(391): CodeIgniter\Database\MySQLi\Connection->connect(false)
#2 C:\laragon\www\eztaller\proys\admgescol\back\system\Database\BaseConnection.php(573): CodeIgniter\Database\BaseConnection->initialize()
#3 C:\laragon\www\eztaller\proys\admgescol\back\system\Database\BaseBuilder.php(1602): CodeIgniter\Database\BaseConnection->query('SELECT *\nFROM `...', Array, false)
#4 C:\laragon\www\eztaller\proys\admgescol\back\system\Model.php(267): CodeIgniter\Database\BaseBuilder->get()
#5 C:\laragon\www\eztaller\proys\admgescol\back\system\BaseModel.php(656): CodeIgniter\Model->doFirst()
#6 C:\laragon\www\eztaller\proys\admgescol\back\app\Controllers\Api\V1\UserController.php(68): CodeIgniter\BaseModel->first()
#7 C:\laragon\www\eztaller\proys\admgescol\back\system\CodeIgniter.php(934): App\Controllers\Api\V1\UserController->showByRut('6117483')
#8 C:\laragon\www\eztaller\proys\admgescol\back\system\CodeIgniter.php(499): CodeIgniter\CodeIgniter->runController(Object(App\Controllers\Api\V1\UserController))
#9 C:\laragon\www\eztaller\proys\admgescol\back\system\CodeIgniter.php(368): CodeIgniter\CodeIgniter->handleRequest(NULL, Object(Config\Cache), false)
#10 C:\laragon\www\eztaller\proys\admgescol\back\public\index.php(78): CodeIgniter\CodeIgniter->run()
#11 {main}

Next CodeIgniter\Database\Exceptions\DatabaseException: No se puede establecer una conexión ya que el equipo de destino denegó expresamente dicha conexión in C:\laragon\www\eztaller\proys\admgescol\back\system\Database\MySQLi\Connection.php:218
Stack trace:
#0 C:\laragon\www\eztaller\proys\admgescol\back\system\Database\BaseConnection.php(391): CodeIgniter\Database\MySQLi\Connection->connect(false)
#1 C:\laragon\www\eztaller\proys\admgescol\back\system\Database\BaseConnection.php(573): CodeIgniter\Database\BaseConnection->initialize()
#2 C:\laragon\www\eztaller\proys\admgescol\back\system\Database\BaseBuilder.php(1602): CodeIgniter\Database\BaseConnection->query('SELECT *\nFROM `...', Array, false)
#3 C:\laragon\www\eztaller\proys\admgescol\back\system\Model.php(267): CodeIgniter\Database\BaseBuilder->get()
#4 C:\laragon\www\eztaller\proys\admgescol\back\system\BaseModel.php(656): CodeIgniter\Model->doFirst()
#5 C:\laragon\www\eztaller\proys\admgescol\back\app\Controllers\Api\V1\UserController.php(68): CodeIgniter\BaseModel->first()
#6 C:\laragon\www\eztaller\proys\admgescol\back\system\CodeIgniter.php(934): App\Controllers\Api\V1\UserController->showByRut('6117483')
#7 C:\laragon\www\eztaller\proys\admgescol\back\system\CodeIgniter.php(499): CodeIgniter\CodeIgniter->runController(Object(App\Controllers\Api\V1\UserController))
#8 C:\laragon\www\eztaller\proys\admgescol\back\system\CodeIgniter.php(368): CodeIgniter\CodeIgniter->handleRequest(NULL, Object(Config\Cache), false)
#9 C:\laragon\www\eztaller\proys\admgescol\back\public\index.php(78): CodeIgniter\CodeIgniter->run()
#10 {main}
CRITICAL - 2024-08-30 04:01:18 --> Unable to connect to the database.
Main connection [MySQLi]: No se puede establecer una conexión ya que el equipo de destino denegó expresamente dicha conexión
in SYSTEMPATH\Database\BaseConnection.php on line 427.
 1 SYSTEMPATH\Database\BaseConnection.php(573): CodeIgniter\Database\BaseConnection->initialize()
 2 SYSTEMPATH\Database\BaseBuilder.php(1602): CodeIgniter\Database\BaseConnection->query('SELECT *
FROM `users`
WHERE `userDNI` = :userDNI:
AND `users`.`deleted_at` IS NULL
 LIMIT 1', [...], false)
 3 SYSTEMPATH\Model.php(267): CodeIgniter\Database\BaseBuilder->get()
 4 SYSTEMPATH\BaseModel.php(656): CodeIgniter\Model->doFirst()
 5 APPPATH\Controllers\Api\V1\UserController.php(68): CodeIgniter\BaseModel->first()
 6 SYSTEMPATH\CodeIgniter.php(934): App\Controllers\Api\V1\UserController->showByRut('6117483')
 7 SYSTEMPATH\CodeIgniter.php(499): CodeIgniter\CodeIgniter->runController(Object(App\Controllers\Api\V1\UserController))
 8 SYSTEMPATH\CodeIgniter.php(368): CodeIgniter\CodeIgniter->handleRequest(null, Object(Config\Cache), false)
 9 FCPATH\index.php(78): CodeIgniter\CodeIgniter->run()
CRITICAL - 2024-08-30 04:53:12 --> Undefined property: stdClass::$userEmail
in APPPATH\Controllers\Api\V1\UserController.php on line 249.
 1 APPPATH\Controllers\Api\V1\UserController.php(249): CodeIgniter\Debug\Exceptions->errorHandler(2, 'Undefined property: stdClass::$userEmail', 'APPPATH\\Controllers\\Api\\V1\\UserController.php', 249)
 2 SYSTEMPATH\CodeIgniter.php(934): App\Controllers\Api\V1\UserController->signIn()
 3 SYSTEMPATH\CodeIgniter.php(499): CodeIgniter\CodeIgniter->runController(Object(App\Controllers\Api\V1\UserController))
 4 SYSTEMPATH\CodeIgniter.php(368): CodeIgniter\CodeIgniter->handleRequest(null, Object(Config\Cache), false)
 5 FCPATH\index.php(78): CodeIgniter\CodeIgniter->run()
CRITICAL - 2024-08-30 04:53:43 --> Undefined property: stdClass::$userEmail
in APPPATH\Controllers\Api\V1\UserController.php on line 249.
 1 APPPATH\Controllers\Api\V1\UserController.php(249): CodeIgniter\Debug\Exceptions->errorHandler(2, 'Undefined property: stdClass::$userEmail', 'APPPATH\\Controllers\\Api\\V1\\UserController.php', 249)
 2 SYSTEMPATH\CodeIgniter.php(934): App\Controllers\Api\V1\UserController->signIn()
 3 SYSTEMPATH\CodeIgniter.php(499): CodeIgniter\CodeIgniter->runController(Object(App\Controllers\Api\V1\UserController))
 4 SYSTEMPATH\CodeIgniter.php(368): CodeIgniter\CodeIgniter->handleRequest(null, Object(Config\Cache), false)
 5 FCPATH\index.php(78): CodeIgniter\CodeIgniter->run()
CRITICAL - 2024-08-30 04:54:28 --> Undefined property: stdClass::$userPassword
in APPPATH\Controllers\Api\V1\UserController.php on line 295.
 1 APPPATH\Controllers\Api\V1\UserController.php(295): CodeIgniter\Debug\Exceptions->errorHandler(2, 'Undefined property: stdClass::$userPassword', 'APPPATH\\Controllers\\Api\\V1\\UserController.php', 295)
 2 SYSTEMPATH\CodeIgniter.php(934): App\Controllers\Api\V1\UserController->signInRut()
 3 SYSTEMPATH\CodeIgniter.php(499): CodeIgniter\CodeIgniter->runController(Object(App\Controllers\Api\V1\UserController))
 4 SYSTEMPATH\CodeIgniter.php(368): CodeIgniter\CodeIgniter->handleRequest(null, Object(Config\Cache), false)
 5 FCPATH\index.php(78): CodeIgniter\CodeIgniter->run()
