[03-Jul-2020 21:31:22 America/Santiago] PHP Fatal error:  Uncaught  --> Smarty: Unable to load template 'file:sg_envia_certificado_posi	.tpl' <-- 
  thrown in /home/dominios/gescol.cl/web/80/www.gescol.cl/public_html/arcoiris/sgadministrativo/includes/php/cls_smarty/libs/sysplugins/smarty_internal_template.php on line 195
[04-Oct-2020 16:20:46 America/Santiago] PHP Fatal error:  Uncaught Error: Call to undefined function set_magic_quotes_runtime() in /home/dominios/gescol.cl/web/80/www.gescol.cl/public_html/arcoiris/sgadministrativo/includes/php/fpdf.php:1165
Stack trace:
#0 /home/dominios/gescol.cl/web/80/www.gescol.cl/public_html/arcoiris/sgadministrativo/includes/php/fpdf.php(1339): FPDF->_putfonts()
#1 /home/dominios/gescol.cl/web/80/www.gescol.cl/public_html/arcoiris/sgadministrativo/includes/php/fpdf.php(1402): FPDF->_putresources()
#2 /home/dominios/gescol.cl/web/80/www.gescol.cl/public_html/arcoiris/sgadministrativo/includes/php/fpdf.php(305): FPDF->_enddoc()
#3 /home/dominios/gescol.cl/web/80/www.gescol.cl/public_html/arcoiris/sgadministrativo/includes/php/fpdf.php(998): FPDF->Close()
#4 /home/dominios/gescol.cl/web/80/www.gescol.cl/public_html/arcoiris/sgadministrativo/sitio/sg_comprobante_recibo_dinero.php(785): FPDF->Output()
#5 {main}
  thrown in /home/dominios/gescol.cl/web/80/www.gescol.cl/public_html/arcoiris/sgadministrativo/includes/php/fpdf.php on line 1165
[15-Oct-2020 22:03:07 America/Santiago] PHP Fatal error:  Uncaught Exception: FPDF error: Can't open image file: uploads/firma-sostenedor-ccgg.png in /home/dominios/gescol.cl/web/80/www.gescol.cl/public_html/arcoiris/sgadministrativo/includes/php/fpdf/fpdf.php:271
Stack trace:
#0 /home/dominios/gescol.cl/web/80/www.gescol.cl/public_html/arcoiris/sgadministrativo/includes/php/fpdf/fpdf.php(1261): FPDF->Error('Can't open imag...')
#1 /home/dominios/gescol.cl/web/80/www.gescol.cl/public_html/arcoiris/sgadministrativo/includes/php/fpdf/fpdf.php(885): FPDF->_parsepng('uploads/firma-s...')
#2 /home/dominios/gescol.cl/web/80/www.gescol.cl/public_html/arcoiris/sgadministrativo/sitio/sg_alumnos_imprimir_contrato.php(402): FPDF->Image('uploads/firma-s...', 127, 285, 50)
#3 {main}
  thrown in /home/dominios/gescol.cl/web/80/www.gescol.cl/public_html/arcoiris/sgadministrativo/includes/php/fpdf/fpdf.php on line 271
[15-Oct-2020 22:10:30 America/Santiago] PHP Fatal error:  Uncaught Exception: FPDF error: Some data has already been output, can't send PDF file in /home/dominios/gescol.cl/web/80/www.gescol.cl/public_html/arcoiris/sgadministrativo/includes/php/fpdf/fpdf.php:271
Stack trace:
#0 /home/dominios/gescol.cl/web/80/www.gescol.cl/public_html/arcoiris/sgadministrativo/includes/php/fpdf/fpdf.php(1063): FPDF->Error('Some data has a...')
#1 /home/dominios/gescol.cl/web/80/www.gescol.cl/public_html/arcoiris/sgadministrativo/includes/php/fpdf/fpdf.php(999): FPDF->_checkoutput()
#2 /home/dominios/gescol.cl/web/80/www.gescol.cl/public_html/arcoiris/sgadministrativo/sitio/sg_alumnos_imprimir_contrato.php(422): FPDF->Output()
#3 {main}
  thrown in /home/dominios/gescol.cl/web/80/www.gescol.cl/public_html/arcoiris/sgadministrativo/includes/php/fpdf/fpdf.php on line 271
[16-Oct-2020 14:52:25 America/Halifax] PHP Notice:  Undefined index: xajax_js in /home/dominios/gescol.cl/web/80/www.gescol.cl/public_html/arcoiris/sgadministrativo/smarty/tpl_c/c9c4a7b90199f8f16df855de72979f5ca67777d3_0.file.principal.tpl.php on line 30
[16-Oct-2020 14:52:25 America/Halifax] PHP Notice:  Trying to get property 'value' of non-object in /home/dominios/gescol.cl/web/80/www.gescol.cl/public_html/arcoiris/sgadministrativo/smarty/tpl_c/c9c4a7b90199f8f16df855de72979f5ca67777d3_0.file.principal.tpl.php on line 30
[16-Oct-2020 14:52:25 America/Halifax] PHP Notice:  Undefined index: contador in /home/dominios/gescol.cl/web/80/www.gescol.cl/public_html/arcoiris/sgadministrativo/smarty/tpl_c/c9c4a7b90199f8f16df855de72979f5ca67777d3_0.file.principal.tpl.php on line 48
[16-Oct-2020 14:52:25 America/Halifax] PHP Notice:  Trying to get property 'value' of non-object in /home/dominios/gescol.cl/web/80/www.gescol.cl/public_html/arcoiris/sgadministrativo/smarty/tpl_c/c9c4a7b90199f8f16df855de72979f5ca67777d3_0.file.principal.tpl.php on line 48
[16-Oct-2020 14:52:25 America/Halifax] PHP Notice:  Undefined index: tamano in /home/dominios/gescol.cl/web/80/www.gescol.cl/public_html/arcoiris/sgadministrativo/smarty/tpl_c/c9c4a7b90199f8f16df855de72979f5ca67777d3_0.file.principal.tpl.php on line 54
[16-Oct-2020 14:52:25 America/Halifax] PHP Notice:  Trying to get property 'value' of non-object in /home/dominios/gescol.cl/web/80/www.gescol.cl/public_html/arcoiris/sgadministrativo/smarty/tpl_c/c9c4a7b90199f8f16df855de72979f5ca67777d3_0.file.principal.tpl.php on line 54
[16-Oct-2020 14:52:25 America/Halifax] PHP Notice:  Undefined index: nombre_usuario in /home/dominios/gescol.cl/web/80/www.gescol.cl/public_html/arcoiris/sgadministrativo/smarty/tpl_c/c9c4a7b90199f8f16df855de72979f5ca67777d3_0.file.principal.tpl.php on line 390
[16-Oct-2020 14:52:25 America/Halifax] PHP Notice:  Trying to get property 'value' of non-object in /home/dominios/gescol.cl/web/80/www.gescol.cl/public_html/arcoiris/sgadministrativo/smarty/tpl_c/c9c4a7b90199f8f16df855de72979f5ca67777d3_0.file.principal.tpl.php on line 390
[16-Oct-2020 14:52:25 America/Halifax] PHP Notice:  Undefined index: nombre_usuario in /home/dominios/gescol.cl/web/80/www.gescol.cl/public_html/arcoiris/sgadministrativo/smarty/tpl_c/c9c4a7b90199f8f16df855de72979f5ca67777d3_0.file.principal.tpl.php on line 401
[16-Oct-2020 14:52:25 America/Halifax] PHP Notice:  Trying to get property 'value' of non-object in /home/dominios/gescol.cl/web/80/www.gescol.cl/public_html/arcoiris/sgadministrativo/smarty/tpl_c/c9c4a7b90199f8f16df855de72979f5ca67777d3_0.file.principal.tpl.php on line 401
[16-Oct-2020 14:52:25 America/Halifax] PHP Notice:  Undefined index: anio in /home/dominios/gescol.cl/web/80/www.gescol.cl/public_html/arcoiris/sgadministrativo/smarty/tpl_c/c9c4a7b90199f8f16df855de72979f5ca67777d3_0.file.principal.tpl.php on line 402
[16-Oct-2020 14:52:25 America/Halifax] PHP Notice:  Trying to get property 'value' of non-object in /home/dominios/gescol.cl/web/80/www.gescol.cl/public_html/arcoiris/sgadministrativo/smarty/tpl_c/c9c4a7b90199f8f16df855de72979f5ca67777d3_0.file.principal.tpl.php on line 402
[16-Oct-2020 14:52:25 America/Halifax] PHP Notice:  Undefined index: contador in /home/dominios/gescol.cl/web/80/www.gescol.cl/public_html/arcoiris/sgadministrativo/smarty/tpl_c/c9c4a7b90199f8f16df855de72979f5ca67777d3_0.file.principal.tpl.php on line 412
[16-Oct-2020 14:52:25 America/Halifax] PHP Notice:  Trying to get property 'value' of non-object in /home/dominios/gescol.cl/web/80/www.gescol.cl/public_html/arcoiris/sgadministrativo/smarty/tpl_c/c9c4a7b90199f8f16df855de72979f5ca67777d3_0.file.principal.tpl.php on line 412
[16-Oct-2020 14:52:25 America/Halifax] PHP Notice:  Undefined index: xajax_js in /home/dominios/gescol.cl/web/80/www.gescol.cl/public_html/arcoiris/sgadministrativo/smarty/tpl_c/c9c4a7b90199f8f16df855de72979f5ca67777d3_0.file.principal.tpl.php on line 30
[16-Oct-2020 14:52:25 America/Halifax] PHP Notice:  Trying to get property 'value' of non-object in /home/dominios/gescol.cl/web/80/www.gescol.cl/public_html/arcoiris/sgadministrativo/smarty/tpl_c/c9c4a7b90199f8f16df855de72979f5ca67777d3_0.file.principal.tpl.php on line 30
[16-Oct-2020 14:52:25 America/Halifax] PHP Notice:  Undefined index: contador in /home/dominios/gescol.cl/web/80/www.gescol.cl/public_html/arcoiris/sgadministrativo/smarty/tpl_c/c9c4a7b90199f8f16df855de72979f5ca67777d3_0.file.principal.tpl.php on line 48
[16-Oct-2020 14:52:25 America/Halifax] PHP Notice:  Trying to get property 'value' of non-object in /home/dominios/gescol.cl/web/80/www.gescol.cl/public_html/arcoiris/sgadministrativo/smarty/tpl_c/c9c4a7b90199f8f16df855de72979f5ca67777d3_0.file.principal.tpl.php on line 48
[16-Oct-2020 14:52:25 America/Halifax] PHP Notice:  Undefined index: tamano in /home/dominios/gescol.cl/web/80/www.gescol.cl/public_html/arcoiris/sgadministrativo/smarty/tpl_c/c9c4a7b90199f8f16df855de72979f5ca67777d3_0.file.principal.tpl.php on line 54
[16-Oct-2020 14:52:25 America/Halifax] PHP Notice:  Trying to get property 'value' of non-object in /home/dominios/gescol.cl/web/80/www.gescol.cl/public_html/arcoiris/sgadministrativo/smarty/tpl_c/c9c4a7b90199f8f16df855de72979f5ca67777d3_0.file.principal.tpl.php on line 54
[16-Oct-2020 14:52:25 America/Halifax] PHP Notice:  Undefined index: nombre_usuario in /home/dominios/gescol.cl/web/80/www.gescol.cl/public_html/arcoiris/sgadministrativo/smarty/tpl_c/c9c4a7b90199f8f16df855de72979f5ca67777d3_0.file.principal.tpl.php on line 390
[16-Oct-2020 14:52:25 America/Halifax] PHP Notice:  Trying to get property 'value' of non-object in /home/dominios/gescol.cl/web/80/www.gescol.cl/public_html/arcoiris/sgadministrativo/smarty/tpl_c/c9c4a7b90199f8f16df855de72979f5ca67777d3_0.file.principal.tpl.php on line 390
[16-Oct-2020 14:52:25 America/Halifax] PHP Notice:  Undefined index: nombre_usuario in /home/dominios/gescol.cl/web/80/www.gescol.cl/public_html/arcoiris/sgadministrativo/smarty/tpl_c/c9c4a7b90199f8f16df855de72979f5ca67777d3_0.file.principal.tpl.php on line 401
[16-Oct-2020 14:52:25 America/Halifax] PHP Notice:  Trying to get property 'value' of non-object in /home/dominios/gescol.cl/web/80/www.gescol.cl/public_html/arcoiris/sgadministrativo/smarty/tpl_c/c9c4a7b90199f8f16df855de72979f5ca67777d3_0.file.principal.tpl.php on line 401
[16-Oct-2020 14:52:25 America/Halifax] PHP Notice:  Undefined index: anio in /home/dominios/gescol.cl/web/80/www.gescol.cl/public_html/arcoiris/sgadministrativo/smarty/tpl_c/c9c4a7b90199f8f16df855de72979f5ca67777d3_0.file.principal.tpl.php on line 402
[16-Oct-2020 14:52:25 America/Halifax] PHP Notice:  Trying to get property 'value' of non-object in /home/dominios/gescol.cl/web/80/www.gescol.cl/public_html/arcoiris/sgadministrativo/smarty/tpl_c/c9c4a7b90199f8f16df855de72979f5ca67777d3_0.file.principal.tpl.php on line 402
[16-Oct-2020 14:52:25 America/Halifax] PHP Notice:  Undefined index: contador in /home/dominios/gescol.cl/web/80/www.gescol.cl/public_html/arcoiris/sgadministrativo/smarty/tpl_c/c9c4a7b90199f8f16df855de72979f5ca67777d3_0.file.principal.tpl.php on line 412
[16-Oct-2020 14:52:25 America/Halifax] PHP Notice:  Trying to get property 'value' of non-object in /home/dominios/gescol.cl/web/80/www.gescol.cl/public_html/arcoiris/sgadministrativo/smarty/tpl_c/c9c4a7b90199f8f16df855de72979f5ca67777d3_0.file.principal.tpl.php on line 412
[16-Oct-2020 14:52:25 America/Halifax] PHP Notice:  Undefined index: xajax_js in /home/dominios/gescol.cl/web/80/www.gescol.cl/public_html/arcoiris/sgadministrativo/smarty/tpl_c/c9c4a7b90199f8f16df855de72979f5ca67777d3_0.file.principal.tpl.php on line 30
[16-Oct-2020 14:52:25 America/Halifax] PHP Notice:  Trying to get property 'value' of non-object in /home/dominios/gescol.cl/web/80/www.gescol.cl/public_html/arcoiris/sgadministrativo/smarty/tpl_c/c9c4a7b90199f8f16df855de72979f5ca67777d3_0.file.principal.tpl.php on line 30
[16-Oct-2020 14:52:25 America/Halifax] PHP Notice:  Undefined index: contador in /home/dominios/gescol.cl/web/80/www.gescol.cl/public_html/arcoiris/sgadministrativo/smarty/tpl_c/c9c4a7b90199f8f16df855de72979f5ca67777d3_0.file.principal.tpl.php on line 48
[16-Oct-2020 14:52:25 America/Halifax] PHP Notice:  Trying to get property 'value' of non-object in /home/dominios/gescol.cl/web/80/www.gescol.cl/public_html/arcoiris/sgadministrativo/smarty/tpl_c/c9c4a7b90199f8f16df855de72979f5ca67777d3_0.file.principal.tpl.php on line 48
[16-Oct-2020 14:52:25 America/Halifax] PHP Notice:  Undefined index: tamano in /home/dominios/gescol.cl/web/80/www.gescol.cl/public_html/arcoiris/sgadministrativo/smarty/tpl_c/c9c4a7b90199f8f16df855de72979f5ca67777d3_0.file.principal.tpl.php on line 54
[16-Oct-2020 14:52:25 America/Halifax] PHP Notice:  Trying to get property 'value' of non-object in /home/dominios/gescol.cl/web/80/www.gescol.cl/public_html/arcoiris/sgadministrativo/smarty/tpl_c/c9c4a7b90199f8f16df855de72979f5ca67777d3_0.file.principal.tpl.php on line 54
[16-Oct-2020 14:52:25 America/Halifax] PHP Notice:  Undefined index: nombre_usuario in /home/dominios/gescol.cl/web/80/www.gescol.cl/public_html/arcoiris/sgadministrativo/smarty/tpl_c/c9c4a7b90199f8f16df855de72979f5ca67777d3_0.file.principal.tpl.php on line 390
[16-Oct-2020 14:52:25 America/Halifax] PHP Notice:  Trying to get property 'value' of non-object in /home/dominios/gescol.cl/web/80/www.gescol.cl/public_html/arcoiris/sgadministrativo/smarty/tpl_c/c9c4a7b90199f8f16df855de72979f5ca67777d3_0.file.principal.tpl.php on line 390
[16-Oct-2020 14:52:25 America/Halifax] PHP Notice:  Undefined index: nombre_usuario in /home/dominios/gescol.cl/web/80/www.gescol.cl/public_html/arcoiris/sgadministrativo/smarty/tpl_c/c9c4a7b90199f8f16df855de72979f5ca67777d3_0.file.principal.tpl.php on line 401
[16-Oct-2020 14:52:25 America/Halifax] PHP Notice:  Trying to get property 'value' of non-object in /home/dominios/gescol.cl/web/80/www.gescol.cl/public_html/arcoiris/sgadministrativo/smarty/tpl_c/c9c4a7b90199f8f16df855de72979f5ca67777d3_0.file.principal.tpl.php on line 401
[16-Oct-2020 14:52:25 America/Halifax] PHP Notice:  Undefined index: anio in /home/dominios/gescol.cl/web/80/www.gescol.cl/public_html/arcoiris/sgadministrativo/smarty/tpl_c/c9c4a7b90199f8f16df855de72979f5ca67777d3_0.file.principal.tpl.php on line 402
[16-Oct-2020 14:52:25 America/Halifax] PHP Notice:  Trying to get property 'value' of non-object in /home/dominios/gescol.cl/web/80/www.gescol.cl/public_html/arcoiris/sgadministrativo/smarty/tpl_c/c9c4a7b90199f8f16df855de72979f5ca67777d3_0.file.principal.tpl.php on line 402
[16-Oct-2020 14:52:25 America/Halifax] PHP Notice:  Undefined index: contador in /home/dominios/gescol.cl/web/80/www.gescol.cl/public_html/arcoiris/sgadministrativo/smarty/tpl_c/c9c4a7b90199f8f16df855de72979f5ca67777d3_0.file.principal.tpl.php on line 412
[16-Oct-2020 14:52:25 America/Halifax] PHP Notice:  Trying to get property 'value' of non-object in /home/dominios/gescol.cl/web/80/www.gescol.cl/public_html/arcoiris/sgadministrativo/smarty/tpl_c/c9c4a7b90199f8f16df855de72979f5ca67777d3_0.file.principal.tpl.php on line 412
[16-Oct-2020 14:52:31 America/Halifax] PHP Notice:  Undefined index: xajax_js in /home/dominios/gescol.cl/web/80/www.gescol.cl/public_html/arcoiris/sgadministrativo/smarty/tpl_c/c9c4a7b90199f8f16df855de72979f5ca67777d3_0.file.principal.tpl.php on line 30
[16-Oct-2020 14:52:31 America/Halifax] PHP Notice:  Trying to get property 'value' of non-object in /home/dominios/gescol.cl/web/80/www.gescol.cl/public_html/arcoiris/sgadministrativo/smarty/tpl_c/c9c4a7b90199f8f16df855de72979f5ca67777d3_0.file.principal.tpl.php on line 30
[16-Oct-2020 14:52:31 America/Halifax] PHP Notice:  Undefined index: contador in /home/dominios/gescol.cl/web/80/www.gescol.cl/public_html/arcoiris/sgadministrativo/smarty/tpl_c/c9c4a7b90199f8f16df855de72979f5ca67777d3_0.file.principal.tpl.php on line 48
[16-Oct-2020 14:52:31 America/Halifax] PHP Notice:  Trying to get property 'value' of non-object in /home/dominios/gescol.cl/web/80/www.gescol.cl/public_html/arcoiris/sgadministrativo/smarty/tpl_c/c9c4a7b90199f8f16df855de72979f5ca67777d3_0.file.principal.tpl.php on line 48
[16-Oct-2020 14:52:31 America/Halifax] PHP Notice:  Undefined index: tamano in /home/dominios/gescol.cl/web/80/www.gescol.cl/public_html/arcoiris/sgadministrativo/smarty/tpl_c/c9c4a7b90199f8f16df855de72979f5ca67777d3_0.file.principal.tpl.php on line 54
[16-Oct-2020 14:52:31 America/Halifax] PHP Notice:  Trying to get property 'value' of non-object in /home/dominios/gescol.cl/web/80/www.gescol.cl/public_html/arcoiris/sgadministrativo/smarty/tpl_c/c9c4a7b90199f8f16df855de72979f5ca67777d3_0.file.principal.tpl.php on line 54
[16-Oct-2020 14:52:31 America/Halifax] PHP Notice:  Undefined index: nombre_usuario in /home/dominios/gescol.cl/web/80/www.gescol.cl/public_html/arcoiris/sgadministrativo/smarty/tpl_c/c9c4a7b90199f8f16df855de72979f5ca67777d3_0.file.principal.tpl.php on line 390
[16-Oct-2020 14:52:31 America/Halifax] PHP Notice:  Trying to get property 'value' of non-object in /home/dominios/gescol.cl/web/80/www.gescol.cl/public_html/arcoiris/sgadministrativo/smarty/tpl_c/c9c4a7b90199f8f16df855de72979f5ca67777d3_0.file.principal.tpl.php on line 390
[16-Oct-2020 14:52:31 America/Halifax] PHP Notice:  Undefined index: nombre_usuario in /home/dominios/gescol.cl/web/80/www.gescol.cl/public_html/arcoiris/sgadministrativo/smarty/tpl_c/c9c4a7b90199f8f16df855de72979f5ca67777d3_0.file.principal.tpl.php on line 401
[16-Oct-2020 14:52:31 America/Halifax] PHP Notice:  Trying to get property 'value' of non-object in /home/dominios/gescol.cl/web/80/www.gescol.cl/public_html/arcoiris/sgadministrativo/smarty/tpl_c/c9c4a7b90199f8f16df855de72979f5ca67777d3_0.file.principal.tpl.php on line 401
[16-Oct-2020 14:52:31 America/Halifax] PHP Notice:  Undefined index: anio in /home/dominios/gescol.cl/web/80/www.gescol.cl/public_html/arcoiris/sgadministrativo/smarty/tpl_c/c9c4a7b90199f8f16df855de72979f5ca67777d3_0.file.principal.tpl.php on line 402
[16-Oct-2020 14:52:31 America/Halifax] PHP Notice:  Trying to get property 'value' of non-object in /home/dominios/gescol.cl/web/80/www.gescol.cl/public_html/arcoiris/sgadministrativo/smarty/tpl_c/c9c4a7b90199f8f16df855de72979f5ca67777d3_0.file.principal.tpl.php on line 402
[16-Oct-2020 14:52:31 America/Halifax] PHP Notice:  Undefined index: contador in /home/dominios/gescol.cl/web/80/www.gescol.cl/public_html/arcoiris/sgadministrativo/smarty/tpl_c/c9c4a7b90199f8f16df855de72979f5ca67777d3_0.file.principal.tpl.php on line 412
[16-Oct-2020 14:52:31 America/Halifax] PHP Notice:  Trying to get property 'value' of non-object in /home/dominios/gescol.cl/web/80/www.gescol.cl/public_html/arcoiris/sgadministrativo/smarty/tpl_c/c9c4a7b90199f8f16df855de72979f5ca67777d3_0.file.principal.tpl.php on line 412
[16-Oct-2020 14:58:32 America/Halifax] PHP Notice:  Undefined index: xajax_js in /home/dominios/gescol.cl/web/80/www.gescol.cl/public_html/arcoiris/sgadministrativo/smarty/tpl_c/c9c4a7b90199f8f16df855de72979f5ca67777d3_0.file.principal.tpl.php on line 30
[16-Oct-2020 14:58:32 America/Halifax] PHP Notice:  Trying to get property 'value' of non-object in /home/dominios/gescol.cl/web/80/www.gescol.cl/public_html/arcoiris/sgadministrativo/smarty/tpl_c/c9c4a7b90199f8f16df855de72979f5ca67777d3_0.file.principal.tpl.php on line 30
[16-Oct-2020 14:58:32 America/Halifax] PHP Notice:  Undefined index: contador in /home/dominios/gescol.cl/web/80/www.gescol.cl/public_html/arcoiris/sgadministrativo/smarty/tpl_c/c9c4a7b90199f8f16df855de72979f5ca67777d3_0.file.principal.tpl.php on line 48
[16-Oct-2020 14:58:32 America/Halifax] PHP Notice:  Trying to get property 'value' of non-object in /home/dominios/gescol.cl/web/80/www.gescol.cl/public_html/arcoiris/sgadministrativo/smarty/tpl_c/c9c4a7b90199f8f16df855de72979f5ca67777d3_0.file.principal.tpl.php on line 48
[16-Oct-2020 14:58:32 America/Halifax] PHP Notice:  Undefined index: tamano in /home/dominios/gescol.cl/web/80/www.gescol.cl/public_html/arcoiris/sgadministrativo/smarty/tpl_c/c9c4a7b90199f8f16df855de72979f5ca67777d3_0.file.principal.tpl.php on line 54
[16-Oct-2020 14:58:32 America/Halifax] PHP Notice:  Trying to get property 'value' of non-object in /home/dominios/gescol.cl/web/80/www.gescol.cl/public_html/arcoiris/sgadministrativo/smarty/tpl_c/c9c4a7b90199f8f16df855de72979f5ca67777d3_0.file.principal.tpl.php on line 54
[16-Oct-2020 14:58:32 America/Halifax] PHP Notice:  Undefined index: nombre_usuario in /home/dominios/gescol.cl/web/80/www.gescol.cl/public_html/arcoiris/sgadministrativo/smarty/tpl_c/c9c4a7b90199f8f16df855de72979f5ca67777d3_0.file.principal.tpl.php on line 390
[16-Oct-2020 14:58:32 America/Halifax] PHP Notice:  Trying to get property 'value' of non-object in /home/dominios/gescol.cl/web/80/www.gescol.cl/public_html/arcoiris/sgadministrativo/smarty/tpl_c/c9c4a7b90199f8f16df855de72979f5ca67777d3_0.file.principal.tpl.php on line 390
[16-Oct-2020 14:58:32 America/Halifax] PHP Notice:  Undefined index: nombre_usuario in /home/dominios/gescol.cl/web/80/www.gescol.cl/public_html/arcoiris/sgadministrativo/smarty/tpl_c/c9c4a7b90199f8f16df855de72979f5ca67777d3_0.file.principal.tpl.php on line 401
[16-Oct-2020 14:58:32 America/Halifax] PHP Notice:  Trying to get property 'value' of non-object in /home/dominios/gescol.cl/web/80/www.gescol.cl/public_html/arcoiris/sgadministrativo/smarty/tpl_c/c9c4a7b90199f8f16df855de72979f5ca67777d3_0.file.principal.tpl.php on line 401
[16-Oct-2020 14:58:32 America/Halifax] PHP Notice:  Undefined index: anio in /home/dominios/gescol.cl/web/80/www.gescol.cl/public_html/arcoiris/sgadministrativo/smarty/tpl_c/c9c4a7b90199f8f16df855de72979f5ca67777d3_0.file.principal.tpl.php on line 402
[16-Oct-2020 14:58:32 America/Halifax] PHP Notice:  Trying to get property 'value' of non-object in /home/dominios/gescol.cl/web/80/www.gescol.cl/public_html/arcoiris/sgadministrativo/smarty/tpl_c/c9c4a7b90199f8f16df855de72979f5ca67777d3_0.file.principal.tpl.php on line 402
[16-Oct-2020 14:58:32 America/Halifax] PHP Notice:  Undefined index: contador in /home/dominios/gescol.cl/web/80/www.gescol.cl/public_html/arcoiris/sgadministrativo/smarty/tpl_c/c9c4a7b90199f8f16df855de72979f5ca67777d3_0.file.principal.tpl.php on line 412
[16-Oct-2020 14:58:32 America/Halifax] PHP Notice:  Trying to get property 'value' of non-object in /home/dominios/gescol.cl/web/80/www.gescol.cl/public_html/arcoiris/sgadministrativo/smarty/tpl_c/c9c4a7b90199f8f16df855de72979f5ca67777d3_0.file.principal.tpl.php on line 412
[16-Oct-2020 14:58:32 America/Halifax] PHP Notice:  Undefined index: xajax_js in /home/dominios/gescol.cl/web/80/www.gescol.cl/public_html/arcoiris/sgadministrativo/smarty/tpl_c/c9c4a7b90199f8f16df855de72979f5ca67777d3_0.file.principal.tpl.php on line 30
[16-Oct-2020 14:58:32 America/Halifax] PHP Notice:  Trying to get property 'value' of non-object in /home/dominios/gescol.cl/web/80/www.gescol.cl/public_html/arcoiris/sgadministrativo/smarty/tpl_c/c9c4a7b90199f8f16df855de72979f5ca67777d3_0.file.principal.tpl.php on line 30
[16-Oct-2020 14:58:32 America/Halifax] PHP Notice:  Undefined index: contador in /home/dominios/gescol.cl/web/80/www.gescol.cl/public_html/arcoiris/sgadministrativo/smarty/tpl_c/c9c4a7b90199f8f16df855de72979f5ca67777d3_0.file.principal.tpl.php on line 48
[16-Oct-2020 14:58:32 America/Halifax] PHP Notice:  Trying to get property 'value' of non-object in /home/dominios/gescol.cl/web/80/www.gescol.cl/public_html/arcoiris/sgadministrativo/smarty/tpl_c/c9c4a7b90199f8f16df855de72979f5ca67777d3_0.file.principal.tpl.php on line 48
[16-Oct-2020 14:58:32 America/Halifax] PHP Notice:  Undefined index: tamano in /home/dominios/gescol.cl/web/80/www.gescol.cl/public_html/arcoiris/sgadministrativo/smarty/tpl_c/c9c4a7b90199f8f16df855de72979f5ca67777d3_0.file.principal.tpl.php on line 54
[16-Oct-2020 14:58:32 America/Halifax] PHP Notice:  Trying to get property 'value' of non-object in /home/dominios/gescol.cl/web/80/www.gescol.cl/public_html/arcoiris/sgadministrativo/smarty/tpl_c/c9c4a7b90199f8f16df855de72979f5ca67777d3_0.file.principal.tpl.php on line 54
[16-Oct-2020 14:58:32 America/Halifax] PHP Notice:  Undefined index: nombre_usuario in /home/dominios/gescol.cl/web/80/www.gescol.cl/public_html/arcoiris/sgadministrativo/smarty/tpl_c/c9c4a7b90199f8f16df855de72979f5ca67777d3_0.file.principal.tpl.php on line 390
[16-Oct-2020 14:58:32 America/Halifax] PHP Notice:  Trying to get property 'value' of non-object in /home/dominios/gescol.cl/web/80/www.gescol.cl/public_html/arcoiris/sgadministrativo/smarty/tpl_c/c9c4a7b90199f8f16df855de72979f5ca67777d3_0.file.principal.tpl.php on line 390
[16-Oct-2020 14:58:32 America/Halifax] PHP Notice:  Undefined index: nombre_usuario in /home/dominios/gescol.cl/web/80/www.gescol.cl/public_html/arcoiris/sgadministrativo/smarty/tpl_c/c9c4a7b90199f8f16df855de72979f5ca67777d3_0.file.principal.tpl.php on line 401
[16-Oct-2020 14:58:32 America/Halifax] PHP Notice:  Trying to get property 'value' of non-object in /home/dominios/gescol.cl/web/80/www.gescol.cl/public_html/arcoiris/sgadministrativo/smarty/tpl_c/c9c4a7b90199f8f16df855de72979f5ca67777d3_0.file.principal.tpl.php on line 401
[16-Oct-2020 14:58:32 America/Halifax] PHP Notice:  Undefined index: anio in /home/dominios/gescol.cl/web/80/www.gescol.cl/public_html/arcoiris/sgadministrativo/smarty/tpl_c/c9c4a7b90199f8f16df855de72979f5ca67777d3_0.file.principal.tpl.php on line 402
[16-Oct-2020 14:58:32 America/Halifax] PHP Notice:  Trying to get property 'value' of non-object in /home/dominios/gescol.cl/web/80/www.gescol.cl/public_html/arcoiris/sgadministrativo/smarty/tpl_c/c9c4a7b90199f8f16df855de72979f5ca67777d3_0.file.principal.tpl.php on line 402
[16-Oct-2020 14:58:32 America/Halifax] PHP Notice:  Undefined index: contador in /home/dominios/gescol.cl/web/80/www.gescol.cl/public_html/arcoiris/sgadministrativo/smarty/tpl_c/c9c4a7b90199f8f16df855de72979f5ca67777d3_0.file.principal.tpl.php on line 412
[16-Oct-2020 14:58:32 America/Halifax] PHP Notice:  Trying to get property 'value' of non-object in /home/dominios/gescol.cl/web/80/www.gescol.cl/public_html/arcoiris/sgadministrativo/smarty/tpl_c/c9c4a7b90199f8f16df855de72979f5ca67777d3_0.file.principal.tpl.php on line 412
[16-Oct-2020 14:58:32 America/Halifax] PHP Notice:  Undefined index: xajax_js in /home/dominios/gescol.cl/web/80/www.gescol.cl/public_html/arcoiris/sgadministrativo/smarty/tpl_c/c9c4a7b90199f8f16df855de72979f5ca67777d3_0.file.principal.tpl.php on line 30
[16-Oct-2020 14:58:32 America/Halifax] PHP Notice:  Trying to get property 'value' of non-object in /home/dominios/gescol.cl/web/80/www.gescol.cl/public_html/arcoiris/sgadministrativo/smarty/tpl_c/c9c4a7b90199f8f16df855de72979f5ca67777d3_0.file.principal.tpl.php on line 30
[16-Oct-2020 14:58:32 America/Halifax] PHP Notice:  Undefined index: contador in /home/dominios/gescol.cl/web/80/www.gescol.cl/public_html/arcoiris/sgadministrativo/smarty/tpl_c/c9c4a7b90199f8f16df855de72979f5ca67777d3_0.file.principal.tpl.php on line 48
[16-Oct-2020 14:58:32 America/Halifax] PHP Notice:  Trying to get property 'value' of non-object in /home/dominios/gescol.cl/web/80/www.gescol.cl/public_html/arcoiris/sgadministrativo/smarty/tpl_c/c9c4a7b90199f8f16df855de72979f5ca67777d3_0.file.principal.tpl.php on line 48
[16-Oct-2020 14:58:32 America/Halifax] PHP Notice:  Undefined index: tamano in /home/dominios/gescol.cl/web/80/www.gescol.cl/public_html/arcoiris/sgadministrativo/smarty/tpl_c/c9c4a7b90199f8f16df855de72979f5ca67777d3_0.file.principal.tpl.php on line 54
[16-Oct-2020 14:58:32 America/Halifax] PHP Notice:  Trying to get property 'value' of non-object in /home/dominios/gescol.cl/web/80/www.gescol.cl/public_html/arcoiris/sgadministrativo/smarty/tpl_c/c9c4a7b90199f8f16df855de72979f5ca67777d3_0.file.principal.tpl.php on line 54
[16-Oct-2020 14:58:32 America/Halifax] PHP Notice:  Undefined index: nombre_usuario in /home/dominios/gescol.cl/web/80/www.gescol.cl/public_html/arcoiris/sgadministrativo/smarty/tpl_c/c9c4a7b90199f8f16df855de72979f5ca67777d3_0.file.principal.tpl.php on line 390
[16-Oct-2020 14:58:32 America/Halifax] PHP Notice:  Trying to get property 'value' of non-object in /home/dominios/gescol.cl/web/80/www.gescol.cl/public_html/arcoiris/sgadministrativo/smarty/tpl_c/c9c4a7b90199f8f16df855de72979f5ca67777d3_0.file.principal.tpl.php on line 390
[16-Oct-2020 14:58:32 America/Halifax] PHP Notice:  Undefined index: nombre_usuario in /home/dominios/gescol.cl/web/80/www.gescol.cl/public_html/arcoiris/sgadministrativo/smarty/tpl_c/c9c4a7b90199f8f16df855de72979f5ca67777d3_0.file.principal.tpl.php on line 401
[16-Oct-2020 14:58:32 America/Halifax] PHP Notice:  Trying to get property 'value' of non-object in /home/dominios/gescol.cl/web/80/www.gescol.cl/public_html/arcoiris/sgadministrativo/smarty/tpl_c/c9c4a7b90199f8f16df855de72979f5ca67777d3_0.file.principal.tpl.php on line 401
[16-Oct-2020 14:58:32 America/Halifax] PHP Notice:  Undefined index: anio in /home/dominios/gescol.cl/web/80/www.gescol.cl/public_html/arcoiris/sgadministrativo/smarty/tpl_c/c9c4a7b90199f8f16df855de72979f5ca67777d3_0.file.principal.tpl.php on line 402
[16-Oct-2020 14:58:32 America/Halifax] PHP Notice:  Trying to get property 'value' of non-object in /home/dominios/gescol.cl/web/80/www.gescol.cl/public_html/arcoiris/sgadministrativo/smarty/tpl_c/c9c4a7b90199f8f16df855de72979f5ca67777d3_0.file.principal.tpl.php on line 402
[16-Oct-2020 14:58:32 America/Halifax] PHP Notice:  Undefined index: contador in /home/dominios/gescol.cl/web/80/www.gescol.cl/public_html/arcoiris/sgadministrativo/smarty/tpl_c/c9c4a7b90199f8f16df855de72979f5ca67777d3_0.file.principal.tpl.php on line 412
[16-Oct-2020 14:58:32 America/Halifax] PHP Notice:  Trying to get property 'value' of non-object in /home/dominios/gescol.cl/web/80/www.gescol.cl/public_html/arcoiris/sgadministrativo/smarty/tpl_c/c9c4a7b90199f8f16df855de72979f5ca67777d3_0.file.principal.tpl.php on line 412
[16-Oct-2020 14:59:31 America/Halifax] PHP Notice:  Undefined index: xajax_js in /home/dominios/gescol.cl/web/80/www.gescol.cl/public_html/arcoiris/sgadministrativo/smarty/tpl_c/c9c4a7b90199f8f16df855de72979f5ca67777d3_0.file.principal.tpl.php on line 30
[16-Oct-2020 14:59:31 America/Halifax] PHP Notice:  Trying to get property 'value' of non-object in /home/dominios/gescol.cl/web/80/www.gescol.cl/public_html/arcoiris/sgadministrativo/smarty/tpl_c/c9c4a7b90199f8f16df855de72979f5ca67777d3_0.file.principal.tpl.php on line 30
[16-Oct-2020 14:59:31 America/Halifax] PHP Notice:  Undefined index: contador in /home/dominios/gescol.cl/web/80/www.gescol.cl/public_html/arcoiris/sgadministrativo/smarty/tpl_c/c9c4a7b90199f8f16df855de72979f5ca67777d3_0.file.principal.tpl.php on line 48
[16-Oct-2020 14:59:31 America/Halifax] PHP Notice:  Trying to get property 'value' of non-object in /home/dominios/gescol.cl/web/80/www.gescol.cl/public_html/arcoiris/sgadministrativo/smarty/tpl_c/c9c4a7b90199f8f16df855de72979f5ca67777d3_0.file.principal.tpl.php on line 48
[16-Oct-2020 14:59:31 America/Halifax] PHP Notice:  Undefined index: tamano in /home/dominios/gescol.cl/web/80/www.gescol.cl/public_html/arcoiris/sgadministrativo/smarty/tpl_c/c9c4a7b90199f8f16df855de72979f5ca67777d3_0.file.principal.tpl.php on line 54
[16-Oct-2020 14:59:31 America/Halifax] PHP Notice:  Trying to get property 'value' of non-object in /home/dominios/gescol.cl/web/80/www.gescol.cl/public_html/arcoiris/sgadministrativo/smarty/tpl_c/c9c4a7b90199f8f16df855de72979f5ca67777d3_0.file.principal.tpl.php on line 54
[16-Oct-2020 14:59:31 America/Halifax] PHP Notice:  Undefined index: nombre_usuario in /home/dominios/gescol.cl/web/80/www.gescol.cl/public_html/arcoiris/sgadministrativo/smarty/tpl_c/c9c4a7b90199f8f16df855de72979f5ca67777d3_0.file.principal.tpl.php on line 390
[16-Oct-2020 14:59:31 America/Halifax] PHP Notice:  Trying to get property 'value' of non-object in /home/dominios/gescol.cl/web/80/www.gescol.cl/public_html/arcoiris/sgadministrativo/smarty/tpl_c/c9c4a7b90199f8f16df855de72979f5ca67777d3_0.file.principal.tpl.php on line 390
[16-Oct-2020 14:59:31 America/Halifax] PHP Notice:  Undefined index: nombre_usuario in /home/dominios/gescol.cl/web/80/www.gescol.cl/public_html/arcoiris/sgadministrativo/smarty/tpl_c/c9c4a7b90199f8f16df855de72979f5ca67777d3_0.file.principal.tpl.php on line 401
[16-Oct-2020 14:59:31 America/Halifax] PHP Notice:  Trying to get property 'value' of non-object in /home/dominios/gescol.cl/web/80/www.gescol.cl/public_html/arcoiris/sgadministrativo/smarty/tpl_c/c9c4a7b90199f8f16df855de72979f5ca67777d3_0.file.principal.tpl.php on line 401
[16-Oct-2020 14:59:31 America/Halifax] PHP Notice:  Undefined index: anio in /home/dominios/gescol.cl/web/80/www.gescol.cl/public_html/arcoiris/sgadministrativo/smarty/tpl_c/c9c4a7b90199f8f16df855de72979f5ca67777d3_0.file.principal.tpl.php on line 402
[16-Oct-2020 14:59:31 America/Halifax] PHP Notice:  Trying to get property 'value' of non-object in /home/dominios/gescol.cl/web/80/www.gescol.cl/public_html/arcoiris/sgadministrativo/smarty/tpl_c/c9c4a7b90199f8f16df855de72979f5ca67777d3_0.file.principal.tpl.php on line 402
[16-Oct-2020 14:59:31 America/Halifax] PHP Notice:  Undefined index: contador in /home/dominios/gescol.cl/web/80/www.gescol.cl/public_html/arcoiris/sgadministrativo/smarty/tpl_c/c9c4a7b90199f8f16df855de72979f5ca67777d3_0.file.principal.tpl.php on line 412
[16-Oct-2020 14:59:31 America/Halifax] PHP Notice:  Trying to get property 'value' of non-object in /home/dominios/gescol.cl/web/80/www.gescol.cl/public_html/arcoiris/sgadministrativo/smarty/tpl_c/c9c4a7b90199f8f16df855de72979f5ca67777d3_0.file.principal.tpl.php on line 412
[16-Oct-2020 14:59:31 America/Halifax] PHP Notice:  Undefined index: xajax_js in /home/dominios/gescol.cl/web/80/www.gescol.cl/public_html/arcoiris/sgadministrativo/smarty/tpl_c/c9c4a7b90199f8f16df855de72979f5ca67777d3_0.file.principal.tpl.php on line 30
[16-Oct-2020 14:59:31 America/Halifax] PHP Notice:  Trying to get property 'value' of non-object in /home/dominios/gescol.cl/web/80/www.gescol.cl/public_html/arcoiris/sgadministrativo/smarty/tpl_c/c9c4a7b90199f8f16df855de72979f5ca67777d3_0.file.principal.tpl.php on line 30
[16-Oct-2020 14:59:31 America/Halifax] PHP Notice:  Undefined index: contador in /home/dominios/gescol.cl/web/80/www.gescol.cl/public_html/arcoiris/sgadministrativo/smarty/tpl_c/c9c4a7b90199f8f16df855de72979f5ca67777d3_0.file.principal.tpl.php on line 48
[16-Oct-2020 14:59:31 America/Halifax] PHP Notice:  Trying to get property 'value' of non-object in /home/dominios/gescol.cl/web/80/www.gescol.cl/public_html/arcoiris/sgadministrativo/smarty/tpl_c/c9c4a7b90199f8f16df855de72979f5ca67777d3_0.file.principal.tpl.php on line 48
[16-Oct-2020 14:59:31 America/Halifax] PHP Notice:  Undefined index: tamano in /home/dominios/gescol.cl/web/80/www.gescol.cl/public_html/arcoiris/sgadministrativo/smarty/tpl_c/c9c4a7b90199f8f16df855de72979f5ca67777d3_0.file.principal.tpl.php on line 54
[16-Oct-2020 14:59:31 America/Halifax] PHP Notice:  Trying to get property 'value' of non-object in /home/dominios/gescol.cl/web/80/www.gescol.cl/public_html/arcoiris/sgadministrativo/smarty/tpl_c/c9c4a7b90199f8f16df855de72979f5ca67777d3_0.file.principal.tpl.php on line 54
[16-Oct-2020 14:59:31 America/Halifax] PHP Notice:  Undefined index: nombre_usuario in /home/dominios/gescol.cl/web/80/www.gescol.cl/public_html/arcoiris/sgadministrativo/smarty/tpl_c/c9c4a7b90199f8f16df855de72979f5ca67777d3_0.file.principal.tpl.php on line 390
[16-Oct-2020 14:59:31 America/Halifax] PHP Notice:  Trying to get property 'value' of non-object in /home/dominios/gescol.cl/web/80/www.gescol.cl/public_html/arcoiris/sgadministrativo/smarty/tpl_c/c9c4a7b90199f8f16df855de72979f5ca67777d3_0.file.principal.tpl.php on line 390
[16-Oct-2020 14:59:31 America/Halifax] PHP Notice:  Undefined index: nombre_usuario in /home/dominios/gescol.cl/web/80/www.gescol.cl/public_html/arcoiris/sgadministrativo/smarty/tpl_c/c9c4a7b90199f8f16df855de72979f5ca67777d3_0.file.principal.tpl.php on line 401
[16-Oct-2020 14:59:31 America/Halifax] PHP Notice:  Trying to get property 'value' of non-object in /home/dominios/gescol.cl/web/80/www.gescol.cl/public_html/arcoiris/sgadministrativo/smarty/tpl_c/c9c4a7b90199f8f16df855de72979f5ca67777d3_0.file.principal.tpl.php on line 401
[16-Oct-2020 14:59:31 America/Halifax] PHP Notice:  Undefined index: anio in /home/dominios/gescol.cl/web/80/www.gescol.cl/public_html/arcoiris/sgadministrativo/smarty/tpl_c/c9c4a7b90199f8f16df855de72979f5ca67777d3_0.file.principal.tpl.php on line 402
[16-Oct-2020 14:59:31 America/Halifax] PHP Notice:  Trying to get property 'value' of non-object in /home/dominios/gescol.cl/web/80/www.gescol.cl/public_html/arcoiris/sgadministrativo/smarty/tpl_c/c9c4a7b90199f8f16df855de72979f5ca67777d3_0.file.principal.tpl.php on line 402
[16-Oct-2020 14:59:31 America/Halifax] PHP Notice:  Undefined index: contador in /home/dominios/gescol.cl/web/80/www.gescol.cl/public_html/arcoiris/sgadministrativo/smarty/tpl_c/c9c4a7b90199f8f16df855de72979f5ca67777d3_0.file.principal.tpl.php on line 412
[16-Oct-2020 14:59:31 America/Halifax] PHP Notice:  Trying to get property 'value' of non-object in /home/dominios/gescol.cl/web/80/www.gescol.cl/public_html/arcoiris/sgadministrativo/smarty/tpl_c/c9c4a7b90199f8f16df855de72979f5ca67777d3_0.file.principal.tpl.php on line 412
[16-Oct-2020 14:59:31 America/Halifax] PHP Notice:  Undefined index: xajax_js in /home/dominios/gescol.cl/web/80/www.gescol.cl/public_html/arcoiris/sgadministrativo/smarty/tpl_c/c9c4a7b90199f8f16df855de72979f5ca67777d3_0.file.principal.tpl.php on line 30
[16-Oct-2020 14:59:31 America/Halifax] PHP Notice:  Trying to get property 'value' of non-object in /home/dominios/gescol.cl/web/80/www.gescol.cl/public_html/arcoiris/sgadministrativo/smarty/tpl_c/c9c4a7b90199f8f16df855de72979f5ca67777d3_0.file.principal.tpl.php on line 30
[16-Oct-2020 14:59:31 America/Halifax] PHP Notice:  Undefined index: contador in /home/dominios/gescol.cl/web/80/www.gescol.cl/public_html/arcoiris/sgadministrativo/smarty/tpl_c/c9c4a7b90199f8f16df855de72979f5ca67777d3_0.file.principal.tpl.php on line 48
[16-Oct-2020 14:59:31 America/Halifax] PHP Notice:  Trying to get property 'value' of non-object in /home/dominios/gescol.cl/web/80/www.gescol.cl/public_html/arcoiris/sgadministrativo/smarty/tpl_c/c9c4a7b90199f8f16df855de72979f5ca67777d3_0.file.principal.tpl.php on line 48
[16-Oct-2020 14:59:31 America/Halifax] PHP Notice:  Undefined index: tamano in /home/dominios/gescol.cl/web/80/www.gescol.cl/public_html/arcoiris/sgadministrativo/smarty/tpl_c/c9c4a7b90199f8f16df855de72979f5ca67777d3_0.file.principal.tpl.php on line 54
[16-Oct-2020 14:59:31 America/Halifax] PHP Notice:  Trying to get property 'value' of non-object in /home/dominios/gescol.cl/web/80/www.gescol.cl/public_html/arcoiris/sgadministrativo/smarty/tpl_c/c9c4a7b90199f8f16df855de72979f5ca67777d3_0.file.principal.tpl.php on line 54
[16-Oct-2020 14:59:31 America/Halifax] PHP Notice:  Undefined index: nombre_usuario in /home/dominios/gescol.cl/web/80/www.gescol.cl/public_html/arcoiris/sgadministrativo/smarty/tpl_c/c9c4a7b90199f8f16df855de72979f5ca67777d3_0.file.principal.tpl.php on line 390
[16-Oct-2020 14:59:31 America/Halifax] PHP Notice:  Trying to get property 'value' of non-object in /home/dominios/gescol.cl/web/80/www.gescol.cl/public_html/arcoiris/sgadministrativo/smarty/tpl_c/c9c4a7b90199f8f16df855de72979f5ca67777d3_0.file.principal.tpl.php on line 390
[16-Oct-2020 14:59:31 America/Halifax] PHP Notice:  Undefined index: nombre_usuario in /home/dominios/gescol.cl/web/80/www.gescol.cl/public_html/arcoiris/sgadministrativo/smarty/tpl_c/c9c4a7b90199f8f16df855de72979f5ca67777d3_0.file.principal.tpl.php on line 401
[16-Oct-2020 14:59:31 America/Halifax] PHP Notice:  Trying to get property 'value' of non-object in /home/dominios/gescol.cl/web/80/www.gescol.cl/public_html/arcoiris/sgadministrativo/smarty/tpl_c/c9c4a7b90199f8f16df855de72979f5ca67777d3_0.file.principal.tpl.php on line 401
[16-Oct-2020 14:59:31 America/Halifax] PHP Notice:  Undefined index: anio in /home/dominios/gescol.cl/web/80/www.gescol.cl/public_html/arcoiris/sgadministrativo/smarty/tpl_c/c9c4a7b90199f8f16df855de72979f5ca67777d3_0.file.principal.tpl.php on line 402
[16-Oct-2020 14:59:31 America/Halifax] PHP Notice:  Trying to get property 'value' of non-object in /home/dominios/gescol.cl/web/80/www.gescol.cl/public_html/arcoiris/sgadministrativo/smarty/tpl_c/c9c4a7b90199f8f16df855de72979f5ca67777d3_0.file.principal.tpl.php on line 402
[16-Oct-2020 14:59:31 America/Halifax] PHP Notice:  Undefined index: contador in /home/dominios/gescol.cl/web/80/www.gescol.cl/public_html/arcoiris/sgadministrativo/smarty/tpl_c/c9c4a7b90199f8f16df855de72979f5ca67777d3_0.file.principal.tpl.php on line 412
[16-Oct-2020 14:59:31 America/Halifax] PHP Notice:  Trying to get property 'value' of non-object in /home/dominios/gescol.cl/web/80/www.gescol.cl/public_html/arcoiris/sgadministrativo/smarty/tpl_c/c9c4a7b90199f8f16df855de72979f5ca67777d3_0.file.principal.tpl.php on line 412
[16-Oct-2020 15:00:46 America/Halifax] PHP Notice:  Undefined index: xajax_js in /home/dominios/gescol.cl/web/80/www.gescol.cl/public_html/arcoiris/sgadministrativo/smarty/tpl_c/c9c4a7b90199f8f16df855de72979f5ca67777d3_0.file.principal.tpl.php on line 30
[16-Oct-2020 15:00:46 America/Halifax] PHP Notice:  Trying to get property 'value' of non-object in /home/dominios/gescol.cl/web/80/www.gescol.cl/public_html/arcoiris/sgadministrativo/smarty/tpl_c/c9c4a7b90199f8f16df855de72979f5ca67777d3_0.file.principal.tpl.php on line 30
[16-Oct-2020 15:00:46 America/Halifax] PHP Notice:  Undefined index: contador in /home/dominios/gescol.cl/web/80/www.gescol.cl/public_html/arcoiris/sgadministrativo/smarty/tpl_c/c9c4a7b90199f8f16df855de72979f5ca67777d3_0.file.principal.tpl.php on line 48
[16-Oct-2020 15:00:46 America/Halifax] PHP Notice:  Trying to get property 'value' of non-object in /home/dominios/gescol.cl/web/80/www.gescol.cl/public_html/arcoiris/sgadministrativo/smarty/tpl_c/c9c4a7b90199f8f16df855de72979f5ca67777d3_0.file.principal.tpl.php on line 48
[16-Oct-2020 15:00:46 America/Halifax] PHP Notice:  Undefined index: tamano in /home/dominios/gescol.cl/web/80/www.gescol.cl/public_html/arcoiris/sgadministrativo/smarty/tpl_c/c9c4a7b90199f8f16df855de72979f5ca67777d3_0.file.principal.tpl.php on line 54
[16-Oct-2020 15:00:46 America/Halifax] PHP Notice:  Trying to get property 'value' of non-object in /home/dominios/gescol.cl/web/80/www.gescol.cl/public_html/arcoiris/sgadministrativo/smarty/tpl_c/c9c4a7b90199f8f16df855de72979f5ca67777d3_0.file.principal.tpl.php on line 54
[16-Oct-2020 15:00:46 America/Halifax] PHP Notice:  Undefined index: nombre_usuario in /home/dominios/gescol.cl/web/80/www.gescol.cl/public_html/arcoiris/sgadministrativo/smarty/tpl_c/c9c4a7b90199f8f16df855de72979f5ca67777d3_0.file.principal.tpl.php on line 390
[16-Oct-2020 15:00:46 America/Halifax] PHP Notice:  Trying to get property 'value' of non-object in /home/dominios/gescol.cl/web/80/www.gescol.cl/public_html/arcoiris/sgadministrativo/smarty/tpl_c/c9c4a7b90199f8f16df855de72979f5ca67777d3_0.file.principal.tpl.php on line 390
[16-Oct-2020 15:00:46 America/Halifax] PHP Notice:  Undefined index: nombre_usuario in /home/dominios/gescol.cl/web/80/www.gescol.cl/public_html/arcoiris/sgadministrativo/smarty/tpl_c/c9c4a7b90199f8f16df855de72979f5ca67777d3_0.file.principal.tpl.php on line 401
[16-Oct-2020 15:00:46 America/Halifax] PHP Notice:  Trying to get property 'value' of non-object in /home/dominios/gescol.cl/web/80/www.gescol.cl/public_html/arcoiris/sgadministrativo/smarty/tpl_c/c9c4a7b90199f8f16df855de72979f5ca67777d3_0.file.principal.tpl.php on line 401
[16-Oct-2020 15:00:46 America/Halifax] PHP Notice:  Undefined index: anio in /home/dominios/gescol.cl/web/80/www.gescol.cl/public_html/arcoiris/sgadministrativo/smarty/tpl_c/c9c4a7b90199f8f16df855de72979f5ca67777d3_0.file.principal.tpl.php on line 402
[16-Oct-2020 15:00:46 America/Halifax] PHP Notice:  Trying to get property 'value' of non-object in /home/dominios/gescol.cl/web/80/www.gescol.cl/public_html/arcoiris/sgadministrativo/smarty/tpl_c/c9c4a7b90199f8f16df855de72979f5ca67777d3_0.file.principal.tpl.php on line 402
[16-Oct-2020 15:00:46 America/Halifax] PHP Notice:  Undefined index: contador in /home/dominios/gescol.cl/web/80/www.gescol.cl/public_html/arcoiris/sgadministrativo/smarty/tpl_c/c9c4a7b90199f8f16df855de72979f5ca67777d3_0.file.principal.tpl.php on line 412
[16-Oct-2020 15:00:46 America/Halifax] PHP Notice:  Trying to get property 'value' of non-object in /home/dominios/gescol.cl/web/80/www.gescol.cl/public_html/arcoiris/sgadministrativo/smarty/tpl_c/c9c4a7b90199f8f16df855de72979f5ca67777d3_0.file.principal.tpl.php on line 412
[16-Oct-2020 15:00:46 America/Halifax] PHP Notice:  Undefined index: xajax_js in /home/dominios/gescol.cl/web/80/www.gescol.cl/public_html/arcoiris/sgadministrativo/smarty/tpl_c/c9c4a7b90199f8f16df855de72979f5ca67777d3_0.file.principal.tpl.php on line 30
[16-Oct-2020 15:00:46 America/Halifax] PHP Notice:  Trying to get property 'value' of non-object in /home/dominios/gescol.cl/web/80/www.gescol.cl/public_html/arcoiris/sgadministrativo/smarty/tpl_c/c9c4a7b90199f8f16df855de72979f5ca67777d3_0.file.principal.tpl.php on line 30
[16-Oct-2020 15:00:46 America/Halifax] PHP Notice:  Undefined index: contador in /home/dominios/gescol.cl/web/80/www.gescol.cl/public_html/arcoiris/sgadministrativo/smarty/tpl_c/c9c4a7b90199f8f16df855de72979f5ca67777d3_0.file.principal.tpl.php on line 48
[16-Oct-2020 15:00:46 America/Halifax] PHP Notice:  Trying to get property 'value' of non-object in /home/dominios/gescol.cl/web/80/www.gescol.cl/public_html/arcoiris/sgadministrativo/smarty/tpl_c/c9c4a7b90199f8f16df855de72979f5ca67777d3_0.file.principal.tpl.php on line 48
[16-Oct-2020 15:00:46 America/Halifax] PHP Notice:  Undefined index: tamano in /home/dominios/gescol.cl/web/80/www.gescol.cl/public_html/arcoiris/sgadministrativo/smarty/tpl_c/c9c4a7b90199f8f16df855de72979f5ca67777d3_0.file.principal.tpl.php on line 54
[16-Oct-2020 15:00:46 America/Halifax] PHP Notice:  Trying to get property 'value' of non-object in /home/dominios/gescol.cl/web/80/www.gescol.cl/public_html/arcoiris/sgadministrativo/smarty/tpl_c/c9c4a7b90199f8f16df855de72979f5ca67777d3_0.file.principal.tpl.php on line 54
[16-Oct-2020 15:00:46 America/Halifax] PHP Notice:  Undefined index: nombre_usuario in /home/dominios/gescol.cl/web/80/www.gescol.cl/public_html/arcoiris/sgadministrativo/smarty/tpl_c/c9c4a7b90199f8f16df855de72979f5ca67777d3_0.file.principal.tpl.php on line 390
[16-Oct-2020 15:00:46 America/Halifax] PHP Notice:  Trying to get property 'value' of non-object in /home/dominios/gescol.cl/web/80/www.gescol.cl/public_html/arcoiris/sgadministrativo/smarty/tpl_c/c9c4a7b90199f8f16df855de72979f5ca67777d3_0.file.principal.tpl.php on line 390
[16-Oct-2020 15:00:46 America/Halifax] PHP Notice:  Undefined index: nombre_usuario in /home/dominios/gescol.cl/web/80/www.gescol.cl/public_html/arcoiris/sgadministrativo/smarty/tpl_c/c9c4a7b90199f8f16df855de72979f5ca67777d3_0.file.principal.tpl.php on line 401
[16-Oct-2020 15:00:46 America/Halifax] PHP Notice:  Trying to get property 'value' of non-object in /home/dominios/gescol.cl/web/80/www.gescol.cl/public_html/arcoiris/sgadministrativo/smarty/tpl_c/c9c4a7b90199f8f16df855de72979f5ca67777d3_0.file.principal.tpl.php on line 401
[16-Oct-2020 15:00:46 America/Halifax] PHP Notice:  Undefined index: anio in /home/dominios/gescol.cl/web/80/www.gescol.cl/public_html/arcoiris/sgadministrativo/smarty/tpl_c/c9c4a7b90199f8f16df855de72979f5ca67777d3_0.file.principal.tpl.php on line 402
[16-Oct-2020 15:00:46 America/Halifax] PHP Notice:  Trying to get property 'value' of non-object in /home/dominios/gescol.cl/web/80/www.gescol.cl/public_html/arcoiris/sgadministrativo/smarty/tpl_c/c9c4a7b90199f8f16df855de72979f5ca67777d3_0.file.principal.tpl.php on line 402
[16-Oct-2020 15:00:46 America/Halifax] PHP Notice:  Undefined index: contador in /home/dominios/gescol.cl/web/80/www.gescol.cl/public_html/arcoiris/sgadministrativo/smarty/tpl_c/c9c4a7b90199f8f16df855de72979f5ca67777d3_0.file.principal.tpl.php on line 412
[16-Oct-2020 15:00:46 America/Halifax] PHP Notice:  Trying to get property 'value' of non-object in /home/dominios/gescol.cl/web/80/www.gescol.cl/public_html/arcoiris/sgadministrativo/smarty/tpl_c/c9c4a7b90199f8f16df855de72979f5ca67777d3_0.file.principal.tpl.php on line 412
[16-Oct-2020 15:00:46 America/Halifax] PHP Notice:  Undefined index: xajax_js in /home/dominios/gescol.cl/web/80/www.gescol.cl/public_html/arcoiris/sgadministrativo/smarty/tpl_c/c9c4a7b90199f8f16df855de72979f5ca67777d3_0.file.principal.tpl.php on line 30
[16-Oct-2020 15:00:46 America/Halifax] PHP Notice:  Trying to get property 'value' of non-object in /home/dominios/gescol.cl/web/80/www.gescol.cl/public_html/arcoiris/sgadministrativo/smarty/tpl_c/c9c4a7b90199f8f16df855de72979f5ca67777d3_0.file.principal.tpl.php on line 30
[16-Oct-2020 15:00:46 America/Halifax] PHP Notice:  Undefined index: contador in /home/dominios/gescol.cl/web/80/www.gescol.cl/public_html/arcoiris/sgadministrativo/smarty/tpl_c/c9c4a7b90199f8f16df855de72979f5ca67777d3_0.file.principal.tpl.php on line 48
[16-Oct-2020 15:00:46 America/Halifax] PHP Notice:  Trying to get property 'value' of non-object in /home/dominios/gescol.cl/web/80/www.gescol.cl/public_html/arcoiris/sgadministrativo/smarty/tpl_c/c9c4a7b90199f8f16df855de72979f5ca67777d3_0.file.principal.tpl.php on line 48
[16-Oct-2020 15:00:46 America/Halifax] PHP Notice:  Undefined index: tamano in /home/dominios/gescol.cl/web/80/www.gescol.cl/public_html/arcoiris/sgadministrativo/smarty/tpl_c/c9c4a7b90199f8f16df855de72979f5ca67777d3_0.file.principal.tpl.php on line 54
[16-Oct-2020 15:00:46 America/Halifax] PHP Notice:  Trying to get property 'value' of non-object in /home/dominios/gescol.cl/web/80/www.gescol.cl/public_html/arcoiris/sgadministrativo/smarty/tpl_c/c9c4a7b90199f8f16df855de72979f5ca67777d3_0.file.principal.tpl.php on line 54
[16-Oct-2020 15:00:46 America/Halifax] PHP Notice:  Undefined index: nombre_usuario in /home/dominios/gescol.cl/web/80/www.gescol.cl/public_html/arcoiris/sgadministrativo/smarty/tpl_c/c9c4a7b90199f8f16df855de72979f5ca67777d3_0.file.principal.tpl.php on line 390
[16-Oct-2020 15:00:46 America/Halifax] PHP Notice:  Trying to get property 'value' of non-object in /home/dominios/gescol.cl/web/80/www.gescol.cl/public_html/arcoiris/sgadministrativo/smarty/tpl_c/c9c4a7b90199f8f16df855de72979f5ca67777d3_0.file.principal.tpl.php on line 390
[16-Oct-2020 15:00:46 America/Halifax] PHP Notice:  Undefined index: nombre_usuario in /home/dominios/gescol.cl/web/80/www.gescol.cl/public_html/arcoiris/sgadministrativo/smarty/tpl_c/c9c4a7b90199f8f16df855de72979f5ca67777d3_0.file.principal.tpl.php on line 401
[16-Oct-2020 15:00:46 America/Halifax] PHP Notice:  Trying to get property 'value' of non-object in /home/dominios/gescol.cl/web/80/www.gescol.cl/public_html/arcoiris/sgadministrativo/smarty/tpl_c/c9c4a7b90199f8f16df855de72979f5ca67777d3_0.file.principal.tpl.php on line 401
[16-Oct-2020 15:00:46 America/Halifax] PHP Notice:  Undefined index: anio in /home/dominios/gescol.cl/web/80/www.gescol.cl/public_html/arcoiris/sgadministrativo/smarty/tpl_c/c9c4a7b90199f8f16df855de72979f5ca67777d3_0.file.principal.tpl.php on line 402
[16-Oct-2020 15:00:46 America/Halifax] PHP Notice:  Trying to get property 'value' of non-object in /home/dominios/gescol.cl/web/80/www.gescol.cl/public_html/arcoiris/sgadministrativo/smarty/tpl_c/c9c4a7b90199f8f16df855de72979f5ca67777d3_0.file.principal.tpl.php on line 402
[16-Oct-2020 15:00:46 America/Halifax] PHP Notice:  Undefined index: contador in /home/dominios/gescol.cl/web/80/www.gescol.cl/public_html/arcoiris/sgadministrativo/smarty/tpl_c/c9c4a7b90199f8f16df855de72979f5ca67777d3_0.file.principal.tpl.php on line 412
[16-Oct-2020 15:00:46 America/Halifax] PHP Notice:  Trying to get property 'value' of non-object in /home/dominios/gescol.cl/web/80/www.gescol.cl/public_html/arcoiris/sgadministrativo/smarty/tpl_c/c9c4a7b90199f8f16df855de72979f5ca67777d3_0.file.principal.tpl.php on line 412
